 Read input data
 ...done
 Read velocity distributions from files
           1         255          64
 ...done.
  
-------     1------- k=  0.01000000
 time elapsed:   100.37187700000000     
  
-------     2------- k=  0.03990000
 time elapsed:   46.785384999999991     
  
-------     3------- k=  0.06980000
 time elapsed:   35.404716999999977     
  
-------     4------- k=  0.09970000
 time elapsed:   21.598721999999981     
  
-------     5------- k=  0.12960000
 time elapsed:   18.300426999999985     
  
-------     6------- k=  0.15950000
 time elapsed:   16.833814000000018     
  
-------     7------- k=  0.18940000
 time elapsed:   13.385604000000001     
  
-------     8------- k=  0.21930000
 time elapsed:   11.414876999999990     
  
-------     9------- k=  0.24920000
 time elapsed:   10.893808999999976     
  
-------    10------- k=  0.27910000
 time elapsed:   10.803485999999964     
  
-------    11------- k=  0.30900000
 time elapsed:   9.1085529999999721     
  
-------    12------- k=  0.33890000
 time elapsed:   8.8294379999999819     
  
-------    13------- k=  0.36880000
 time elapsed:   7.6050270000000069     
  
-------    14------- k=  0.39870000
 time elapsed:   7.3226109999999949     
  
-------    15------- k=  0.42860000
 time elapsed:   6.3526390000000106     
  
-------    16------- k=  0.45850000
 time elapsed:   4.8051980000000185     
  
-------    17------- k=  0.48840000
 time elapsed:   4.8352600000000052     
  
-------    18------- k=  0.51830000
 time elapsed:   3.8893300000000295     
  
-------    19------- k=  0.54820000
 time elapsed:   5.0784290000000283     
  
-------    20------- k=  0.57810000
 time elapsed:   2.7661170000000084     
  
-------    21------- k=  0.60800000
 time elapsed:   4.3502530000000093     
  
-------    22------- k=  0.63790000
 time elapsed:   4.7282120000000418     
  
-------    23------- k=  0.66780000
 time elapsed:   3.8428119999999808     
  
-------    24------- k=  0.69770000
Warning: Muller did not converge in 100 steps for roots: 4
 time elapsed:   14.217187000000024     
  
-------    25------- k=  0.72760000
 time elapsed:   3.4029509999999732     
  
-------    26------- k=  0.75750000
 time elapsed:   2.6334449999999947     
  
-------    27------- k=  0.78740000
 time elapsed:   3.4236160000000382     
  
-------    28------- k=  0.81730000
 time elapsed:   3.0918070000000171     
  
-------    29------- k=  0.84720000
 time elapsed:   3.0803080000000023     
  
-------    30------- k=  0.87710000
 time elapsed:   2.8518419999999765     
  
-------    31------- k=  0.90700000
 time elapsed:   4.6868390000000204     
  
-------    32------- k=  0.93690000
 time elapsed:   4.3511560000000031     
  
-------    33------- k=  0.96680000
 time elapsed:   2.7600449999999910     
  
-------    34------- k=  0.99670000
 time elapsed:   2.3886860000000070     
  
-------    35------- k=  1.02660000
 time elapsed:   2.5015580000000455     
  
-------    36------- k=  1.05650000
 time elapsed:   4.0942279999999869     
  
-------    37------- k=  1.08640000
 time elapsed:   4.4335740000000214     
  
-------    38------- k=  1.11630000
 time elapsed:   4.6208020000000261     
  
-------    39------- k=  1.14620000
 time elapsed:   4.7714040000000182     
  
-------    40------- k=  1.17610000
 time elapsed:   3.1914590000000089     
  
-------    41------- k=  1.20600000
 time elapsed:   2.6121770000000311     
  
-------    42------- k=  1.23590000
 time elapsed:   3.1680579999999736     
  
-------    43------- k=  1.26580000
 time elapsed:   2.6271409999999946     
  
-------    44------- k=  1.29570000
 time elapsed:   3.2157530000000065     
  
-------    45------- k=  1.32560000
 time elapsed:   2.6530999999999949     
  
-------    46------- k=  1.35550000
 time elapsed:   3.0651509999999575     
  
-------    47------- k=  1.38540000
 time elapsed:   2.5140289999999936     
  
-------    48------- k=  1.41530000
 time elapsed:   2.9627879999999891     
  
-------    49------- k=  1.44520000
 time elapsed:   2.6470640000000003     
  
-------    50------- k=  1.47510000
 time elapsed:   2.8484409999999798     
  
-------    51------- k=  1.50500000
 time elapsed:   2.5244230000000130     
  
-------    52------- k=  1.53490000
 time elapsed:   2.9690529999999740     
  
-------    53------- k=  1.56480000
 time elapsed:   2.5497970000000123     
  
-------    54------- k=  1.59470000
 time elapsed:   2.9810009999999920     
  
-------    55------- k=  1.62460000
 time elapsed:   2.5207409999999868     
  
-------    56------- k=  1.65450000
 time elapsed:   2.8662850000000049     
  
-------    57------- k=  1.68440000
 time elapsed:   2.5236580000000117     
  
-------    58------- k=  1.71430000
 time elapsed:   3.0204300000000330     
  
-------    59------- k=  1.74420000
 time elapsed:   2.5258770000000368     
  
-------    60------- k=  1.77410000
 time elapsed:   2.8522849999999949     
  
-------    61------- k=  1.80400000
 time elapsed:   2.5057729999999765     
  
-------    62------- k=  1.83390000
 time elapsed:   2.8745470000000068     
  
-------    63------- k=  1.86380000
 time elapsed:   2.5408839999999486     
  
-------    64------- k=  1.89370000
 time elapsed:   2.8568300000000022     
  
-------    65------- k=  1.92360000
 time elapsed:   2.5426440000000525     
  
-------    66------- k=  1.95350000
 time elapsed:   2.7269569999999703     
  
-------    67------- k=  1.98340000
 time elapsed:   2.5038129999999796     
  
-------    68------- k=  2.01330000
 time elapsed:   2.8676130000000057     
  
-------    69------- k=  2.04320000
 time elapsed:   2.5225500000000238     
  
-------    70------- k=  2.07310000
 time elapsed:   2.7513069999999971     
  
-------    71------- k=  2.10300000
 time elapsed:   2.5344650000000684     
  
-------    72------- k=  2.13290000
 time elapsed:   2.7765420000000631     
  
-------    73------- k=  2.16280000
 time elapsed:   2.4993399999999610     
  
-------    74------- k=  2.19270000
 time elapsed:   2.7721149999999852     
  
-------    75------- k=  2.22260000
 time elapsed:   2.5184489999999187     
  
-------    76------- k=  2.25250000
 time elapsed:   2.7387850000000071     
  
-------    77------- k=  2.28240000
 time elapsed:   2.5390009999999847     
  
-------    78------- k=  2.31230000
 time elapsed:   2.7509929999999940     
  
-------    79------- k=  2.34220000
 time elapsed:   2.5335870000000114     
  
-------    80------- k=  2.37210000
 time elapsed:   2.8197999999999865     
  
-------    81------- k=  2.40200000
 time elapsed:   2.5620249999999487     
  
-------    82------- k=  2.43190000
 time elapsed:   2.7760179999999082     
  
-------    83------- k=  2.46180000
 time elapsed:   2.5372859999999946     
  
-------    84------- k=  2.49170000
 time elapsed:   2.7590219999999590     
  
-------    85------- k=  2.52160000
 time elapsed:   2.5508609999999408     
  
-------    86------- k=  2.55150000
 time elapsed:   2.8056539999998904     
  
-------    87------- k=  2.58140000
 time elapsed:   2.5637570000000096     
  
-------    88------- k=  2.61130000
 time elapsed:   2.8099740000000111     
  
-------    89------- k=  2.64120000
 time elapsed:   2.5674790000000485     
  
-------    90------- k=  2.67110000
 time elapsed:   2.7545119999999770     
  
-------    91------- k=  2.70100000
 time elapsed:   2.5112750000000688     
  
-------    92------- k=  2.73090000
 time elapsed:   2.7961290000000645     
  
-------    93------- k=  2.76080000
 time elapsed:   2.5526589999999487     
  
-------    94------- k=  2.79070000
 time elapsed:   2.7847190000001092     
  
-------    95------- k=  2.82060000
 time elapsed:   2.5287759999999935     
  
-------    96------- k=  2.85050000
 time elapsed:   2.7550220000000536     
  
-------    97------- k=  2.88040000
 time elapsed:   2.5713869999999588     
  
-------    98------- k=  2.91030000
 time elapsed:   2.7558769999999413     
  
-------    99------- k=  2.94020000
 time elapsed:   2.5146700000000237     
  
-------   100------- k=  2.97010000
 time elapsed:   2.7839310000000523     

Total time elapsed(s):591.94293300000004  (min): 9.8657155500000009
