 Read input data
 ...done
 Read velocity distributions from files
           1         255          64
 ...done.
  
-------     1------- k=  0.01000000
Warning: Muller did not converge in 100 steps for roots: 3
 time elapsed:   168.22634500000001     
  
-------     2------- k=  0.03990000
 time elapsed:   66.256641999999999     
  
-------     3------- k=  0.06980000
 time elapsed:   48.123066999999963     
  
-------     4------- k=  0.09970000
 time elapsed:   32.979449999999986     
  
-------     5------- k=  0.12960000
 time elapsed:   16.988978000000031     
  
-------     6------- k=  0.15950000
 time elapsed:   18.614000000000033     
  
-------     7------- k=  0.18940000
 time elapsed:   16.515457000000026     
  
-------     8------- k=  0.21930000
 time elapsed:   28.018374999999992     
  
-------     9------- k=  0.24920000
 time elapsed:   33.515603000000056     
  
-------    10------- k=  0.27910000
 time elapsed:   18.869083999999987     
  
-------    11------- k=  0.30900000
 time elapsed:   25.908291000000020     
  
-------    12------- k=  0.33890000
 time elapsed:   27.099393000000020     
  
-------    13------- k=  0.36880000
 time elapsed:   27.998119999999972     
  
-------    14------- k=  0.39870000
 time elapsed:   31.715732000000003     
  
-------    15------- k=  0.42860000
 time elapsed:   29.178402000000006     
  
-------    16------- k=  0.45850000
 time elapsed:   31.988129000000072     
  
-------    17------- k=  0.48840000
 time elapsed:   66.779053999999974     
  
-------    18------- k=  0.51830000
 time elapsed:   42.946115999999961     
  
-------    19------- k=  0.54820000
 time elapsed:   49.702341000000047     
  
-------    20------- k=  0.57810000
 time elapsed:   79.320305999999960     
  
-------    21------- k=  0.60800000
 time elapsed:   51.232061999999928     
  
-------    22------- k=  0.63790000
 time elapsed:   50.849643000000015     
  
-------    23------- k=  0.66780000
 time elapsed:   49.144276999999988     
  
-------    24------- k=  0.69770000
 time elapsed:   64.147767999999928     
  
-------    25------- k=  0.72760000
 time elapsed:   79.617375999999922     
  
-------    26------- k=  0.75750000
 time elapsed:   52.290613000000121     
  
-------    27------- k=  0.78740000
 time elapsed:   35.442894000000024     
  
-------    28------- k=  0.81730000
 time elapsed:   111.27970600000003     
  
-------    29------- k=  0.84720000
 time elapsed:   27.241996999999856     
  
-------    30------- k=  0.87710000
 time elapsed:   26.639108000000078     
  
-------    31------- k=  0.90700000
 time elapsed:   52.960677000000032     
  
-------    32------- k=  0.93690000
 time elapsed:   126.30355199999985     
  
-------    33------- k=  0.96680000
 time elapsed:   53.358975999999984     
  
-------    34------- k=  0.99670000
 time elapsed:   71.165749000000005     
  
-------    35------- k=  1.02660000
 time elapsed:   66.284061999999949     
  
-------    36------- k=  1.05650000
 time elapsed:   31.592813000000206     
  
-------    37------- k=  1.08640000
 time elapsed:   90.017475999999988     
  
-------    38------- k=  1.11630000
 time elapsed:   57.198897999999872     
  
-------    39------- k=  1.14620000
 time elapsed:   72.482901999999967     
  
-------    40------- k=  1.17610000
 time elapsed:   83.136807999999974     
  
-------    41------- k=  1.20600000
 time elapsed:   36.989838999999847     
  
-------    42------- k=  1.23590000
 time elapsed:   79.234504000000015     
  
-------    43------- k=  1.26580000
 time elapsed:   47.202297999999701     
  
-------    44------- k=  1.29570000
 time elapsed:   70.805152999999791     
  
-------    45------- k=  1.32560000
 time elapsed:   54.533640999999989     
  
-------    46------- k=  1.35550000
 time elapsed:   114.28621900000007     
  
-------    47------- k=  1.38540000
 time elapsed:   119.06518799999958     
  
-------    48------- k=  1.41530000
 time elapsed:   90.831126000000040     
  
-------    49------- k=  1.44520000
 time elapsed:   65.105180000000018     
  
-------    50------- k=  1.47510000
 time elapsed:   85.153804999999920     
  
-------    51------- k=  1.50500000
 time elapsed:   123.54067499999974     
  
-------    52------- k=  1.53490000
 time elapsed:   161.23433099999966     
  
-------    53------- k=  1.56480000
 time elapsed:   108.20456999999988     
  
-------    54------- k=  1.59470000
 time elapsed:   41.248227999999926     
  
-------    55------- k=  1.62460000
 time elapsed:   131.94162400000005     
  
-------    56------- k=  1.65450000
 time elapsed:   127.06705099999999     
  
-------    57------- k=  1.68440000
 time elapsed:   174.76218199999994     
  
-------    58------- k=  1.71430000
 time elapsed:   97.687168999999813     
  
-------    59------- k=  1.74420000
 time elapsed:   131.47265100000004     
  
-------    60------- k=  1.77410000
 time elapsed:   346.22417699999960     
  
-------    61------- k=  1.80400000
 time elapsed:   125.62514199999987     
  
-------    62------- k=  1.83390000
Warning: Muller did not converge in 100 steps for roots: 3
 time elapsed:   410.65586299999995     
  
-------    63------- k=  1.86380000
 time elapsed:   178.66123100000004     
  
-------    64------- k=  1.89370000
Warning: Muller did not converge in 100 steps for roots: 3
 time elapsed:   332.71806999999990     
  
-------    65------- k=  1.92360000
 time elapsed:   255.47396599999956     
  
-------    66------- k=  1.95350000
Warning: Muller did not converge in 100 steps for roots: 4
 time elapsed:   454.95629600000029     
  
-------    67------- k=  1.98340000
 time elapsed:   194.86516299999948     
  
-------    68------- k=  2.01330000
 time elapsed:   163.17829199999960     
  
-------    69------- k=  2.04320000
 time elapsed:   221.03854800000045     
  
-------    70------- k=  2.07310000
 time elapsed:   183.22778000000017     
  
-------    71------- k=  2.10300000
Warning: Muller did not converge in 100 steps for roots: 2 3
 time elapsed:   526.25224499999968     
  
-------    72------- k=  2.13290000
 time elapsed:   366.96079399999962     
  
-------    73------- k=  2.16280000
 time elapsed:   341.93023999999969     
  
-------    74------- k=  2.19270000
 time elapsed:   249.82429899999897     
  
-------    75------- k=  2.22260000
 time elapsed:   302.93552099999943     
  
-------    76------- k=  2.25250000
 time elapsed:   390.35577699999885     
  
-------    77------- k=  2.28240000
Warning: Muller did not converge in 100 steps for roots: 2 4
 time elapsed:   544.29312399999981     
  
-------    78------- k=  2.31230000
 time elapsed:   168.17887700000028     
  
-------    79------- k=  2.34220000
Warning: Muller did not converge in 100 steps for roots: 3
 time elapsed:   417.23583099999996     
  
-------    80------- k=  2.37210000
Warning: Muller did not converge in 100 steps for roots: 2
 time elapsed:   579.62990100000025     
  
-------    81------- k=  2.40200000
Warning: Muller did not converge in 100 steps for roots: 3
 time elapsed:   492.68665399999918     
  
-------    82------- k=  2.43190000
 time elapsed:   441.62225399999988     
  
-------    83------- k=  2.46180000
 time elapsed:   209.79201800000010     
  
-------    84------- k=  2.49170000
 time elapsed:   467.95461500000056     
  
-------    85------- k=  2.52160000
 time elapsed:   189.32875500000046     
  
-------    86------- k=  2.55150000
 time elapsed:   304.12313200000062     
  
-------    87------- k=  2.58140000
 time elapsed:   622.24528500000088     
  
-------    88------- k=  2.61130000
 time elapsed:   369.57757800000036     
  
-------    89------- k=  2.64120000
Warning: Muller did not converge in 100 steps for roots: 3
 time elapsed:   818.62456100000054     
  
-------    90------- k=  2.67110000
 time elapsed:   370.73104199999943     
  
-------    91------- k=  2.70100000
 time elapsed:   296.51057000000037     
  
-------    92------- k=  2.73090000
 time elapsed:   307.94696400000066     
  
-------    93------- k=  2.76080000
 time elapsed:   196.82649099999981     
  
-------    94------- k=  2.79070000
 time elapsed:   270.06646499999988     
  
-------    95------- k=  2.82060000
 time elapsed:   242.11661599999934     
  
-------    96------- k=  2.85050000
Warning: Muller did not converge in 100 steps for roots: 3 4
 time elapsed:   784.67896499999915     
  
-------    97------- k=  2.88040000
Warning: Muller did not converge in 100 steps for roots: 2
 time elapsed:   603.28692999999839     
  
-------    98------- k=  2.91030000
 time elapsed:   454.62898300000234     
  
-------    99------- k=  2.94020000
 time elapsed:   243.33044499999960     
  
-------   100------- k=  2.97010000
Warning: Muller did not converge in 100 steps for roots: 4
 time elapsed:   619.37266999999702     

Total time elapsed(s):19033.293418000001  (min): 317.22155696666670
