 Read input data
 ...done
 Read velocity distributions from files
           1         255          64
 ...done.
  
-------     1------- k=  0.01000000
 time elapsed:   33.463397000000001     
  
-------     2------- k=  0.03990000
Warning: Muller did not converge in 100 steps for roots: 3
 time elapsed:   94.147894000000008     
  
-------     3------- k=  0.06980000
 time elapsed:   14.641425999999996     
  
-------     4------- k=  0.09970000
 time elapsed:   47.287722000000002     
  
-------     5------- k=  0.12960000
 time elapsed:   11.448288999999988     
  
-------     6------- k=  0.15950000
 time elapsed:   11.526207999999997     
  
-------     7------- k=  0.18940000
 time elapsed:   30.730198000000001     
  
-------     8------- k=  0.21930000
 time elapsed:   21.695782999999977     
  
-------     9------- k=  0.24920000
 time elapsed:   24.057544000000007     
  
-------    10------- k=  0.27910000
 time elapsed:   24.001137000000028     
  
-------    11------- k=  0.30900000
 time elapsed:   7.9133779999999661     
  
-------    12------- k=  0.33890000
 time elapsed:   6.5656220000000189     
  
-------    13------- k=  0.36880000
 time elapsed:   15.224806999999998     
  
-------    14------- k=  0.39870000
 time elapsed:   17.013271999999972     
  
-------    15------- k=  0.42860000
 time elapsed:   11.845845999999995     
  
-------    16------- k=  0.45850000
 time elapsed:   19.675028999999995     
  
-------    17------- k=  0.48840000
 time elapsed:   10.361329000000012     
  
-------    18------- k=  0.51830000
Warning: Muller did not converge in 100 steps for roots: 3
 time elapsed:   31.850635000000011     
  
-------    19------- k=  0.54820000
 time elapsed:   6.4493309999999724     
  
-------    20------- k=  0.57810000
 time elapsed:   7.8803859999999872     
  
-------    21------- k=  0.60800000
 time elapsed:   8.1379729999999881     
  
-------    22------- k=  0.63790000
 time elapsed:   3.4567759999999907     
  
-------    23------- k=  0.66780000
 time elapsed:   12.083585999999968     
  
-------    24------- k=  0.69770000
 time elapsed:   11.865329000000031     
  
-------    25------- k=  0.72760000
 time elapsed:   8.4132819999999811     
  
-------    26------- k=  0.75750000
 time elapsed:   4.3430769999999939     
  
-------    27------- k=  0.78740000
 time elapsed:   5.5747069999999894     
  
-------    28------- k=  0.81730000
 time elapsed:   4.2413129999999910     
  
-------    29------- k=  0.84720000
 time elapsed:   7.8414480000000140     
  
-------    30------- k=  0.87710000
 time elapsed:   9.6637620000000197     
  
-------    31------- k=  0.90700000
 time elapsed:   10.275856999999974     
  
-------    32------- k=  0.93690000
 time elapsed:   2.6516009999999142     
  
-------    33------- k=  0.96680000
 time elapsed:   8.7522750000000542     
  
-------    34------- k=  0.99670000
 time elapsed:   10.141661999999997     
  
-------    35------- k=  1.02660000
 time elapsed:   12.803071000000045     
  
-------    36------- k=  1.05650000
 time elapsed:   15.244346999999948     
  
-------    37------- k=  1.08640000
 time elapsed:   7.4259710000000041     
  
-------    38------- k=  1.11630000
 time elapsed:   16.007790999999997     
  
-------    39------- k=  1.14620000
 time elapsed:   14.360014999999976     
  
-------    40------- k=  1.17610000
 time elapsed:   7.9850559999999859     
  
-------    41------- k=  1.20600000
 time elapsed:   9.8022680000000264     
  
-------    42------- k=  1.23590000
 time elapsed:   9.2300040000000081     
  
-------    43------- k=  1.26580000
 time elapsed:   7.8183689999999615     
  
-------    44------- k=  1.29570000
 time elapsed:   17.853726000000051     
  
-------    45------- k=  1.32560000
 time elapsed:   22.097444999999993     
  
-------    46------- k=  1.35550000
 time elapsed:   7.9638199999999415     
  
-------    47------- k=  1.38540000
 time elapsed:   21.445641000000023     
  
-------    48------- k=  1.41530000
 time elapsed:   14.207908999999972     
  
-------    49------- k=  1.44520000
 time elapsed:   8.5515330000000631     
  
-------    50------- k=  1.47510000
 time elapsed:   16.226359000000002     
  
-------    51------- k=  1.50500000
 time elapsed:   23.035469000000035     
  
-------    52------- k=  1.53490000
 time elapsed:   3.7268350000000510     
  
-------    53------- k=  1.56480000
 time elapsed:   16.966932999999926     
  
-------    54------- k=  1.59470000
 time elapsed:   9.5172850000000153     
  
-------    55------- k=  1.62460000
 time elapsed:   7.3163590000000340     
  
-------    56------- k=  1.65450000
 time elapsed:   16.499075999999945     
  
-------    57------- k=  1.68440000
 time elapsed:   17.981353000000013     
  
-------    58------- k=  1.71430000
 time elapsed:   4.9216750000000502     
  
-------    59------- k=  1.74420000
 time elapsed:   13.188815999999974     
  
-------    60------- k=  1.77410000
 time elapsed:   25.982156000000032     
  
-------    61------- k=  1.80400000
 time elapsed:   10.785077999999999     
  
-------    62------- k=  1.83390000
 time elapsed:   35.776582999999960     
  
-------    63------- k=  1.86380000
 time elapsed:   20.523973999999953     
  
-------    64------- k=  1.89370000
 time elapsed:   9.9573459999999159     
  
-------    65------- k=  1.92360000
 time elapsed:   28.825202999999988     
  
-------    66------- k=  1.95350000
 time elapsed:   22.577696000000060     
  
-------    67------- k=  1.98340000
 time elapsed:   4.3767219999999725     
  
-------    68------- k=  2.01330000
 time elapsed:   21.655183000000079     
  
-------    69------- k=  2.04320000
 time elapsed:   11.435603999999785     
  
-------    70------- k=  2.07310000
 time elapsed:   5.1863570000000436     
  
-------    71------- k=  2.10300000
 time elapsed:   11.093197999999802     
  
-------    72------- k=  2.13290000
 time elapsed:   11.125324000000091     
  
-------    73------- k=  2.16280000
 time elapsed:   5.5682079999999132     
  
-------    74------- k=  2.19270000
 time elapsed:   22.004888000000165     
  
-------    75------- k=  2.22260000
 time elapsed:   20.114473000000089     
  
-------    76------- k=  2.25250000
 time elapsed:   10.815078000000085     
  
-------    77------- k=  2.28240000
 time elapsed:   22.711583000000019     
  
-------    78------- k=  2.31230000
 time elapsed:   19.144091000000117     
  
-------    79------- k=  2.34220000
 time elapsed:   26.247576999999865     
  
-------    80------- k=  2.37210000
 time elapsed:   25.871275000000196     
  
-------    81------- k=  2.40200000
 time elapsed:   30.763011000000006     
  
-------    82------- k=  2.43190000
 time elapsed:   5.6507209999999759     
  
-------    83------- k=  2.46180000
 time elapsed:   16.979815000000144     
  
-------    84------- k=  2.49170000
 time elapsed:   17.377498999999943     
  
-------    85------- k=  2.52160000
 time elapsed:   6.8624090000000706     
  
-------    86------- k=  2.55150000
 time elapsed:   13.000414999999975     
  
-------    87------- k=  2.58140000
 time elapsed:   13.488072999999986     
  
-------    88------- k=  2.61130000
 time elapsed:   6.6167860000000474     
  
-------    89------- k=  2.64120000
 time elapsed:   13.667210999999952     
  
-------    90------- k=  2.67110000
 time elapsed:   14.188870000000179     
  
-------    91------- k=  2.70100000
 time elapsed:   7.0209649999999328     
  
-------    92------- k=  2.73090000
 time elapsed:   13.661909000000151     
  
-------    93------- k=  2.76080000
 time elapsed:   24.008898999999928     
  
-------    94------- k=  2.79070000
 time elapsed:   12.434355999999980     
  
-------    95------- k=  2.82060000
 time elapsed:   23.804041000000097     
  
-------    96------- k=  2.85050000
 time elapsed:   37.370472999999947     
  
-------    97------- k=  2.88040000
 time elapsed:   14.446219999999812     
  
-------    98------- k=  2.91030000
 time elapsed:   41.866698999999926     
  
-------    99------- k=  2.94020000
 time elapsed:   32.667014999999992     
  
-------   100------- k=  2.97010000
 time elapsed:   21.814557000000150     

Total time elapsed(s):1616.9830489999999  (min): 26.949717483333334
