 Read input data
 ...done
 Read velocity distributions from files
           1         255          64
 ...done.
  
-------     1------- k=  0.01000000
 time elapsed:   85.111667999999995     
  
-------     2------- k=  0.03990000
 time elapsed:   41.146700999999993     
  
-------     3------- k=  0.06980000
 time elapsed:   33.994317000000009     
  
-------     4------- k=  0.09970000
 time elapsed:   69.557651000000021     
  
-------     5------- k=  0.12960000
 time elapsed:   40.431614999999965     
  
-------     6------- k=  0.15950000
 time elapsed:   35.187281000000041     
  
-------     7------- k=  0.18940000
 time elapsed:   11.255152999999950     
  
-------     8------- k=  0.21930000
 time elapsed:   58.464586999999995     
  
-------     9------- k=  0.24920000
 time elapsed:   9.9988630000000285     
  
-------    10------- k=  0.27910000
 time elapsed:   10.743151000000012     
  
-------    11------- k=  0.30900000
 time elapsed:   14.287865000000011     
  
-------    12------- k=  0.33890000
 time elapsed:   11.435588999999993     
  
-------    13------- k=  0.36880000
 time elapsed:   30.475399999999979     
  
-------    14------- k=  0.39870000
 time elapsed:   9.1244209999999839     
  
-------    15------- k=  0.42860000
 time elapsed:   9.8083799999999997     
  
-------    16------- k=  0.45850000
 time elapsed:   27.433394000000021     
  
-------    17------- k=  0.48840000
 time elapsed:   24.194877999999960     
  
-------    18------- k=  0.51830000
 time elapsed:   9.9859350000000404     
  
-------    19------- k=  0.54820000
 time elapsed:   25.390748000000031     
  
-------    20------- k=  0.57810000
 time elapsed:   21.679079000000002     
  
-------    21------- k=  0.60800000
 time elapsed:   16.833202999999912     
  
-------    22------- k=  0.63790000
 time elapsed:   21.954182000000060     
  
-------    23------- k=  0.66780000
 time elapsed:   34.477305000000001     
  
-------    24------- k=  0.69770000
 time elapsed:   19.837560999999937     
  
-------    25------- k=  0.72760000
 time elapsed:   10.430485000000090     
  
-------    26------- k=  0.75750000
 time elapsed:   32.679913999999940     
  
-------    27------- k=  0.78740000
 time elapsed:   36.226806000000010     
  
-------    28------- k=  0.81730000
 time elapsed:   20.935264999999958     
  
-------    29------- k=  0.84720000
 time elapsed:   10.264624000000026     
  
-------    30------- k=  0.87710000
 time elapsed:   23.535424000000035     
  
-------    31------- k=  0.90700000
 time elapsed:   23.204202000000009     
  
-------    32------- k=  0.93690000
 time elapsed:   29.913912999999980     
  
-------    33------- k=  0.96680000
 time elapsed:   8.6295890000000099     
  
-------    34------- k=  0.99670000
 time elapsed:   25.540925000000016     
  
-------    35------- k=  1.02660000
 time elapsed:   28.096572000000037     
  
-------    36------- k=  1.05650000
 time elapsed:   8.8080509999999776     
  
-------    37------- k=  1.08640000
 time elapsed:   19.492531999999983     
  
-------    38------- k=  1.11630000
 time elapsed:   16.068221999999992     
  
-------    39------- k=  1.14620000
 time elapsed:   18.609396000000061     
  
-------    40------- k=  1.17610000
 time elapsed:   7.2319960000000947     
  
-------    41------- k=  1.20600000
 time elapsed:   23.350865999999996     
  
-------    42------- k=  1.23590000
 time elapsed:   36.321705999999949     
  
-------    43------- k=  1.26580000
 time elapsed:   16.917284999999993     
  
-------    44------- k=  1.29570000
 time elapsed:   49.920028000000002     
  
-------    45------- k=  1.32560000
 time elapsed:   16.359676999999920     
  
-------    46------- k=  1.35550000
 time elapsed:   27.201440999999932     
  
-------    47------- k=  1.38540000
 time elapsed:   16.099570000000085     
  
-------    48------- k=  1.41530000
 time elapsed:   17.510755999999901     
  
-------    49------- k=  1.44520000
 time elapsed:   18.834828000000016     
  
-------    50------- k=  1.47510000
 time elapsed:   26.931880999999976     
