 Read input data
 ...done
 Read velocity distributions from files
           1         255          64
 ...done.
  
-------     1------- k=  0.01000000
 time elapsed:   48.435034999999999     
  
-------     2------- k=  0.03990000
 time elapsed:   17.250175999999996     
  
-------     3------- k=  0.06980000
 time elapsed:   17.687139000000002     
  
-------     4------- k=  0.09970000
 time elapsed:   11.726967000000002     
  
-------     5------- k=  0.12960000
 time elapsed:   11.388117999999992     
  
-------     6------- k=  0.15950000
 time elapsed:   11.007562999999990     
  
-------     7------- k=  0.18940000
 time elapsed:   10.884966000000020     
  
-------     8------- k=  0.21930000
 time elapsed:   10.864903999999996     
  
-------     9------- k=  0.24920000
 time elapsed:   10.958308999999986     
  
-------    10------- k=  0.27910000
 time elapsed:   11.026999999999987     
  
-------    11------- k=  0.30900000
 time elapsed:   11.056415000000015     
  
-------    12------- k=  0.33890000
 time elapsed:   11.036303000000004     
  
-------    13------- k=  0.36880000
 time elapsed:   11.155647999999985     
  
-------    14------- k=  0.39870000
 time elapsed:   13.044782999999995     
  
-------    15------- k=  0.42860000
 time elapsed:   13.066557999999986     
  
-------    16------- k=  0.45850000
 time elapsed:   13.081270000000018     
  
-------    17------- k=  0.48840000
 time elapsed:   13.144526999999982     
  
-------    18------- k=  0.51830000
 time elapsed:   13.337907000000001     
  
-------    19------- k=  0.54820000
 time elapsed:   13.347803999999996     
  
-------    20------- k=  0.57810000
 time elapsed:   13.385269999999991     
  
-------    21------- k=  0.60800000
 time elapsed:   15.349579000000006     
  
-------    22------- k=  0.63790000
 time elapsed:   15.422132999999974     
  
-------    23------- k=  0.66780000
 time elapsed:   15.437608000000012     
  
-------    24------- k=  0.69770000
 time elapsed:   15.382690000000025     
  
-------    25------- k=  0.72760000
 time elapsed:   15.577590999999984     
  
-------    26------- k=  0.75750000
 time elapsed:   15.883819999999957     
  
-------    27------- k=  0.78740000
 time elapsed:   17.030036999999993     
  
-------    28------- k=  0.81730000
 time elapsed:   19.333007000000009     
  
-------    29------- k=  0.84720000
 time elapsed:   20.075424999999996     
  
-------    30------- k=  0.87710000
 time elapsed:   20.216596999999979     
  
-------    31------- k=  0.90700000
 time elapsed:   20.323824999999999     
  
-------    32------- k=  0.93690000
 time elapsed:   20.516112000000021     
  
-------    33------- k=  0.96680000
 time elapsed:   21.272948999999983     
  
-------    34------- k=  0.99670000
 time elapsed:   22.693131999999991     
  
-------    35------- k=  1.02660000
 time elapsed:   22.796731000000023     
  
-------    36------- k=  1.05650000
 time elapsed:   22.953580999999986     
  
-------    37------- k=  1.08640000
 time elapsed:   23.153962999999976     
  
-------    38------- k=  1.11630000
 time elapsed:   23.341589999999997     
  
-------    39------- k=  1.14620000
 time elapsed:   23.975598999999988     
  
-------    40------- k=  1.17610000
 time elapsed:   35.485569000000055     
  
-------    41------- k=  1.20600000
 time elapsed:   27.300250000000005     
  
-------    42------- k=  1.23590000
 time elapsed:   26.796089999999936     
  
-------    43------- k=  1.26580000
 time elapsed:   24.640706000000023     
  
-------    44------- k=  1.29570000
 time elapsed:   24.887342999999987     
  
-------    45------- k=  1.32560000
 time elapsed:   27.054766999999970     
  
-------    46------- k=  1.35550000
 time elapsed:   23.470305000000053     
  
-------    47------- k=  1.38540000
 time elapsed:   23.652768000000037     
  
-------    48------- k=  1.41530000
 time elapsed:   25.620920999999953     
  
-------    49------- k=  1.44520000
 time elapsed:   26.928625000000011     
  
-------    50------- k=  1.47510000
 time elapsed:   30.477915000000053     
