 Read input data
 ...done
 Read velocity distributions from files
           1         255          64
 ...done.
  
-------     1------- k=  0.01000000
 time elapsed:   101.93640600000001     
  
-------     2------- k=  0.03990000
 time elapsed:   62.269876000000011     
  
-------     3------- k=  0.06980000
 time elapsed:   52.185963999999984     
  
-------     4------- k=  0.09970000
 time elapsed:   30.903683999999998     
  
-------     5------- k=  0.12960000
 time elapsed:   13.765087000000022     
  
-------     6------- k=  0.15950000
 time elapsed:   40.382186000000047     
  
-------     7------- k=  0.18940000
 time elapsed:   52.477556000000050     
  
-------     8------- k=  0.21930000
 time elapsed:   27.806344000000024     
  
-------     9------- k=  0.24920000
 time elapsed:   35.789109999999994     
  
-------    10------- k=  0.27910000
 time elapsed:   14.444899000000021     
  
-------    11------- k=  0.30900000
 time elapsed:   11.971772999999985     
  
-------    12------- k=  0.33890000
 time elapsed:   22.642629999999997     
  
-------    13------- k=  0.36880000
 time elapsed:   17.855636000000004     
  
-------    14------- k=  0.39870000
 time elapsed:   28.582876999999996     
  
-------    15------- k=  0.42860000
 time elapsed:   28.596772999999985     
  
-------    16------- k=  0.45850000
 time elapsed:   14.367323999999940     
  
-------    17------- k=  0.48840000
 time elapsed:   44.252455000000054     
  
-------    18------- k=  0.51830000
 time elapsed:   31.065561000000002     
  
-------    19------- k=  0.54820000
 time elapsed:   31.181106999999997     
  
-------    20------- k=  0.57810000
 time elapsed:   39.456998999999996     
  
-------    21------- k=  0.60800000
 time elapsed:   55.974706999999967     
  
-------    22------- k=  0.63790000
 time elapsed:   29.038046000000008     
  
-------    23------- k=  0.66780000
 time elapsed:   30.441867999999999     
  
-------    24------- k=  0.69770000
 time elapsed:   50.938195000000064     
  
-------    25------- k=  0.72760000
 time elapsed:   62.090387999999962     
  
-------    26------- k=  0.75750000
 time elapsed:   37.122112000000016     
  
-------    27------- k=  0.78740000
 time elapsed:   59.846259000000032     
  
-------    28------- k=  0.81730000
 time elapsed:   36.831412000000000     
  
-------    29------- k=  0.84720000
 time elapsed:   43.902967999999873     
  
-------    30------- k=  0.87710000
 time elapsed:   45.355015999999978     
  
-------    31------- k=  0.90700000
 time elapsed:   44.010439000000133     
  
-------    32------- k=  0.93690000
 time elapsed:   88.910799999999881     
  
-------    33------- k=  0.96680000
 time elapsed:   42.400003000000197     
  
-------    34------- k=  0.99670000
 time elapsed:   37.464730999999801     
  
-------    35------- k=  1.02660000
 time elapsed:   24.337965000000167     
  
-------    36------- k=  1.05650000
 time elapsed:   51.636966999999913     
  
-------    37------- k=  1.08640000
 time elapsed:   36.738393999999971     
  
-------    38------- k=  1.11630000
 time elapsed:   35.106937999999900     
  
-------    39------- k=  1.14620000
 time elapsed:   33.554529999999886     
  
-------    40------- k=  1.17610000
 time elapsed:   83.957030000000032     
  
-------    41------- k=  1.20600000
 time elapsed:   63.126774000000069     
  
-------    42------- k=  1.23590000
 time elapsed:   47.631146999999828     
  
-------    43------- k=  1.26580000
 time elapsed:   53.880965999999944     
  
-------    44------- k=  1.29570000
 time elapsed:   52.071197999999868     
  
-------    45------- k=  1.32560000
 time elapsed:   54.379553999999871     
  
-------    46------- k=  1.35550000
 time elapsed:   43.132528999999977     
  
-------    47------- k=  1.38540000
 time elapsed:   34.287635000000137     
  
-------    48------- k=  1.41530000
 time elapsed:   71.673324000000093     
  
-------    49------- k=  1.44520000
 time elapsed:   84.576149999999870     
  
-------    50------- k=  1.47510000
 time elapsed:   63.893607999999858     
