 Read input data
 ...done
 Read velocity distributions from files
           1         255          64
 ...done.
  
-------     1------- k=  0.01000000
 time elapsed:   104.70343900000000     
  
-------     2------- k=  0.03990000
 time elapsed:   44.686798000000010     
  
-------     3------- k=  0.06980000
 time elapsed:   36.040176000000002     
  
-------     4------- k=  0.09970000
 time elapsed:   21.070317000000017     
  
-------     5------- k=  0.12960000
 time elapsed:   41.860800000000012     
  
-------     6------- k=  0.15950000
 time elapsed:   11.731702000000013     
  
-------     7------- k=  0.18940000
 time elapsed:   11.141770000000008     
  
-------     8------- k=  0.21930000
 time elapsed:   33.248853999999994     
  
-------     9------- k=  0.24920000
 time elapsed:   11.417309999999986     
  
-------    10------- k=  0.27910000
 time elapsed:   29.081569000000002     
  
-------    11------- k=  0.30900000
 time elapsed:   29.864423999999985     
  
-------    12------- k=  0.33890000
 time elapsed:   11.766746000000012     
  
-------    13------- k=  0.36880000
 time elapsed:   30.450023999999985     
  
-------    14------- k=  0.39870000
 time elapsed:   35.794365999999968     
  
-------    15------- k=  0.42860000
 time elapsed:   13.475148999999988     
  
-------    16------- k=  0.45850000
 time elapsed:   21.368621999999959     
  
-------    17------- k=  0.48840000
 time elapsed:   31.487006000000008     
  
-------    18------- k=  0.51830000
 time elapsed:   26.586169000000041     
  
-------    19------- k=  0.54820000
 time elapsed:   37.595188000000007     
  
-------    20------- k=  0.57810000
 time elapsed:   13.517513000000008     
  
-------    21------- k=  0.60800000
 time elapsed:   22.080603999999994     
  
-------    22------- k=  0.63790000
 time elapsed:   34.012776999999915     
  
-------    23------- k=  0.66780000
 time elapsed:   30.050178000000074     
  
-------    24------- k=  0.69770000
 time elapsed:   14.997890999999981     
  
-------    25------- k=  0.72760000
 time elapsed:   59.571801000000050     
  
-------    26------- k=  0.75750000
 time elapsed:   39.713662999999997     
  
-------    27------- k=  0.78740000
 time elapsed:   45.016267999999968     
  
-------    28------- k=  0.81730000
 time elapsed:   73.778487000000041     
  
-------    29------- k=  0.84720000
 time elapsed:   62.102034000000003     
  
-------    30------- k=  0.87710000
 time elapsed:   18.898534999999924     
  
-------    31------- k=  0.90700000
 time elapsed:   112.28652000000011     
  
-------    32------- k=  0.93690000
 time elapsed:   17.971950999999990     
  
-------    33------- k=  0.96680000
 time elapsed:   16.676011000000017     
  
-------    34------- k=  0.99670000
 time elapsed:   19.589940999999953     
  
-------    35------- k=  1.02660000
 time elapsed:   21.720990000000029     
  
-------    36------- k=  1.05650000
Warning: Muller did not converge in 100 steps for roots: 3
 time elapsed:   161.58159200000000     
  
-------    37------- k=  1.08640000
 time elapsed:   24.164134999999987     
  
-------    38------- k=  1.11630000
 time elapsed:   62.840685000000121     
  
-------    39------- k=  1.14620000
 time elapsed:   66.441637000000128     
  
-------    40------- k=  1.17610000
 time elapsed:   28.018008000000009     
  
-------    41------- k=  1.20600000
 time elapsed:   112.03812799999992     
  
-------    42------- k=  1.23590000
 time elapsed:   27.467622000000119     
  
-------    43------- k=  1.26580000
 time elapsed:   99.508874999999989     
  
-------    44------- k=  1.29570000
 time elapsed:   27.716060000000198     
  
-------    45------- k=  1.32560000
 time elapsed:   34.590682000000015     
  
-------    46------- k=  1.35550000
 time elapsed:   38.144194999999854     
  
-------    47------- k=  1.38540000
 time elapsed:   27.709681000000046     
  
-------    48------- k=  1.41530000
 time elapsed:   83.496741999999813     
  
-------    49------- k=  1.44520000
 time elapsed:   64.724220000000059     
  
-------    50------- k=  1.47510000
