 Read input data
 ...done
 Read velocity distributions from files
           1         255          64
 ...done.
  
-------     1------- k=  0.01000000
 time elapsed:   123.15530600000001     
  
-------     2------- k=  0.03990000
 time elapsed:   40.672546999999994     
  
-------     3------- k=  0.06980000
 time elapsed:   45.072857999999997     
  
-------     4------- k=  0.09970000
 time elapsed:   17.710047000000003     
  
-------     5------- k=  0.12960000
 time elapsed:   53.006183000000021     
  
-------     6------- k=  0.15950000
 time elapsed:   16.732019000000037     
  
-------     7------- k=  0.18940000
 time elapsed:   15.338940000000036     
  
-------     8------- k=  0.21930000
 time elapsed:   14.288391999999988     
  
-------     9------- k=  0.24920000
 time elapsed:   19.454083999999966     
  
-------    10------- k=  0.27910000
 time elapsed:   16.706401999999969     
  
-------    11------- k=  0.30900000
 time elapsed:   17.780892999999992     
  
-------    12------- k=  0.33890000
 time elapsed:   33.019170999999972     
  
-------    13------- k=  0.36880000
 time elapsed:   12.215758999999991     
  
-------    14------- k=  0.39870000
 time elapsed:   10.780019000000038     
  
-------    15------- k=  0.42860000
 time elapsed:   20.948663000000010     
  
-------    16------- k=  0.45850000
 time elapsed:   16.960238000000004     
  
-------    17------- k=  0.48840000
 time elapsed:   19.906022000000007     
  
-------    18------- k=  0.51830000
 time elapsed:   36.081672999999967     
  
-------    19------- k=  0.54820000
 time elapsed:   20.457629999999995     
  
-------    20------- k=  0.57810000
 time elapsed:   11.552069999999958     
  
-------    21------- k=  0.60800000
 time elapsed:   21.272974999999974     
  
-------    22------- k=  0.63790000
 time elapsed:   24.936843000000067     
  
-------    23------- k=  0.66780000
 time elapsed:   20.224934999999959     
  
-------    24------- k=  0.69770000
 time elapsed:   27.746619000000010     
  
-------    25------- k=  0.72760000
 time elapsed:   16.972853999999984     
  
-------    26------- k=  0.75750000
 time elapsed:   33.575680000000034     
  
-------    27------- k=  0.78740000
 time elapsed:   30.117043000000081     
  
-------    28------- k=  0.81730000
 time elapsed:   20.509289999999964     
  
-------    29------- k=  0.84720000
 time elapsed:   30.344953999999916     
  
-------    30------- k=  0.87710000
 time elapsed:   28.107446999999979     
  
-------    31------- k=  0.90700000
 time elapsed:   34.460207999999966     
  
-------    32------- k=  0.93690000
 time elapsed:   27.942135000000007     
  
-------    33------- k=  0.96680000
 time elapsed:   26.965798000000063     
  
-------    34------- k=  0.99670000
 time elapsed:   24.511482000000001     
  
-------    35------- k=  1.02660000
 time elapsed:   29.877102000000036     
  
-------    36------- k=  1.05650000
 time elapsed:   18.721843000000035     
  
-------    37------- k=  1.08640000
 time elapsed:   33.086294999999950     
  
-------    38------- k=  1.11630000
 time elapsed:   26.046842999999967     
  
-------    39------- k=  1.14620000
 time elapsed:   22.748027000000093     
  
-------    40------- k=  1.17610000
 time elapsed:   26.973263999999972     
  
-------    41------- k=  1.20600000
 time elapsed:   29.585779000000002     
  
-------    42------- k=  1.23590000
 time elapsed:   22.369353000000046     
  
-------    43------- k=  1.26580000
 time elapsed:   32.306344999999965     
  
-------    44------- k=  1.29570000
 time elapsed:   31.463310000000092     
  
-------    45------- k=  1.32560000
 time elapsed:   22.254523999999947     
  
-------    46------- k=  1.35550000
 time elapsed:   35.854311999999936     
  
-------    47------- k=  1.38540000
 time elapsed:   24.547292999999854     
  
-------    48------- k=  1.41530000
 time elapsed:   30.839243000000124     
  
-------    49------- k=  1.44520000
 time elapsed:   28.458335999999917     
  
-------    50------- k=  1.47510000
 time elapsed:   33.641796999999997     
  
-------    51------- k=  1.50500000
 time elapsed:   29.752019000000018     
  
-------    52------- k=  1.53490000
 time elapsed:   29.610046000000011     
  
-------    53------- k=  1.56480000
 time elapsed:   38.109543000000031     
  
-------    54------- k=  1.59470000
 time elapsed:   27.893585999999914     
  
-------    55------- k=  1.62460000
 time elapsed:   34.571392999999944     
  
-------    56------- k=  1.65450000
 time elapsed:   41.638637000000017     
  
-------    57------- k=  1.68440000
 time elapsed:   32.124880000000076     
  
-------    58------- k=  1.71430000
 time elapsed:   32.653810000000021     
  
-------    59------- k=  1.74420000
 time elapsed:   34.448525999999902     
  
-------    60------- k=  1.77410000
 time elapsed:   31.186906000000135     
  
-------    61------- k=  1.80400000
 time elapsed:   36.034726999999975     
  
-------    62------- k=  1.83390000
 time elapsed:   47.239095000000134     
  
-------    63------- k=  1.86380000
 time elapsed:   45.566197999999986     
  
-------    64------- k=  1.89370000
 time elapsed:   37.918488000000025     
  
-------    65------- k=  1.92360000
 time elapsed:   44.447275999999874     
  
-------    66------- k=  1.95350000
 time elapsed:   32.707644000000073     
  
-------    67------- k=  1.98340000
 time elapsed:   39.549393000000009     
  
-------    68------- k=  2.01330000
 time elapsed:   40.236593999999968     
  
-------    69------- k=  2.04320000
 time elapsed:   43.524452000000110     
  
-------    70------- k=  2.07310000
 time elapsed:   40.044532999999774     
  
-------    71------- k=  2.10300000
 time elapsed:   41.966840999999931     
  
-------    72------- k=  2.13290000
 time elapsed:   44.205187999999907     
  
-------    73------- k=  2.16280000
 time elapsed:   43.937748000000283     
  
-------    74------- k=  2.19270000
 time elapsed:   49.838727000000290     
  
-------    75------- k=  2.22260000
 time elapsed:   40.196194999999989     
  
-------    76------- k=  2.25250000
 time elapsed:   37.997209000000112     
  
-------    77------- k=  2.28240000
 time elapsed:   45.089269999999942     
  
-------    78------- k=  2.31230000
 time elapsed:   43.551840999999968     
  
-------    79------- k=  2.34220000
 time elapsed:   47.817806000000019     
  
-------    80------- k=  2.37210000
 time elapsed:   51.300300000000334     
  
-------    81------- k=  2.40200000
 time elapsed:   42.985736999999972     
  
-------    82------- k=  2.43190000
 time elapsed:   56.273471999999856     
  
-------    83------- k=  2.46180000
 time elapsed:   49.179712999999992     
  
-------    84------- k=  2.49170000
 time elapsed:   69.182412999999997     
  
-------    85------- k=  2.52160000
 time elapsed:   49.565475999999762     
  
-------    86------- k=  2.55150000
 time elapsed:   51.689828999999918     
  
-------    87------- k=  2.58140000
 time elapsed:   47.771594000000277     
  
-------    88------- k=  2.61130000
 time elapsed:   53.057938999999806     
  
-------    89------- k=  2.64120000
 time elapsed:   49.848672999999962     
  
-------    90------- k=  2.67110000
 time elapsed:   45.595026999999845     
  
-------    91------- k=  2.70100000
 time elapsed:   57.426367000000027     
  
-------    92------- k=  2.73090000
 time elapsed:   66.475056999999651     
  
-------    93------- k=  2.76080000
 time elapsed:   53.963324000000284     
  
-------    94------- k=  2.79070000
 time elapsed:   60.764036000000033     
  
-------    95------- k=  2.82060000
 time elapsed:   57.668173999999908     
  
-------    96------- k=  2.85050000
 time elapsed:   56.935445999999956     
  
-------    97------- k=  2.88040000
 time elapsed:   57.897934000000078     
  
-------    98------- k=  2.91030000
 time elapsed:   59.704807999999957     
  
-------    99------- k=  2.94020000
 time elapsed:   49.477942999999868     
  
-------   100------- k=  2.97010000
 time elapsed:   55.013051999999789     

Total time elapsed(s):3654.0598099999997  (min): 60.900996833333330
