 Read input data
 ...done
 Read velocity distributions from files
           1         255          64
 ...done.
  
-------     1------- k=  0.01000000
 time elapsed:   129.78509299999999     
  
-------     2------- k=  0.01299000
 time elapsed:   61.318543000000005     
  
-------     3------- k=  0.01598000
 time elapsed:   55.357012999999995     
  
-------     4------- k=  0.01897000
 time elapsed:   20.356708999999995     
  
-------     5------- k=  0.02196000
 time elapsed:   23.012951999999984     
  
-------     6------- k=  0.02495000
 time elapsed:   21.812527999999986     
  
-------     7------- k=  0.02794000
 time elapsed:   40.206961999999976     
  
-------     8------- k=  0.03093000
 time elapsed:   22.534246999999993     
  
-------     9------- k=  0.03392000
 time elapsed:   57.224048999999980     
  
-------    10------- k=  0.03691000
 time elapsed:   29.110564000000011     
  
-------    11------- k=  0.03990000
 time elapsed:   28.013461999999947     
  
-------    12------- k=  0.04289000
 time elapsed:   37.071087000000034     
  
-------    13------- k=  0.04588000
 time elapsed:   46.824721000000068     
  
-------    14------- k=  0.04887000
 time elapsed:   26.273470999999972     
  
-------    15------- k=  0.05186000
 time elapsed:   14.379639000000111     
  
-------    16------- k=  0.05485000
 time elapsed:   40.054506999999944     
  
-------    17------- k=  0.05784000
 time elapsed:   43.493505000000027     
  
-------    18------- k=  0.06083000
 time elapsed:   25.500940000000014     
  
-------    19------- k=  0.06382000
 time elapsed:   43.761596000000054     
  
-------    20------- k=  0.06681000
 time elapsed:   67.000989000000004     
  
-------    21------- k=  0.06980000
 time elapsed:   66.827455999999984     
  
-------    22------- k=  0.07279000
 time elapsed:   30.193849999999998     
  
-------    23------- k=  0.07578000
 time elapsed:   69.302167999999938     
  
-------    24------- k=  0.07877000
 time elapsed:   36.694097999999940     
  
-------    25------- k=  0.08176000
 time elapsed:   49.400092999999970     
  
-------    26------- k=  0.08475000
 time elapsed:   35.071359000000029     
  
-------    27------- k=  0.08774000
 time elapsed:   34.304463999999825     
  
-------    28------- k=  0.09073000
 time elapsed:   38.006796000000122     
  
-------    29------- k=  0.09372000
 time elapsed:   28.710837000000083     
  
-------    30------- k=  0.09671000
 time elapsed:   68.452850000000126     
  
-------    31------- k=  0.09970000
 time elapsed:   39.266955999999936     
  
-------    32------- k=  0.10269000
 time elapsed:   35.114233000000013     
  
-------    33------- k=  0.10568000
 time elapsed:   63.352171999999882     
  
-------    34------- k=  0.10867000
 time elapsed:   59.113843999999972     
  
-------    35------- k=  0.11166000
 time elapsed:   49.224168999999847     
  
-------    36------- k=  0.11465000
 time elapsed:   27.647607999999991     
  
-------    37------- k=  0.11764000
 time elapsed:   46.438684999999850     
  
-------    38------- k=  0.12063000
 time elapsed:   54.506530000000112     
  
-------    39------- k=  0.12362000
 time elapsed:   62.288753999999926     
  
-------    40------- k=  0.12661000
 time elapsed:   29.134152999999969     
  
-------    41------- k=  0.12960000
 time elapsed:   41.901084999999966     
  
-------    42------- k=  0.13259000
 time elapsed:   26.224862000000030     
  
-------    43------- k=  0.13558000
 time elapsed:   60.995249000000058     
  
-------    44------- k=  0.13857000
 time elapsed:   68.183166000000028     
  
-------    45------- k=  0.14156000
 time elapsed:   16.363718999999946     
  
-------    46------- k=  0.14455000
 time elapsed:   41.910560999999916     
  
-------    47------- k=  0.14754000
 time elapsed:   59.029809999999998     
  
-------    48------- k=  0.15053000
 time elapsed:   46.300425999999788     
  
-------    49------- k=  0.15352000
 time elapsed:   27.760502999999972     
  
-------    50------- k=  0.15651000
 time elapsed:   36.206822000000102     
  
-------    51------- k=  0.15950000
 time elapsed:   30.793593000000328     
  
-------    52------- k=  0.16249000
 time elapsed:   44.770658999999796     
  
-------    53------- k=  0.16548000
 time elapsed:   45.178962999999840     
  
-------    54------- k=  0.16847000
 time elapsed:   38.798463000000083     
  
-------    55------- k=  0.17146000
 time elapsed:   16.024803000000247     
  
-------    56------- k=  0.17445000
 time elapsed:   17.167461000000003     
  
-------    57------- k=  0.17744000
 time elapsed:   57.484696999999869     
  
-------    58------- k=  0.18043000
 time elapsed:   63.217728999999963     
  
-------    59------- k=  0.18342000
 time elapsed:   74.707767999999760     
  
-------    60------- k=  0.18641000
 time elapsed:   58.908413000000110     
  
-------    61------- k=  0.18940000
 time elapsed:   28.133268999999927     
  
-------    62------- k=  0.19239000
 time elapsed:   54.650677000000087     
  
-------    63------- k=  0.19538000
 time elapsed:   51.923520999999710     
  
-------    64------- k=  0.19837000
 time elapsed:   31.779606999999942     
  
-------    65------- k=  0.20136000
 time elapsed:   17.130284000000302     
  
-------    66------- k=  0.20435000
 time elapsed:   31.701583000000028     
  
-------    67------- k=  0.20734000
 time elapsed:   15.326221999999689     
  
-------    68------- k=  0.21033000
 time elapsed:   65.943721000000096     
  
-------    69------- k=  0.21332000
 time elapsed:   24.968719999999848     
  
-------    70------- k=  0.21631000
 time elapsed:   15.536523999999645     
  
-------    71------- k=  0.21930000
 time elapsed:   49.522481999999854     
  
-------    72------- k=  0.22229000
 time elapsed:   32.873268999999709     
  
-------    73------- k=  0.22528000
 time elapsed:   29.894444000000021     
  
-------    74------- k=  0.22827000
 time elapsed:   50.290879000000132     
  
-------    75------- k=  0.23126000
 time elapsed:   78.082429999999931     
  
-------    76------- k=  0.23425000
 time elapsed:   31.012840999999753     
  
-------    77------- k=  0.23724000
 time elapsed:   23.390253999999914     
  
-------    78------- k=  0.24023000
 time elapsed:   28.899799000000257     
  
-------    79------- k=  0.24322000
 time elapsed:   40.726758000000245     
  
-------    80------- k=  0.24621000
 time elapsed:   30.716634000000340     
  
-------    81------- k=  0.24920000
 time elapsed:   36.145544999999856     
  
-------    82------- k=  0.25219000
 time elapsed:   48.232070999999905     
  
-------    83------- k=  0.25518000
 time elapsed:   39.796291000000110     
  
-------    84------- k=  0.25817000
 time elapsed:   27.179873999999927     
  
-------    85------- k=  0.26116000
 time elapsed:   51.816968999999972     
  
-------    86------- k=  0.26415000
 time elapsed:   39.958131000000321     
  
-------    87------- k=  0.26714000
 time elapsed:   27.753647000000001     
  
-------    88------- k=  0.27013000
 time elapsed:   44.762686999999914     
  
-------    89------- k=  0.27312000
 time elapsed:   33.275014000000283     
  
-------    90------- k=  0.27611000
 time elapsed:   32.646596000000045     
  
-------    91------- k=  0.27910000
 time elapsed:   31.536698999999771     
  
-------    92------- k=  0.28209000
 time elapsed:   47.417151999999987     
  
-------    93------- k=  0.28508000
 time elapsed:   31.483103999999912     
  
-------    94------- k=  0.28807000
 time elapsed:   42.278541000000132     
  
-------    95------- k=  0.29106000
 time elapsed:   38.057409000000007     
  
-------    96------- k=  0.29405000
 time elapsed:   50.091117999999824     
  
-------    97------- k=  0.29704000
 time elapsed:   62.812796000000162     
  
-------    98------- k=  0.30003000
 time elapsed:   71.499842000000172     
  
-------    99------- k=  0.30302000
 time elapsed:   33.190195000000131     
  
-------   100------- k=  0.30601000
 time elapsed:   14.216764000000694     
  
-------   101------- k=  0.30900000
 time elapsed:   29.512300000000323     
  
-------   102------- k=  0.31199000
 time elapsed:   31.364372000000003     
  
-------   103------- k=  0.31498000
 time elapsed:   15.918682000000445     
  
-------   104------- k=  0.31797000
 time elapsed:   29.404043999999885     
  
-------   105------- k=  0.32096000
 time elapsed:   30.677181000000019     
  
-------   106------- k=  0.32395000
 time elapsed:   60.567900999999438     
  
-------   107------- k=  0.32694000
 time elapsed:   44.103459999999359     
  
-------   108------- k=  0.32993000
 time elapsed:   61.577851999999439     
  
-------   109------- k=  0.33292000
 time elapsed:   52.825851999999941     
  
-------   110------- k=  0.33591000
 time elapsed:   12.303891000000476     
  
-------   111------- k=  0.33890000
 time elapsed:   42.909117000000151     
  
-------   112------- k=  0.34189000
Warning: Muller did not converge in 100 steps for roots: 5
 time elapsed:   78.366154000000279     
  
-------   113------- k=  0.34488000
 time elapsed:   60.293047999999544     
  
-------   114------- k=  0.34787000
 time elapsed:   14.160184000000299     
  
-------   115------- k=  0.35086000
 time elapsed:   63.336958999999297     
  
-------   116------- k=  0.35385000
 time elapsed:   51.025800999999774     
  
-------   117------- k=  0.35684000
 time elapsed:   25.246551000000181     
  
-------   118------- k=  0.35983000
 time elapsed:   27.677725999999893     
  
-------   119------- k=  0.36282000
 time elapsed:   36.351767000000109     
  
-------   120------- k=  0.36581000
 time elapsed:   85.835761000000275     
  
-------   121------- k=  0.36880000
 time elapsed:   24.069117999999435     
  
-------   122------- k=  0.37179000
 time elapsed:   43.158459999999650     
  
-------   123------- k=  0.37478000
 time elapsed:   39.628279999999904     
  
-------   124------- k=  0.37777000
 time elapsed:   27.867524000000230     
  
-------   125------- k=  0.38076000
 time elapsed:   42.066125999999713     
  
-------   126------- k=  0.38375000
 time elapsed:   68.989486000000397     
  
-------   127------- k=  0.38674000
 time elapsed:   28.439730000000054     
  
-------   128------- k=  0.38973000
 time elapsed:   43.499436000000060     
  
-------   129------- k=  0.39272000
 time elapsed:   39.413144000000102     
  
-------   130------- k=  0.39571000
 time elapsed:   15.804889999999432     
  
-------   131------- k=  0.39870000
 time elapsed:   46.192055000000437     
  
-------   132------- k=  0.40169000
 time elapsed:   26.138708999999835     
  
-------   133------- k=  0.40468000
 time elapsed:   34.587074000000030     
  
-------   134------- k=  0.40767000
 time elapsed:   44.202118000000155     
  
-------   135------- k=  0.41066000
 time elapsed:   51.100075999999717     
  
-------   136------- k=  0.41365000
 time elapsed:   22.711262000000715     
  
-------   137------- k=  0.41664000
 time elapsed:   26.403991000000133     
  
-------   138------- k=  0.41963000
 time elapsed:   40.124596000000565     
  
-------   139------- k=  0.42262000
 time elapsed:   38.369453999999678     
  
-------   140------- k=  0.42561000
 time elapsed:   29.040102999999363     
  
-------   141------- k=  0.42860000
 time elapsed:   41.538954999999987     
  
-------   142------- k=  0.43159000
 time elapsed:   70.731719000000339     
  
-------   143------- k=  0.43458000
 time elapsed:   39.085655999999290     
  
-------   144------- k=  0.43757000
 time elapsed:   40.799850000000333     
  
-------   145------- k=  0.44056000
 time elapsed:   45.525830000000497     
  
-------   146------- k=  0.44355000
 time elapsed:   36.860884000000624     
  
-------   147------- k=  0.44654000
 time elapsed:   29.995396999999684     
  
-------   148------- k=  0.44953000
 time elapsed:   41.230244000000312     
  
-------   149------- k=  0.45252000
 time elapsed:   63.729277999999795     
  
-------   150------- k=  0.45551000
 time elapsed:   49.760459000000083     
  
-------   151------- k=  0.45850000
 time elapsed:   32.897624000000178     
  
-------   152------- k=  0.46149000
 time elapsed:   30.159614000000147     
  
-------   153------- k=  0.46448000
 time elapsed:   43.795887000000221     
  
-------   154------- k=  0.46747000
 time elapsed:   46.390526999999565     
  
-------   155------- k=  0.47046000
 time elapsed:   31.671174000000065     
  
-------   156------- k=  0.47345000
 time elapsed:   52.831319999999323     
  
-------   157------- k=  0.47644000
 time elapsed:   29.696496999999908     
  
-------   158------- k=  0.47943000
 time elapsed:   33.026170000000093     
  
-------   159------- k=  0.48242000
 time elapsed:   30.983992000000399     
  
-------   160------- k=  0.48541000
 time elapsed:   42.668376000000535     
  
-------   161------- k=  0.48840000
 time elapsed:   46.728325000000041     
  
-------   162------- k=  0.49139000
 time elapsed:   81.498027999999977     
  
-------   163------- k=  0.49438000
 time elapsed:   41.245683000000099     
  
-------   164------- k=  0.49737000
 time elapsed:   31.510057999999844     
  
-------   165------- k=  0.50036000
 time elapsed:   49.902852999999595     
  
-------   166------- k=  0.50335000
 time elapsed:   34.226439000000028     
  
-------   167------- k=  0.50634000
 time elapsed:   56.365281000000323     
  
-------   168------- k=  0.50933000
 time elapsed:   44.020852999999988     
  
-------   169------- k=  0.51232000
 time elapsed:   26.379700999999841     
  
-------   170------- k=  0.51531000
 time elapsed:   42.898288999999750     
  
-------   171------- k=  0.51830000
 time elapsed:   37.447038999999677     
  
-------   172------- k=  0.52129000
 time elapsed:   36.683844999999565     
  
-------   173------- k=  0.52428000
 time elapsed:   63.959894999999960     
  
-------   174------- k=  0.52727000
 time elapsed:   26.953521999999793     
  
-------   175------- k=  0.53026000
 time elapsed:   56.060242999999900     
  
-------   176------- k=  0.53325000
 time elapsed:   53.458266999999978     
  
-------   177------- k=  0.53624000
 time elapsed:   58.694827000000259     
  
-------   178------- k=  0.53923000
 time elapsed:   45.414144999999735     
  
-------   179------- k=  0.54222000
 time elapsed:   79.598890999999639     
  
-------   180------- k=  0.54521000
 time elapsed:   56.115262999999686     
  
-------   181------- k=  0.54820000
 time elapsed:   43.616207999999460     
  
-------   182------- k=  0.55119000
 time elapsed:   40.647004000000379     
  
-------   183------- k=  0.55418000
 time elapsed:   53.272422000000006     
  
-------   184------- k=  0.55717000
 time elapsed:   73.646776999999929     
  
-------   185------- k=  0.56016000
 time elapsed:   74.822658000000047     
  
-------   186------- k=  0.56315000
 time elapsed:   48.598430999999437     
  
-------   187------- k=  0.56614000
 time elapsed:   43.056670999999369     
  
-------   188------- k=  0.56913000
 time elapsed:   62.085989999999583     
  
-------   189------- k=  0.57212000
 time elapsed:   35.301721000000725     
  
-------   190------- k=  0.57511000
 time elapsed:   51.763289000000441     
  
-------   191------- k=  0.57810000
 time elapsed:   54.007057000000714     
  
-------   192------- k=  0.58109000
 time elapsed:   59.522428999999647     
  
-------   193------- k=  0.58408000
 time elapsed:   37.536987000001318     
  
-------   194------- k=  0.58707000
 time elapsed:   65.156664999998611     
  
-------   195------- k=  0.59006000
 time elapsed:   61.460671000000730     
  
-------   196------- k=  0.59305000
Warning: Muller did not converge in 100 steps for roots: 1
 time elapsed:   130.24086299999908     
  
-------   197------- k=  0.59604000
 time elapsed:   33.773122000000512     
  
-------   198------- k=  0.59903000
 time elapsed:   53.742566999999326     
  
-------   199------- k=  0.60202000
 time elapsed:   35.459541000000172     
  
-------   200------- k=  0.60501000
 time elapsed:   39.133718999999473     
  
-------   201------- k=  0.60800000
 time elapsed:   20.723813999999038     
  
-------   202------- k=  0.61099000
 time elapsed:   45.922354999998788     
  
-------   203------- k=  0.61398000
 time elapsed:   52.089006999998674     
  
-------   204------- k=  0.61697000
 time elapsed:   47.933422000000064     
  
-------   205------- k=  0.61996000
 time elapsed:   38.873744000000443     
  
-------   206------- k=  0.62295000
 time elapsed:   34.434130999999979     
  
-------   207------- k=  0.62594000
 time elapsed:   28.375713999999789     
  
-------   208------- k=  0.62893000
 time elapsed:   80.082346000001053     
  
-------   209------- k=  0.63192000
 time elapsed:   87.360071000000971     
  
-------   210------- k=  0.63491000
 time elapsed:   48.016749000000345     
  
-------   211------- k=  0.63790000
 time elapsed:   83.741842999999790     
  
-------   212------- k=  0.64089000
 time elapsed:   14.428288000000975     
  
-------   213------- k=  0.64388000
 time elapsed:   53.905789999998888     
  
-------   214------- k=  0.64687000
 time elapsed:   43.645410000000993     
  
-------   215------- k=  0.64986000
 time elapsed:   29.132556000000477     
  
-------   216------- k=  0.65285000
 time elapsed:   22.662820999999894     
  
-------   217------- k=  0.65584000
 time elapsed:   50.188562999999704     
  
-------   218------- k=  0.65883000
 time elapsed:   21.942235000000437     
  
-------   219------- k=  0.66182000
 time elapsed:   20.678057999999510     
  
-------   220------- k=  0.66481000
 time elapsed:   51.095870000001014     
  
-------   221------- k=  0.66780000
 time elapsed:   51.095645999999761     
  
-------   222------- k=  0.67079000
 time elapsed:   46.243953000001056     
  
-------   223------- k=  0.67378000
 time elapsed:   31.496607999999469     
  
-------   224------- k=  0.67677000
 time elapsed:   49.059812000001330     
  
-------   225------- k=  0.67976000
 time elapsed:   42.904205000000729     
  
-------   226------- k=  0.68275000
 time elapsed:   44.783100999999078     
  
-------   227------- k=  0.68574000
 time elapsed:   63.796331999999893     
  
-------   228------- k=  0.68873000
 time elapsed:   47.729273999999350     
  
-------   229------- k=  0.69172000
 time elapsed:   51.723042999999961     
  
-------   230------- k=  0.69471000
 time elapsed:   18.508924999998271     
  
-------   231------- k=  0.69770000
 time elapsed:   50.819141000001764     
  
-------   232------- k=  0.70069000
 time elapsed:   38.242645000000266     
  
-------   233------- k=  0.70368000
 time elapsed:   18.257784999999785     
  
-------   234------- k=  0.70667000
 time elapsed:   35.736261999998533     
  
-------   235------- k=  0.70966000
 time elapsed:   40.252087999999276     
  
-------   236------- k=  0.71265000
 time elapsed:   18.737827000000834     
  
-------   237------- k=  0.71564000
 time elapsed:   11.813158000000840     
  
-------   238------- k=  0.71863000
 time elapsed:   35.633914000000004     
  
-------   239------- k=  0.72162000
 time elapsed:   19.445155999999770     
  
-------   240------- k=  0.72461000
 time elapsed:   34.847483999999895     
  
-------   241------- k=  0.72760000
 time elapsed:   24.662994999998773     
  
-------   242------- k=  0.73059000
 time elapsed:   34.199113999999099     
  
-------   243------- k=  0.73358000
 time elapsed:   22.127635000000737     
  
-------   244------- k=  0.73657000
 time elapsed:   40.441864999998870     
  
-------   245------- k=  0.73956000
 time elapsed:   29.927842999999484     
  
-------   246------- k=  0.74255000
 time elapsed:   38.356517999998687     
  
-------   247------- k=  0.74554000
 time elapsed:   33.897113000000900     
  
-------   248------- k=  0.74853000
 time elapsed:   31.875818000000436     
  
-------   249------- k=  0.75152000
 time elapsed:   12.465163999999277     
  
-------   250------- k=  0.75451000
 time elapsed:   33.032811000000947     
  
-------   251------- k=  0.75750000
 time elapsed:   33.728961999999228     
  
-------   252------- k=  0.76049000
 time elapsed:   21.732696999999462     
  
-------   253------- k=  0.76348000
 time elapsed:   27.018383000000540     
  
-------   254------- k=  0.76647000
 time elapsed:   15.376218000001245     
  
-------   255------- k=  0.76946000
 time elapsed:   37.375579999999900     
  
-------   256------- k=  0.77245000
 time elapsed:   22.462815999999293     
  
-------   257------- k=  0.77544000
 time elapsed:   22.052417000000787     
  
-------   258------- k=  0.77843000
 time elapsed:   49.832206999999471     
  
-------   259------- k=  0.78142000
 time elapsed:   40.378547000000253     
  
-------   260------- k=  0.78441000
 time elapsed:   10.621280999999726     
  
-------   261------- k=  0.78740000
 time elapsed:   25.564658000001145     
  
-------   262------- k=  0.79039000
 time elapsed:   44.033029999998689     
  
-------   263------- k=  0.79338000
 time elapsed:   25.407770999998320     
  
-------   264------- k=  0.79637000
Warning: Muller did not converge in 100 steps for roots: 3
 time elapsed:   61.628423000000112     
  
-------   265------- k=  0.79936000
 time elapsed:   28.645823999999266     
  
-------   266------- k=  0.80235000
 time elapsed:   36.802455999999438     
  
-------   267------- k=  0.80534000
 time elapsed:   28.965839000000415     
  
-------   268------- k=  0.80833000
 time elapsed:   26.238758999999845     
  
-------   269------- k=  0.81132000
 time elapsed:   19.348385000001144     
  
-------   270------- k=  0.81431000
 time elapsed:   70.174213000000236     
  
-------   271------- k=  0.81730000
 time elapsed:   39.547612000000299     
  
-------   272------- k=  0.82029000
 time elapsed:   55.886660000000120     
  
-------   273------- k=  0.82328000
 time elapsed:   44.965554999998858     
  
-------   274------- k=  0.82627000
 time elapsed:   16.601730999998836     
  
-------   275------- k=  0.82926000
 time elapsed:   46.626116999999795     
  
-------   276------- k=  0.83225000
 time elapsed:   51.282170000000406     
  
-------   277------- k=  0.83524000
 time elapsed:   44.936038999998345     
  
-------   278------- k=  0.83823000
 time elapsed:   48.421136000000843     
  
-------   279------- k=  0.84122000
 time elapsed:   45.949281000001065     
  
-------   280------- k=  0.84421000
 time elapsed:   41.471165999999357     
  
-------   281------- k=  0.84720000
 time elapsed:   55.625224000001253     
  
-------   282------- k=  0.85019000
 time elapsed:   56.576698999999280     
  
-------   283------- k=  0.85318000
 time elapsed:   43.684016999999585     
  
-------   284------- k=  0.85617000
 time elapsed:   71.672463999999309     
  
-------   285------- k=  0.85916000
 time elapsed:   51.858050999999250     
  
-------   286------- k=  0.86215000
 time elapsed:   72.928609000000506     
  
-------   287------- k=  0.86514000
 time elapsed:   60.470099999998638     
  
-------   288------- k=  0.86813000
 time elapsed:   44.280894999999873     
  
-------   289------- k=  0.87112000
 time elapsed:   52.671175999999832     
  
-------   290------- k=  0.87411000
 time elapsed:   28.562670000001162     
  
-------   291------- k=  0.87710000
 time elapsed:   79.603671999999278     
  
-------   292------- k=  0.88009000
 time elapsed:   34.496718999998848     
  
-------   293------- k=  0.88308000
 time elapsed:   42.162487999999939     
  
-------   294------- k=  0.88607000
 time elapsed:   47.444449000000532     
  
-------   295------- k=  0.88906000
 time elapsed:   71.687595999999758     
  
-------   296------- k=  0.89205000
 time elapsed:   64.186266000000614     
  
-------   297------- k=  0.89504000
 time elapsed:   60.027061000000685     
  
-------   298------- k=  0.89803000
 time elapsed:   80.512948999999935     
  
-------   299------- k=  0.90102000
 time elapsed:   35.744388000000981     
  
-------   300------- k=  0.90401000
 time elapsed:   66.775963000000047     
  
-------   301------- k=  0.90700000
 time elapsed:   52.707096999998612     
  
-------   302------- k=  0.90999000
 time elapsed:   63.431319999999687     
  
-------   303------- k=  0.91298000
 time elapsed:   51.003124000000753     
  
-------   304------- k=  0.91597000
 time elapsed:   69.316700000001219     
  
-------   305------- k=  0.91896000
 time elapsed:   51.826413000000684     
  
-------   306------- k=  0.92195000
 time elapsed:   88.313165999999910     
  
-------   307------- k=  0.92494000
 time elapsed:   75.901391999999760     
  
-------   308------- k=  0.92793000
 time elapsed:   63.567457999999533     
  
-------   309------- k=  0.93092000
 time elapsed:   69.889290999999503     
  
-------   310------- k=  0.93391000
 time elapsed:   59.148360999999568     
  
-------   311------- k=  0.93690000
 time elapsed:   87.224248000000443     
  
-------   312------- k=  0.93989000
 time elapsed:   85.508962999998403     
  
-------   313------- k=  0.94288000
 time elapsed:   92.962840000000142     
  
-------   314------- k=  0.94587000
 time elapsed:   74.012015999998766     
  
-------   315------- k=  0.94886000
 time elapsed:   78.413572999999815     
  
-------   316------- k=  0.95185000
 time elapsed:   101.47265000000152     
  
-------   317------- k=  0.95484000
 time elapsed:   154.55490199999986     
  
-------   318------- k=  0.95783000
 time elapsed:   63.063796000000366     
  
-------   319------- k=  0.96082000
Warning: Muller did not converge in 100 steps for roots: 5
 time elapsed:   141.95753100000002     
  
-------   320------- k=  0.96381000
 time elapsed:   101.98882899999990     
  
-------   321------- k=  0.96680000
 time elapsed:   145.52850799999942     
  
-------   322------- k=  0.96979000
 time elapsed:   66.606105999999272     
  
-------   323------- k=  0.97278000
 time elapsed:   45.949975000001359     
  
-------   324------- k=  0.97577000
 time elapsed:   140.56041800000094     
  
-------   325------- k=  0.97876000
 time elapsed:   69.850741000000198     
  
-------   326------- k=  0.98175000
 time elapsed:   112.89063299999907     
  
-------   327------- k=  0.98474000
 time elapsed:   107.17072300000109     
  
-------   328------- k=  0.98773000
 time elapsed:   107.33163300000160     
  
-------   329------- k=  0.99072000
 time elapsed:   119.77261899999939     
  
-------   330------- k=  0.99371000
 time elapsed:   66.384069000001546     
  
-------   331------- k=  0.99670000
 time elapsed:   84.571670999999697     
  
-------   332------- k=  0.99969000
Warning: Muller did not converge in 100 steps for roots: 4
 time elapsed:   150.65549900000042     
  
-------   333------- k=  1.00268000
 time elapsed:   86.674410999999964     
  
-------   334------- k=  1.00567000
 time elapsed:   102.81089699999939     
  
-------   335------- k=  1.00866000
 time elapsed:   117.84973699999864     
  
-------   336------- k=  1.01165000
 time elapsed:   100.88627399999859     
  
-------   337------- k=  1.01464000
 time elapsed:   65.816906000000017     
  
-------   338------- k=  1.01763000
 time elapsed:   57.679664999999659     
  
-------   339------- k=  1.02062000
 time elapsed:   76.040633000000525     
  
-------   340------- k=  1.02361000
 time elapsed:   59.376967000000150     
  
-------   341------- k=  1.02660000
 time elapsed:   47.017546999999468     
  
-------   342------- k=  1.02959000
Warning: Muller did not converge in 100 steps for roots: 1 2
 time elapsed:   114.98741400000108     
  
-------   343------- k=  1.03258000
Warning: Muller did not converge in 100 steps for roots: 2
 time elapsed:   84.122953999998572     
  
-------   344------- k=  1.03557000
 time elapsed:   83.267968000000110     
  
-------   345------- k=  1.03856000
 time elapsed:   97.915117000000464     
  
-------   346------- k=  1.04155000
 time elapsed:   62.254540000001725     
  
-------   347------- k=  1.04454000
 time elapsed:   44.449872000001051     
  
-------   348------- k=  1.04753000
 time elapsed:   63.629665000000386     
  
-------   349------- k=  1.05052000
 time elapsed:   64.289063000000169     
  
-------   350------- k=  1.05351000
 time elapsed:   72.617362000000867     
  
-------   351------- k=  1.05650000
 time elapsed:   59.354359999997541     
  
-------   352------- k=  1.05949000
Warning: Muller did not converge in 100 steps for roots: 4
 time elapsed:   83.185269999998127     
  
-------   353------- k=  1.06248000
 time elapsed:   79.712759999998525     
  
-------   354------- k=  1.06547000
 time elapsed:   55.796339000000444     
  
-------   355------- k=  1.06846000
 time elapsed:   71.713748000001942     
  
-------   356------- k=  1.07145000
 time elapsed:   88.246984000001248     
  
-------   357------- k=  1.07444000
 time elapsed:   89.893482999999833     
  
-------   358------- k=  1.07743000
 time elapsed:   51.448956000000180     
  
-------   359------- k=  1.08042000
 time elapsed:   61.622164000000339     
  
-------   360------- k=  1.08341000
 time elapsed:   61.133447000000160     
  
-------   361------- k=  1.08640000
 time elapsed:   47.812914999998611     
  
-------   362------- k=  1.08939000
 time elapsed:   66.345448000000033     
  
-------   363------- k=  1.09238000
 time elapsed:   69.661646000000474     
  
-------   364------- k=  1.09537000
 time elapsed:   61.557658000001538     
  
-------   365------- k=  1.09836000
 time elapsed:   43.819662999998400     
  
-------   366------- k=  1.10135000
 time elapsed:   55.550611000002391     
  
-------   367------- k=  1.10434000
 time elapsed:   44.338761999999406     
  
-------   368------- k=  1.10733000
 time elapsed:   52.910877999998775     
  
-------   369------- k=  1.11032000
 time elapsed:   44.627024999997957     
  
-------   370------- k=  1.11331000
 time elapsed:   61.743518000002950     
  
-------   371------- k=  1.11630000
 time elapsed:   60.988533999996434     
  
-------   372------- k=  1.11929000
 time elapsed:   55.539218000001711     
  
-------   373------- k=  1.12228000
 time elapsed:   61.988887999999861     
  
-------   374------- k=  1.12527000
 time elapsed:   68.386188000000402     
  
-------   375------- k=  1.12826000
 time elapsed:   76.171809000003122     
  
-------   376------- k=  1.13125000
 time elapsed:   63.747009999999136     
  
-------   377------- k=  1.13424000
 time elapsed:   57.243168000000878     
  
-------   378------- k=  1.13723000
 time elapsed:   58.284850000000006     
  
-------   379------- k=  1.14022000
 time elapsed:   41.909488000001147     
  
-------   380------- k=  1.14321000
 time elapsed:   48.748579999999492     
  
-------   381------- k=  1.14620000
 time elapsed:   55.101451999998972     
  
-------   382------- k=  1.14919000
 time elapsed:   48.435024000002159     
  
-------   383------- k=  1.15218000
 time elapsed:   61.139719999999215     
  
-------   384------- k=  1.15517000
 time elapsed:   65.589595000001282     
  
-------   385------- k=  1.15816000
 time elapsed:   35.386712999999872     
  
-------   386------- k=  1.16115000
 time elapsed:   50.200263000002451     
  
-------   387------- k=  1.16414000
 time elapsed:   61.891728999999032     
  
-------   388------- k=  1.16713000
 time elapsed:   44.492713000003278     
  
-------   389------- k=  1.17012000
 time elapsed:   63.113786999998410     
  
-------   390------- k=  1.17311000
 time elapsed:   95.115216000001965     
  
-------   391------- k=  1.17610000
 time elapsed:   36.361887999999453     
  
-------   392------- k=  1.17909000
 time elapsed:   50.969405000003462     
  
-------   393------- k=  1.18208000
 time elapsed:   50.249874999997701     
  
-------   394------- k=  1.18507000
 time elapsed:   76.327946000001248     
  
-------   395------- k=  1.18806000
Warning: Muller did not converge in 100 steps for roots: 1
 time elapsed:   102.02909600000203     
  
-------   396------- k=  1.19105000
 time elapsed:   64.332915999999386     
  
-------   397------- k=  1.19404000
 time elapsed:   77.731216000000131     
  
-------   398------- k=  1.19703000
 time elapsed:   72.058956000000762     
  
-------   399------- k=  1.20002000
 time elapsed:   36.348039000000426     
  
-------   400------- k=  1.20301000
 time elapsed:   52.109187999998539     
  
-------   401------- k=  1.20600000
 time elapsed:   38.392921999999089     
  
-------   402------- k=  1.20899000
 time elapsed:   56.906175000000076     
  
-------   403------- k=  1.21198000
 time elapsed:   32.907412000000477     
  
-------   404------- k=  1.21497000
 time elapsed:   43.746956999999384     
  
-------   405------- k=  1.21796000
 time elapsed:   26.444691000000603     
  
-------   406------- k=  1.22095000
 time elapsed:   50.176733000000240     
  
-------   407------- k=  1.22394000
 time elapsed:   55.968543999999383     
  
-------   408------- k=  1.22693000
 time elapsed:   79.440005999997084     
  
-------   409------- k=  1.22992000
 time elapsed:   37.728232999997999     
  
-------   410------- k=  1.23291000
 time elapsed:   52.574728999999934     
  
-------   411------- k=  1.23590000
 time elapsed:   35.519238000000769     
  
-------   412------- k=  1.23889000
 time elapsed:   39.611294999998790     
  
-------   413------- k=  1.24188000
 time elapsed:   57.748133000000962     
  
-------   414------- k=  1.24487000
 time elapsed:   41.444093000001885     
  
-------   415------- k=  1.24786000
 time elapsed:   36.938299999997980     
  
-------   416------- k=  1.25085000
 time elapsed:   62.721650999999838     
  
-------   417------- k=  1.25384000
 time elapsed:   54.492827999998553     
  
-------   418------- k=  1.25683000
 time elapsed:   49.791619000003266     
  
-------   419------- k=  1.25982000
 time elapsed:   35.772220999999263     
  
-------   420------- k=  1.26281000
 time elapsed:   55.791529999998602     
  
-------   421------- k=  1.26580000
 time elapsed:   56.378930999999284     
  
-------   422------- k=  1.26879000
 time elapsed:   64.034098000000085     
  
-------   423------- k=  1.27178000
 time elapsed:   30.962262999997620     
  
-------   424------- k=  1.27477000
 time elapsed:   45.303047000001243     
  
-------   425------- k=  1.27776000
 time elapsed:   64.054465000001073     
  
-------   426------- k=  1.28075000
 time elapsed:   58.204873000002408     
  
-------   427------- k=  1.28374000
 time elapsed:   47.738453000001755     
  
-------   428------- k=  1.28673000
 time elapsed:   36.148079999999027     
  
-------   429------- k=  1.28972000
 time elapsed:   44.998717999998917     
  
-------   430------- k=  1.29271000
 time elapsed:   38.618374999998196     
  
-------   431------- k=  1.29570000
 time elapsed:   60.787589000003209     
  
-------   432------- k=  1.29869000
 time elapsed:   63.234177999998792     
  
-------   433------- k=  1.30168000
 time elapsed:   39.541682000002766     
  
-------   434------- k=  1.30467000
 time elapsed:   42.838830000000598     
  
-------   435------- k=  1.30766000
 time elapsed:   38.614607999999862     
  
-------   436------- k=  1.31065000
 time elapsed:   41.448795000000246     
  
-------   437------- k=  1.31364000
 time elapsed:   46.809924000001047     
  
-------   438------- k=  1.31663000
 time elapsed:   28.702072000000044     
  
-------   439------- k=  1.31962000
 time elapsed:   52.707828999999037     
  
-------   440------- k=  1.32261000
 time elapsed:   42.389787000000069     
  
-------   441------- k=  1.32560000
 time elapsed:   37.944418000002770     
  
-------   442------- k=  1.32859000
 time elapsed:   44.662497000001167     
  
-------   443------- k=  1.33158000
 time elapsed:   58.178412999997818     
  
-------   444------- k=  1.33457000
 time elapsed:   37.630751000000600     
  
-------   445------- k=  1.33756000
 time elapsed:   59.144565999999031     
  
-------   446------- k=  1.34055000
 time elapsed:   61.368995000000723     
  
-------   447------- k=  1.34354000
 time elapsed:   54.317522000001190     
  
-------   448------- k=  1.34653000
 time elapsed:   36.095983999999589     
  
-------   449------- k=  1.34952000
 time elapsed:   55.788087000000814     
  
-------   450------- k=  1.35251000
 time elapsed:   36.891869999999471     
  
-------   451------- k=  1.35550000
 time elapsed:   70.622914999999921     
  
-------   452------- k=  1.35849000
 time elapsed:   50.414969000001292     
  
-------   453------- k=  1.36148000
 time elapsed:   43.566855999997642     
  
-------   454------- k=  1.36447000
 time elapsed:   74.817055999999866     
  
-------   455------- k=  1.36746000
 time elapsed:   48.169292999999016     
  
-------   456------- k=  1.37045000
 time elapsed:   48.046857000001182     
  
-------   457------- k=  1.37344000
 time elapsed:   69.131016999999702     
  
-------   458------- k=  1.37643000
 time elapsed:   63.473118000001705     
  
-------   459------- k=  1.37942000
 time elapsed:   43.216914000000543     
  
-------   460------- k=  1.38241000
 time elapsed:   52.505107999997563     
  
-------   461------- k=  1.38540000
 time elapsed:   56.552682999998069     
  
-------   462------- k=  1.38839000
 time elapsed:   59.915446999999403     
  
-------   463------- k=  1.39138000
 time elapsed:   46.288188999998965     
  
-------   464------- k=  1.39437000
 time elapsed:   41.846693000003143     
  
-------   465------- k=  1.39736000
 time elapsed:   44.325819000001502     
  
-------   466------- k=  1.40035000
 time elapsed:   67.064807000002475     
  
-------   467------- k=  1.40334000
 time elapsed:   45.057373999999982     
  
-------   468------- k=  1.40633000
 time elapsed:   46.315643999998429     
  
-------   469------- k=  1.40932000
 time elapsed:   48.957402000000002     
  
-------   470------- k=  1.41231000
 time elapsed:   44.590785000000324     
  
-------   471------- k=  1.41530000
 time elapsed:   59.366277000000991     
  
-------   472------- k=  1.41829000
 time elapsed:   69.903093000000808     
  
-------   473------- k=  1.42128000
 time elapsed:   39.452864999999292     
  
-------   474------- k=  1.42427000
 time elapsed:   46.567080000000715     
  
-------   475------- k=  1.42726000
 time elapsed:   91.592244999999821     
  
-------   476------- k=  1.43025000
 time elapsed:   63.738702999999077     
  
-------   477------- k=  1.43324000
 time elapsed:   40.648551999998745     
  
-------   478------- k=  1.43623000
 time elapsed:   52.759808999999223     
  
-------   479------- k=  1.43922000
 time elapsed:   52.351031000001967     
  
-------   480------- k=  1.44221000
 time elapsed:   54.486896000002162     
  
-------   481------- k=  1.44520000
 time elapsed:   47.313027000000147     
  
-------   482------- k=  1.44819000
 time elapsed:   57.440858999998454     
  
-------   483------- k=  1.45118000
 time elapsed:   74.608695999999327     
  
-------   484------- k=  1.45417000
 time elapsed:   47.964246999999887     
  
-------   485------- k=  1.45716000
 time elapsed:   37.738300000000891     
  
-------   486------- k=  1.46015000
 time elapsed:   37.031696999998530     
  
-------   487------- k=  1.46314000
 time elapsed:   66.742805999998382     
  
-------   488------- k=  1.46613000
 time elapsed:   35.637347999996564     
  
-------   489------- k=  1.46912000
 time elapsed:   47.291882000001351     
  
-------   490------- k=  1.47211000
 time elapsed:   46.011288000001514     
  
-------   491------- k=  1.47510000
 time elapsed:   40.341409000000567     
  
-------   492------- k=  1.47809000
 time elapsed:   41.795030999997834     
  
-------   493------- k=  1.48108000
 time elapsed:   45.583212999998068     
  
-------   494------- k=  1.48407000
 time elapsed:   50.113390999998956     
  
-------   495------- k=  1.48706000
 time elapsed:   60.450754999998026     
  
-------   496------- k=  1.49005000
 time elapsed:   47.723913999998331     
  
-------   497------- k=  1.49304000
 time elapsed:   44.315442999999505     
  
-------   498------- k=  1.49603000
 time elapsed:   42.188212999997631     
  
-------   499------- k=  1.49902000
 time elapsed:   53.452354000000923     
  
-------   500------- k=  1.50201000
 time elapsed:   48.472086000001582     
  
-------   501------- k=  1.50500000
 time elapsed:   37.109874000001582     
  
-------   502------- k=  1.50799000
 time elapsed:   48.956849999998667     
  
-------   503------- k=  1.51098000
 time elapsed:   50.676207999997132     
  
-------   504------- k=  1.51397000
 time elapsed:   75.584644999999000     
  
-------   505------- k=  1.51696000
 time elapsed:   45.457266999997955     
  
-------   506------- k=  1.51995000
 time elapsed:   49.130198000002565     
  
-------   507------- k=  1.52294000
 time elapsed:   46.700543999999354     
  
-------   508------- k=  1.52593000
 time elapsed:   60.348965000001044     
  
-------   509------- k=  1.52892000
 time elapsed:   44.021396000000095     
  
-------   510------- k=  1.53191000
 time elapsed:   42.703899000000092     
  
-------   511------- k=  1.53490000
 time elapsed:   53.404796999999235     
  
-------   512------- k=  1.53789000
 time elapsed:   62.859028999999282     
  
-------   513------- k=  1.54088000
 time elapsed:   40.537106000003405     
  
-------   514------- k=  1.54387000
 time elapsed:   55.098230999999942     
  
-------   515------- k=  1.54686000
 time elapsed:   59.143949999997858     
  
-------   516------- k=  1.54985000
 time elapsed:   78.367491000000882     
  
-------   517------- k=  1.55284000
 time elapsed:   63.384754999999132     
  
-------   518------- k=  1.55583000
 time elapsed:   92.782351999998355     
  
-------   519------- k=  1.55882000
 time elapsed:   46.271959999998217     
  
-------   520------- k=  1.56181000
 time elapsed:   63.945380000001023     
  
-------   521------- k=  1.56480000
 time elapsed:   55.339025000001129     
  
-------   522------- k=  1.56779000
 time elapsed:   84.609767000001739     
  
-------   523------- k=  1.57078000
 time elapsed:   50.502510000002076     
  
-------   524------- k=  1.57377000
 time elapsed:   57.358625000000757     
  
-------   525------- k=  1.57676000
 time elapsed:   47.698430999997072     
  
-------   526------- k=  1.57975000
 time elapsed:   90.170375000001513     
  
-------   527------- k=  1.58274000
 time elapsed:   50.798371000000770     
  
-------   528------- k=  1.58573000
 time elapsed:   47.114790000003268     
  
-------   529------- k=  1.58872000
 time elapsed:   55.355887000001530     
  
-------   530------- k=  1.59171000
 time elapsed:   80.287871000000450     
  
-------   531------- k=  1.59470000
 time elapsed:   50.633526999998139     
  
-------   532------- k=  1.59769000
 time elapsed:   55.179307999998855     
  
-------   533------- k=  1.60068000
 time elapsed:   44.862809999998717     
  
-------   534------- k=  1.60367000
 time elapsed:   74.736664000000019     
  
-------   535------- k=  1.60666000
 time elapsed:   54.147444000001997     
  
-------   536------- k=  1.60965000
 time elapsed:   48.888687999999092     
  
-------   537------- k=  1.61264000
 time elapsed:   39.358163000000786     
  
-------   538------- k=  1.61563000
 time elapsed:   44.022576999999728     
  
-------   539------- k=  1.61862000
 time elapsed:   41.093221999999514     
  
-------   540------- k=  1.62161000
 time elapsed:   44.850224999998318     
  
-------   541------- k=  1.62460000
 time elapsed:   45.094535999996879     
  
-------   542------- k=  1.62759000
 time elapsed:   44.738250000002154     
  
-------   543------- k=  1.63058000
 time elapsed:   40.189461000001756     
  
-------   544------- k=  1.63357000
 time elapsed:   48.938894000002620     
  
-------   545------- k=  1.63656000
 time elapsed:   51.238177999999607     
  
-------   546------- k=  1.63955000
 time elapsed:   45.276786999998876     
  
-------   547------- k=  1.64254000
 time elapsed:   44.347136000000319     
  
-------   548------- k=  1.64553000
 time elapsed:   44.249286999998731     
  
-------   549------- k=  1.64852000
 time elapsed:   45.804329999999027     
  
-------   550------- k=  1.65151000
 time elapsed:   43.931085000000166     
  
-------   551------- k=  1.65450000
 time elapsed:   48.576359000002412     
  
-------   552------- k=  1.65749000
 time elapsed:   40.227083000001585     
  
-------   553------- k=  1.66048000
 time elapsed:   49.674450999998953     
  
-------   554------- k=  1.66347000
 time elapsed:   48.736463000001095     
  
-------   555------- k=  1.66646000
 time elapsed:   52.292026999999507     
  
-------   556------- k=  1.66945000
 time elapsed:   46.088772999999492     
  
-------   557------- k=  1.67244000
 time elapsed:   41.918492000000697     
  
-------   558------- k=  1.67543000
 time elapsed:   41.598178000000189     
  
-------   559------- k=  1.67842000
 time elapsed:   41.004232999999658     
  
-------   560------- k=  1.68141000
 time elapsed:   50.198454999997921     
  
-------   561------- k=  1.68440000
 time elapsed:   50.454997000000731     
  
-------   562------- k=  1.68739000
 time elapsed:   52.482822000001761     
  
-------   563------- k=  1.69038000
 time elapsed:   54.036235000003217     
  
-------   564------- k=  1.69337000
 time elapsed:   39.996108999999706     
  
-------   565------- k=  1.69636000
 time elapsed:   51.161257000003388     
  
-------   566------- k=  1.69935000
 time elapsed:   42.933550999998261     
  
-------   567------- k=  1.70234000
 time elapsed:   39.744961000000330     
  
-------   568------- k=  1.70533000
 time elapsed:   48.037022000000434     
  
-------   569------- k=  1.70832000
 time elapsed:   46.529356999999436     
  
-------   570------- k=  1.71131000
 time elapsed:   54.380763000001025     
  
-------   571------- k=  1.71430000
 time elapsed:   46.237914000001183     
  
-------   572------- k=  1.71729000
 time elapsed:   51.509630000000470     
  
-------   573------- k=  1.72028000
 time elapsed:   42.579011999998329     
  
-------   574------- k=  1.72327000
 time elapsed:   46.540546999996877     
  
-------   575------- k=  1.72626000
 time elapsed:   47.497459999998682     
  
-------   576------- k=  1.72925000
 time elapsed:   47.124976999999490     
  
-------   577------- k=  1.73224000
 time elapsed:   51.154018999997788     
  
-------   578------- k=  1.73523000
 time elapsed:   46.712382999998226     
  
-------   579------- k=  1.73822000
 time elapsed:   41.612568999997166     
  
-------   580------- k=  1.74121000
 time elapsed:   46.273786000001564     
  
-------   581------- k=  1.74420000
 time elapsed:   44.155160000002070     
  
-------   582------- k=  1.74719000
 time elapsed:   44.518186000001151     
  
-------   583------- k=  1.75018000
 time elapsed:   46.925079000000551     
  
-------   584------- k=  1.75317000
 time elapsed:   48.813379999999597     
  
-------   585------- k=  1.75616000
 time elapsed:   45.231395000002522     
  
-------   586------- k=  1.75915000
 time elapsed:   48.434208999999100     
  
-------   587------- k=  1.76214000
 time elapsed:   48.247955999999249     
  
-------   588------- k=  1.76513000
 time elapsed:   46.195725999998103     
  
-------   589------- k=  1.76812000
 time elapsed:   45.496638000000530     
  
-------   590------- k=  1.77111000
 time elapsed:   46.883322000001499     
  
-------   591------- k=  1.77410000
 time elapsed:   51.197846000002755     
  
-------   592------- k=  1.77709000
 time elapsed:   46.053080000001501     
  
-------   593------- k=  1.78008000
 time elapsed:   51.594485000001441     
  
-------   594------- k=  1.78307000
 time elapsed:   47.764176000000589     
  
-------   595------- k=  1.78606000
 time elapsed:   49.891176999997697     
  
-------   596------- k=  1.78905000
 time elapsed:   55.878638000001956     
  
-------   597------- k=  1.79204000
 time elapsed:   46.794829000002210     
  
-------   598------- k=  1.79503000
 time elapsed:   48.110470999999961     
  
-------   599------- k=  1.79802000
 time elapsed:   47.533174999996845     
  
-------   600------- k=  1.80101000
 time elapsed:   46.302543000001606     
  
-------   601------- k=  1.80400000
 time elapsed:   55.558266000000003     
  
-------   602------- k=  1.80699000
 time elapsed:   48.062067000002571     
  
-------   603------- k=  1.80998000
 time elapsed:   45.479113000001234     
  
-------   604------- k=  1.81297000
 time elapsed:   49.277898000000278     
  
-------   605------- k=  1.81596000
 time elapsed:   45.269318999999086     
  
-------   606------- k=  1.81895000
 time elapsed:   49.256811999999627     
  
-------   607------- k=  1.82194000
 time elapsed:   47.656134000000748     
  
-------   608------- k=  1.82493000
 time elapsed:   51.287471999999980     
  
-------   609------- k=  1.82792000
 time elapsed:   48.727753999999550     
  
-------   610------- k=  1.83091000
 time elapsed:   49.534423999997671     
  
-------   611------- k=  1.83390000
 time elapsed:   48.090222999999241     
  
-------   612------- k=  1.83689000
 time elapsed:   44.147568999997020     
  
-------   613------- k=  1.83988000
 time elapsed:   49.876871000000392     
  
-------   614------- k=  1.84287000
 time elapsed:   49.762638000000152     
  
-------   615------- k=  1.84586000
 time elapsed:   47.838971000001038     
  
-------   616------- k=  1.84885000
 time elapsed:   50.823867999999493     
  
-------   617------- k=  1.85184000
 time elapsed:   48.455260999999155     
  
-------   618------- k=  1.85483000
 time elapsed:   46.170071000000462     
  
-------   619------- k=  1.85782000
 time elapsed:   45.063554000000295     
  
-------   620------- k=  1.86081000
 time elapsed:   45.815767999996751     
  
-------   621------- k=  1.86380000
 time elapsed:   46.635793000001286     
  
-------   622------- k=  1.86679000
 time elapsed:   49.035960000001069     
  
-------   623------- k=  1.86978000
 time elapsed:   48.486850000001141     
  
-------   624------- k=  1.87277000
 time elapsed:   53.449722999997903     
  
-------   625------- k=  1.87576000
 time elapsed:   49.548392000000604     
  
-------   626------- k=  1.87875000
 time elapsed:   54.907812000001286     
  
-------   627------- k=  1.88174000
 time elapsed:   47.751490999999078     
  
-------   628------- k=  1.88473000
 time elapsed:   44.050135000001319     
  
-------   629------- k=  1.88772000
 time elapsed:   49.856913999999961     
  
-------   630------- k=  1.89071000
 time elapsed:   39.575188999999227     
  
-------   631------- k=  1.89370000
 time elapsed:   50.121699000002991     
  
-------   632------- k=  1.89669000
 time elapsed:   47.646101999998791     
  
-------   633------- k=  1.89968000
 time elapsed:   48.855116000002454     
  
-------   634------- k=  1.90267000
 time elapsed:   45.081865000000107     
  
-------   635------- k=  1.90566000
 time elapsed:   43.464209999998275     
  
-------   636------- k=  1.90865000
 time elapsed:   62.515974999998434     
  
-------   637------- k=  1.91164000
 time elapsed:   43.650423000002775     
  
-------   638------- k=  1.91463000
 time elapsed:   47.936409000001731     
  
-------   639------- k=  1.91762000
 time elapsed:   42.531517999999778     
  
-------   640------- k=  1.92061000
 time elapsed:   48.813809999999648     
  
-------   641------- k=  1.92360000
 time elapsed:   50.674234999998589     
  
-------   642------- k=  1.92659000
 time elapsed:   51.368645000002289     
  
-------   643------- k=  1.92958000
 time elapsed:   47.430122000001575     
  
-------   644------- k=  1.93257000
 time elapsed:   48.870394999998098     
  
-------   645------- k=  1.93556000
 time elapsed:   46.404912999998487     
  
-------   646------- k=  1.93855000
 time elapsed:   45.760960999999952     
  
-------   647------- k=  1.94154000
 time elapsed:   47.666788999998971     
  
-------   648------- k=  1.94453000
 time elapsed:   48.723511000000144     
  
-------   649------- k=  1.94752000
 time elapsed:   48.221298000000388     
  
-------   650------- k=  1.95051000
 time elapsed:   70.893888999999035     
  
-------   651------- k=  1.95350000
 time elapsed:   45.535254000002169     
  
-------   652------- k=  1.95649000
 time elapsed:   48.402373000000807     
  
-------   653------- k=  1.95948000
 time elapsed:   47.152773999998317     
  
-------   654------- k=  1.96247000
 time elapsed:   46.636796999999206     
  
-------   655------- k=  1.96546000
 time elapsed:   54.176282000003994     
  
-------   656------- k=  1.96845000
 time elapsed:   48.994829999996000     
  
-------   657------- k=  1.97144000
 time elapsed:   50.848555000004126     
  
-------   658------- k=  1.97443000
 time elapsed:   52.471206000001985     
  
-------   659------- k=  1.97742000
 time elapsed:   47.099203999998281     
  
-------   660------- k=  1.98041000
 time elapsed:   44.204549999994924     
