 Read input data
 ...done
 Read velocity distributions from files
 ...done.
  
-------     1------- k=  0.01000000
 time elapsed:   1.8925999999999998E-002
  
-------     2------- k=  0.03990000
 time elapsed:   6.2810000000000019E-003
  
-------     3------- k=  0.06980000
 time elapsed:   8.2909999999999963E-003
  
-------     4------- k=  0.09970000
 time elapsed:   1.6366999999999993E-002
  
-------     5------- k=  0.12960000
 time elapsed:   2.0753000000000001E-002
  
-------     6------- k=  0.15950000
 time elapsed:   4.5563999999999993E-002
  
-------     7------- k=  0.18940000
 time elapsed:   3.8709000000000007E-002
  
-------     8------- k=  0.21930000
 time elapsed:  0.11273100000000000     
  
-------     9------- k=  0.24920000
 time elapsed:   7.6089999999999991E-002
  
-------    10------- k=  0.27910000
 time elapsed:  0.11489699999999997     
  
-------    11------- k=  0.30900000
 time elapsed:   9.4315999999999955E-002
  
-------    12------- k=  0.33890000
 time elapsed:   9.9237000000000020E-002
  
-------    13------- k=  0.36880000
 time elapsed:  0.17651999999999990     
  
-------    14------- k=  0.39870000
 time elapsed:  0.29334199999999999     
  
-------    15------- k=  0.42860000
 time elapsed:  0.49671600000000016     
  
-------    16------- k=  0.45850000
 time elapsed:  0.40554800000000002     
  
-------    17------- k=  0.48840000
 time elapsed:  0.38043799999999983     
  
-------    18------- k=  0.51830000
 time elapsed:  0.53271800000000002     
  
-------    19------- k=  0.54820000
 time elapsed:  0.40116400000000008     
  
-------    20------- k=  0.57810000
 time elapsed:  0.29298100000000016     
  
-------    21------- k=  0.60800000
 time elapsed:  0.49690700000000021     
  
-------    22------- k=  0.63790000
 time elapsed:  0.21035000000000004     
  
-------    23------- k=  0.66780000
 time elapsed:  0.19435700000000011     
  
-------    24------- k=  0.69770000
 time elapsed:  0.44098900000000008     
  
-------    25------- k=  0.72760000
 time elapsed:  0.20043200000000017     
  
-------    26------- k=  0.75750000
 time elapsed:  0.65399700000000038     
  
-------    27------- k=  0.78740000
 time elapsed:  0.58589899999999950     
  
-------    28------- k=  0.81730000
 time elapsed:  0.24902200000000008     
  
-------    29------- k=  0.84720000
Warning: Muller did not converge in 50 steps for roots: 2
 time elapsed:  0.58014700000000019     
  
-------    30------- k=  0.87710000
 time elapsed:  0.16613100000000003     
  
-------    31------- k=  0.90700000
 time elapsed:  0.57483499999999932     
  
-------    32------- k=  0.93690000
Warning: Muller did not converge in 50 steps for roots: 3
 time elapsed:  0.59048099999999959     
  
-------    33------- k=  0.96680000
 time elapsed:  0.66319799999999951     
  
-------    34------- k=  0.99670000
 time elapsed:  0.43796500000000016     
  
-------    35------- k=  1.02660000
 time elapsed:  0.29932499999999962     
  
-------    36------- k=  1.05650000
 time elapsed:  0.47255400000000058     
  
-------    37------- k=  1.08640000
 time elapsed:  0.12749800000000100     
  
-------    38------- k=  1.11630000
 time elapsed:  0.43781500000000051     
  
-------    39------- k=  1.14620000
 time elapsed:  0.28697700000000026     
  
-------    40------- k=  1.17610000
 time elapsed:  0.33718799999999938     
  
-------    41------- k=  1.20600000
 time elapsed:  0.72419900000000048     
  
-------    42------- k=  1.23590000
 time elapsed:  0.56794400000000067     
  
-------    43------- k=  1.26580000
 time elapsed:  0.51692500000000052     
  
-------    44------- k=  1.29570000
 time elapsed:  0.30827699999999858     
  
-------    45------- k=  1.32560000
 time elapsed:  0.17460900000000024     
  
-------    46------- k=  1.35550000
Warning: Muller did not converge in 50 steps for roots: 2
 time elapsed:  0.82336300000000051     
  
-------    47------- k=  1.38540000
 time elapsed:  0.91795199999999966     
  
-------    48------- k=  1.41530000
Warning: Muller did not converge in 50 steps for roots: 3
 time elapsed:   1.8548809999999989     
  
-------    49------- k=  1.44520000
 time elapsed:   1.0488639999999982     
  
-------    50------- k=  1.47510000
 time elapsed:   1.2049020000000006     
  
-------    51------- k=  1.50500000
 time elapsed:  0.79221100000000177     
  
-------    52------- k=  1.53490000
 time elapsed:  0.74133800000000249     
  
-------    53------- k=  1.56480000
 time elapsed:   1.3956659999999985     
  
-------    54------- k=  1.59470000
 time elapsed:  0.99914300000000011     
  
-------    55------- k=  1.62460000
 time elapsed:   1.1519180000000020     
  
-------    56------- k=  1.65450000
 time elapsed:   1.6128810000000016     
  
-------    57------- k=  1.68440000
 time elapsed:  0.82851799999999898     
  
-------    58------- k=  1.71430000
 time elapsed:  0.88005899999999926     
  
-------    59------- k=  1.74420000
 time elapsed:   1.1176050000000011     
  
-------    60------- k=  1.77410000
 time elapsed:  0.85890800000000311     
  
-------    61------- k=  1.80400000
 time elapsed:   1.0396169999999998     
  
-------    62------- k=  1.83390000
 time elapsed:  0.67425000000000068     
  
-------    63------- k=  1.86380000
 time elapsed:  0.45542399999999716     
  
-------    64------- k=  1.89370000
 time elapsed:  0.81747500000000173     
  
-------    65------- k=  1.92360000
 time elapsed:  0.35151099999999502     
  
-------    66------- k=  1.95350000
Warning: Muller did not converge in 50 steps for roots: 2 3
 time elapsed:   1.4634070000000037     
  
-------    67------- k=  1.98340000
 time elapsed:   1.1166380000000018     
  
-------    68------- k=  2.01330000
 time elapsed:   1.6505360000000024     
  
-------    69------- k=  2.04320000
 time elapsed:   1.4670799999999957     
  
-------    70------- k=  2.07310000
 time elapsed:  0.88146600000000319     
  
-------    71------- k=  2.10300000
Warning: Muller did not converge in 50 steps for roots: 3
 time elapsed:   1.9705709999999996     
  
-------    72------- k=  2.13290000
 time elapsed:  0.89994699999999739     
  
-------    73------- k=  2.16280000
 time elapsed:   1.2094510000000014     
  
-------    74------- k=  2.19270000
 time elapsed:   1.4181990000000013     
  
-------    75------- k=  2.22260000
 time elapsed:   1.1952889999999954     
  
-------    76------- k=  2.25250000
 time elapsed:  0.73607499999999959     
  
-------    77------- k=  2.28240000
 time elapsed:   1.6268990000000016     
  
-------    78------- k=  2.31230000
 time elapsed:   1.4412410000000051     
  
-------    79------- k=  2.34220000
 time elapsed:   1.3003989999999988     
  
-------    80------- k=  2.37210000
 time elapsed:   1.1713669999999965     
  
-------    81------- k=  2.40200000
 time elapsed:  0.67566899999999919     
  
-------    82------- k=  2.43190000
 time elapsed:   1.4250609999999995     
  
-------    83------- k=  2.46180000
 time elapsed:  0.76805499999999682     
  
-------    84------- k=  2.49170000
 time elapsed:   1.3221580000000017     
  
-------    85------- k=  2.52160000
 time elapsed:  0.36022699999999475     
  
-------    86------- k=  2.55150000
 time elapsed:  0.90575299999999714     
  
-------    87------- k=  2.58140000
Warning: Muller did not converge in 50 steps for roots: 3
 time elapsed:  0.82465099999999580     
  
-------    88------- k=  2.61130000
 time elapsed:  0.55256899999999831     
  
-------    89------- k=  2.64120000
 time elapsed:   1.0037880000000001     
  
-------    90------- k=  2.67110000
 time elapsed:  0.50736799999999960     
  
-------    91------- k=  2.70100000
 time elapsed:   1.0718719999999990     
  
-------    92------- k=  2.73090000
 time elapsed:  0.84803300000000092     
  
-------    93------- k=  2.76080000
 time elapsed:  0.21516900000000305     
  
-------    94------- k=  2.79070000
Warning: Muller did not converge in 50 steps for roots: 2
 time elapsed:   1.3028679999999895     
  
-------    95------- k=  2.82060000
Warning: Muller did not converge in 50 steps for roots: 2 3
 time elapsed:   1.7617790000000042     
  
-------    96------- k=  2.85050000
 time elapsed:  0.87056899999998905     
  
-------    97------- k=  2.88040000
 time elapsed:  0.98193599999999037     
  
-------    98------- k=  2.91030000
 time elapsed:  0.64857299999999896     
  
-------    99------- k=  2.94020000
 time elapsed:  0.83441999999999439     
  
-------   100------- k=  2.97010000
 time elapsed:  0.81316800000000455     

Total time elapsed(s):70.741298999999998  (min): 1.1790216499999999
