 Read input data
 ...done
 Read velocity distributions from files
           1         255          64
 ...done.
  
-------     1------- k=  0.01000000
 time elapsed:   33.455697000000001     
  
-------     2------- k=  0.03990000
Warning: Muller did not converge in 100 steps for roots: 3
 time elapsed:   94.115871999999996     
  
-------     3------- k=  0.06980000
 time elapsed:   21.456600999999992     
  
-------     4------- k=  0.09970000
 time elapsed:   58.266892999999982     
  
-------     5------- k=  0.12960000
 time elapsed:   13.928388000000012     
  
-------     6------- k=  0.15950000
 time elapsed:   12.419305000000008     
  
-------     7------- k=  0.18940000
 time elapsed:   9.4133209999999963     
  
-------     8------- k=  0.21930000
 time elapsed:   7.7352150000000108     
  
-------     9------- k=  0.24920000
 time elapsed:   7.4304480000000126     
  
-------    10------- k=  0.27910000
 time elapsed:   7.1133560000000102     
  
-------    11------- k=  0.30900000
 time elapsed:   6.2490430000000288     
  
-------    12------- k=  0.33890000
 time elapsed:   5.8892810000000395     
  
-------    13------- k=  0.36880000
 time elapsed:   5.1891810000000191     
  
-------    14------- k=  0.39870000
 time elapsed:   4.8595360000000483     
  
-------    15------- k=  0.42860000
 time elapsed:   4.3256850000000213     
  
-------    16------- k=  0.45850000
 time elapsed:   3.2454900000000180     
  
-------    17------- k=  0.48840000
 time elapsed:   3.2510110000000054     
  
-------    18------- k=  0.51830000
 time elapsed:   2.7119280000000003     
  
-------    19------- k=  0.54820000
 time elapsed:   4.0321959999999990     
  
-------    20------- k=  0.57810000
 time elapsed:   1.7877849999999853     
  
-------    21------- k=  0.60800000
 time elapsed:   2.5502370000000383     
  
-------    22------- k=  0.63790000
 time elapsed:   2.1823499999999854     
  
-------    23------- k=  0.66780000
 time elapsed:   3.6776249999999777     
  
-------    24------- k=  0.69770000
 time elapsed:   3.6698049999999967     
  
-------    25------- k=  0.72760000
 time elapsed:   1.9587710000000129     
  
-------    26------- k=  0.75750000
 time elapsed:   4.3785139999999956     
  
-------    27------- k=  0.78740000
 time elapsed:   2.7470819999999776     
  
-------    28------- k=  0.81730000
 time elapsed:   3.3281690000000026     
  
-------    29------- k=  0.84720000
 time elapsed:   2.6472379999999589     
  
-------    30------- k=  0.87710000
 time elapsed:   1.7207229999999640     
  
-------    31------- k=  0.90700000
 time elapsed:   2.6399759999999901     
  
-------    32------- k=  0.93690000
 time elapsed:   2.7538969999999949     
  
-------    33------- k=  0.96680000
 time elapsed:   3.5763330000000337     
  
-------    34------- k=  0.99670000
 time elapsed:   2.2997110000000021     
  
-------    35------- k=  1.02660000
 time elapsed:   3.3435529999999858     
  
-------    36------- k=  1.05650000
 time elapsed:   4.5862159999999790     
  
-------    37------- k=  1.08640000
 time elapsed:   3.6894169999999917     
  
-------    38------- k=  1.11630000
 time elapsed:   3.1050319999999942     
  
-------    39------- k=  1.14620000
 time elapsed:   3.3347029999999904     
  
-------    40------- k=  1.17610000
 time elapsed:   3.7944850000000088     
  
-------    41------- k=  1.20600000
 time elapsed:   1.7264310000000478     
  
-------    42------- k=  1.23590000
 time elapsed:   4.1496450000000209     
  
-------    43------- k=  1.26580000
 time elapsed:   4.2657959999999662     
  
-------    44------- k=  1.29570000
 time elapsed:   1.8447570000000155     
  
-------    45------- k=  1.32560000
 time elapsed:   4.0162200000000325     
  
-------    46------- k=  1.35550000
 time elapsed:   4.1403520000000071     
  
-------    47------- k=  1.38540000
 time elapsed:   1.7249990000000253     
  
-------    48------- k=  1.41530000
 time elapsed:   4.0291889999999739     
  
-------    49------- k=  1.44520000
 time elapsed:   4.2586440000000039     
  
-------    50------- k=  1.47510000
 time elapsed:   1.7240009999999870     
  
-------    51------- k=  1.50500000
 time elapsed:   4.0318529999999555     
  
-------    52------- k=  1.53490000
 time elapsed:   4.1538290000000302     
  
-------    53------- k=  1.56480000
 time elapsed:   1.7290139999999496     
  
-------    54------- k=  1.59470000
 time elapsed:   4.0264349999999922     
  
-------    55------- k=  1.62460000
 time elapsed:   4.1479380000000106     
  
-------    56------- k=  1.65450000
 time elapsed:   1.7262549999999806     
  
-------    57------- k=  1.68440000
 time elapsed:   4.0364830000000325     
  
-------    58------- k=  1.71430000
 time elapsed:   4.1522590000000150     
  
-------    59------- k=  1.74420000
 time elapsed:   1.7246130000000335     
  
-------    60------- k=  1.77410000
 time elapsed:   4.0262149999999792     
  
-------    61------- k=  1.80400000
 time elapsed:   4.2646980000000099     
  
-------    62------- k=  1.83390000
 time elapsed:   1.7192710000000488     
  
-------    63------- k=  1.86380000
 time elapsed:   4.0269400000000246     
  
-------    64------- k=  1.89370000
 time elapsed:   4.2682320000000118     
  
-------    65------- k=  1.92360000
 time elapsed:   1.7265409999999974     
  
-------    66------- k=  1.95350000
 time elapsed:   4.0249230000000011     
  
-------    67------- k=  1.98340000
 time elapsed:   4.2617339999999899     
  
-------    68------- k=  2.01330000
 time elapsed:   1.7279800000000023     
  
-------    69------- k=  2.04320000
 time elapsed:   4.0338749999999663     
  
-------    70------- k=  2.07310000
 time elapsed:   4.2748819999999910     
  
-------    71------- k=  2.10300000
 time elapsed:   1.7337150000000179     
  
-------    72------- k=  2.13290000
 time elapsed:   4.0271199999999681     
  
-------    73------- k=  2.16280000
 time elapsed:   4.2657950000000255     
  
-------    74------- k=  2.19270000
 time elapsed:   1.7288719999999671     
  
-------    75------- k=  2.22260000
 time elapsed:   4.0520910000000185     
  
-------    76------- k=  2.25250000
 time elapsed:   4.2703190000000291     
  
-------    77------- k=  2.28240000
 time elapsed:   1.7308079999999677     
  
-------    78------- k=  2.31230000
 time elapsed:   4.0211810000000128     
  
-------    79------- k=  2.34220000
 time elapsed:   4.2687300000000050     
  
-------    80------- k=  2.37210000
 time elapsed:   1.7229449999999815     
  
-------    81------- k=  2.40200000
 time elapsed:   4.0337579999999775     
  
-------    82------- k=  2.43190000
 time elapsed:   4.2537590000000023     
  
-------    83------- k=  2.46180000
 time elapsed:   1.7277619999999843     
  
-------    84------- k=  2.49170000
 time elapsed:   4.0262040000000070     
  
-------    85------- k=  2.52160000
 time elapsed:   4.2707739999999603     
  
-------    86------- k=  2.55150000
 time elapsed:   1.7319619999999532     
  
-------    87------- k=  2.58140000
 time elapsed:   4.0429070000000138     
  
-------    88------- k=  2.61130000
 time elapsed:   4.2601850000000923     
  
-------    89------- k=  2.64120000
 time elapsed:   1.7286040000000185     
  
-------    90------- k=  2.67110000
 time elapsed:   4.0253640000000814     
  
-------    91------- k=  2.70100000
 time elapsed:   4.2613049999999930     
  
-------    92------- k=  2.73090000
 time elapsed:   1.7261640000000398     
  
-------    93------- k=  2.76080000
 time elapsed:   4.0297279999999773     
  
-------    94------- k=  2.79070000
 time elapsed:   4.2719200000000228     
  
-------    95------- k=  2.82060000
 time elapsed:   1.7268319999999449     
  
-------    96------- k=  2.85050000
 time elapsed:   4.0353390000000218     
  
-------    97------- k=  2.88040000
 time elapsed:   4.2654919999999947     
  
-------    98------- k=  2.91030000
 time elapsed:   1.7278250000000526     
  
-------    99------- k=  2.94020000
 time elapsed:   4.0360360000000810     
  
-------   100------- k=  2.97010000
 time elapsed:   4.2519439999999804     

Total time elapsed(s):569.19979400000000  (min): 9.4866632333333332
