 Read input data
 ...done
 Read velocity distributions from files
           1         255          64
 ...done.
  
-------     1------- k=  0.01000000
 time elapsed:   83.362009999999998     
  
-------     2------- k=  0.03990000
 time elapsed:   27.213639999999998     
  
-------     3------- k=  0.06980000
 time elapsed:   22.769102999999987     
  
-------     4------- k=  0.09970000
 time elapsed:   16.765476000000007     
  
-------     5------- k=  0.12960000
 time elapsed:   24.512000000000000     
  
-------     6------- k=  0.15950000
 time elapsed:   12.859615999999988     
  
-------     7------- k=  0.18940000
 time elapsed:   11.268834999999996     
  
-------     8------- k=  0.21930000
 time elapsed:   8.2348350000000039     
  
-------     9------- k=  0.24920000
 time elapsed:   8.4318900000000099     
  
-------    10------- k=  0.27910000
 time elapsed:   43.872533000000004     
  
-------    11------- k=  0.30900000
 time elapsed:   15.787045999999975     
  
-------    12------- k=  0.33890000
 time elapsed:   7.1910429999999792     
  
-------    13------- k=  0.36880000
 time elapsed:   12.586426000000017     
  
-------    14------- k=  0.39870000
 time elapsed:   31.391902000000016     
  
-------    15------- k=  0.42860000
 time elapsed:   9.4759520000000066     
  
-------    16------- k=  0.45850000
 time elapsed:   11.976767999999993     
  
-------    17------- k=  0.48840000
 time elapsed:   13.013242999999989     
  
-------    18------- k=  0.51830000
 time elapsed:   8.8333020000000033     
  
-------    19------- k=  0.54820000
 time elapsed:   7.8867199999999684     
  
-------    20------- k=  0.57810000
 time elapsed:   3.0350940000000151     
  
-------    21------- k=  0.60800000
 time elapsed:   11.455548999999962     
  
-------    22------- k=  0.63790000
 time elapsed:   7.3489850000000274     
  
-------    23------- k=  0.66780000
 time elapsed:   6.4910929999999780     
  
-------    24------- k=  0.69770000
 time elapsed:   5.7328240000000505     
  
-------    25------- k=  0.72760000
 time elapsed:   5.6541770000000042     
  
-------    26------- k=  0.75750000
 time elapsed:   20.732070000000022     
  
-------    27------- k=  0.78740000
 time elapsed:   2.9337479999999800     
  
-------    28------- k=  0.81730000
 time elapsed:   8.5656549999999925     
  
-------    29------- k=  0.84720000
 time elapsed:   8.0505699999999933     
  
-------    30------- k=  0.87710000
 time elapsed:   6.1372580000000312     
  
-------    31------- k=  0.90700000
 time elapsed:   6.5777369999999564     
  
-------    32------- k=  0.93690000
 time elapsed:   8.0152130000000170     
  
-------    33------- k=  0.96680000
 time elapsed:   6.3231069999999931     
  
-------    34------- k=  0.99670000
 time elapsed:   12.556670999999994     
  
-------    35------- k=  1.02660000
 time elapsed:   6.1658140000000117     
  
-------    36------- k=  1.05650000
 time elapsed:   8.0230949999999552     
  
-------    37------- k=  1.08640000
 time elapsed:   5.4956850000000372     
  
-------    38------- k=  1.11630000
 time elapsed:   2.7520529999999326     
  
-------    39------- k=  1.14620000
 time elapsed:   10.814380000000028     
  
-------    40------- k=  1.17610000
 time elapsed:   9.8956689999999981     
  
-------    41------- k=  1.20600000
 time elapsed:   11.568605999999932     
  
-------    42------- k=  1.23590000
 time elapsed:   4.7678510000000642     
  
-------    43------- k=  1.26580000
 time elapsed:   15.717915000000062     
  
-------    44------- k=  1.29570000
 time elapsed:   9.5983919999999898     
  
-------    45------- k=  1.32560000
 time elapsed:   9.9871999999999161     
  
-------    46------- k=  1.35550000
 time elapsed:   19.387314000000060     
  
-------    47------- k=  1.38540000
 time elapsed:   9.2741359999999986     
  
-------    48------- k=  1.41530000
 time elapsed:   8.1087059999999838     
  
-------    49------- k=  1.44520000
 time elapsed:   2.9409970000000385     
  
-------    50------- k=  1.47510000
 time elapsed:   12.547292999999968     
  
-------    51------- k=  1.50500000
 time elapsed:   11.284651999999937     
  
-------    52------- k=  1.53490000
 time elapsed:   6.9979759999999942     
  
-------    53------- k=  1.56480000
 time elapsed:   24.235082000000034     
  
-------    54------- k=  1.59470000
 time elapsed:   15.428492000000006     
  
-------    55------- k=  1.62460000
 time elapsed:   3.2666339999999536     
  
-------    56------- k=  1.65450000
 time elapsed:   6.3002810000000409     
  
-------    57------- k=  1.68440000
 time elapsed:   6.0006640000000289     
  
-------    58------- k=  1.71430000
 time elapsed:   2.9752670000000307     
  
-------    59------- k=  1.74420000
 time elapsed:   6.1704680000000280     
  
-------    60------- k=  1.77410000
 time elapsed:   6.4682850000000371     
  
-------    61------- k=  1.80400000
 time elapsed:   3.3794199999999819     
  
-------    62------- k=  1.83390000
 time elapsed:   6.3859520000000884     
  
-------    63------- k=  1.86380000
 time elapsed:   6.4567739999999958     
  
-------    64------- k=  1.89370000
 time elapsed:   3.5139210000000958     
  
-------    65------- k=  1.92360000
 time elapsed:   11.212735999999950     
  
-------    66------- k=  1.95350000
 time elapsed:   11.093698000000018     
  
-------    67------- k=  1.98340000
 time elapsed:   6.2430970000000343     
  
-------    68------- k=  2.01330000
 time elapsed:   14.354692000000000     
  
-------    69------- k=  2.04320000
 time elapsed:   13.200107000000003     
  
-------    70------- k=  2.07310000
 time elapsed:   9.1394670000000815     
  
-------    71------- k=  2.10300000
 time elapsed:   10.193978000000016     
  
-------    72------- k=  2.13290000
 time elapsed:   20.313675999999987     
  
-------    73------- k=  2.16280000
 time elapsed:   4.0132570000000669     
  
-------    74------- k=  2.19270000
 time elapsed:   10.858120000000099     
  
-------    75------- k=  2.22260000
 time elapsed:   10.541315999999938     
  
-------    76------- k=  2.25250000
 time elapsed:   3.2659089999999651     
  
-------    77------- k=  2.28240000
 time elapsed:   16.566391000000067     
  
-------    78------- k=  2.31230000
 time elapsed:   11.467108999999937     
  
-------    79------- k=  2.34220000
 time elapsed:   7.9915020000000823     
  
-------    80------- k=  2.37210000
 time elapsed:   16.906049000000053     
  
-------    81------- k=  2.40200000
 time elapsed:   8.3904649999999492     
  
-------    82------- k=  2.43190000
 time elapsed:   3.8527430000000322     
  
-------    83------- k=  2.46180000
 time elapsed:   8.5149629999999661     
  
-------    84------- k=  2.49170000
 time elapsed:   8.1808800000000019     
  
-------    85------- k=  2.52160000
 time elapsed:   4.5022430000000213     
  
-------    86------- k=  2.55150000
 time elapsed:   8.3657810000000836     
  
-------    87------- k=  2.58140000
 time elapsed:   8.3524249999999256     
  
-------    88------- k=  2.61130000
 time elapsed:   4.1223830000000135     
  
-------    89------- k=  2.64120000
 time elapsed:   8.4478460000000268     
  
-------    90------- k=  2.67110000
 time elapsed:   8.3075219999999490     
  
-------    91------- k=  2.70100000
 time elapsed:   4.2935079999999743     
  
-------    92------- k=  2.73090000
 time elapsed:   8.3012620000000652     
  
-------    93------- k=  2.76080000
 time elapsed:   8.4894890000000487     
  
-------    94------- k=  2.79070000
 time elapsed:   4.5616709999999330     
  
-------    95------- k=  2.82060000
 time elapsed:   8.8914749999999003     
  
-------    96------- k=  2.85050000
 time elapsed:   9.0246829999998681     
  
-------    97------- k=  2.88040000
 time elapsed:   4.8426210000000083     
  
-------    98------- k=  2.91030000
 time elapsed:   9.4248769999999240     
  
-------    99------- k=  2.94020000
 time elapsed:   9.4548940000001949     
  
-------   100------- k=  2.97010000
 time elapsed:   4.8652810000000954     

Total time elapsed(s):1073.6291180000001  (min): 17.893818633333336
