 Read input data
 ...done
 Read velocity distributions from files
           1         255          64
 ...done.
  
-------     1------- k=  0.01000000
 time elapsed:   120.06757700000000     
  
-------     2------- k=  0.03990000
Warning: Muller did not converge in 100 steps for roots: 3
 time elapsed:   112.05007800000000     
  
-------     3------- k=  0.06980000
 time elapsed:   55.365252000000027     
  
-------     4------- k=  0.09970000
 time elapsed:   85.438405000000046     
  
-------     5------- k=  0.12960000
Warning: Muller did not converge in 100 steps for roots: 5
 time elapsed:   86.342716999999993     
  
-------     6------- k=  0.15950000
Warning: Muller did not converge in 100 steps for roots: 5
 time elapsed:   104.41102299999994     
  
-------     7------- k=  0.18940000
Warning: Muller did not converge in 100 steps for roots: 5
 time elapsed:   101.77841799999999     
  
-------     8------- k=  0.21930000
Warning: Muller did not converge in 100 steps for roots: 5
 time elapsed:   92.023081999999931     
  
-------     9------- k=  0.24920000
Warning: Muller did not converge in 100 steps for roots: 5
 time elapsed:   63.571560999999974     
  
-------    10------- k=  0.27910000
Warning: Muller did not converge in 100 steps for roots: 5
 time elapsed:   62.516436999999996     
  
-------    11------- k=  0.30900000
Warning: Muller did not converge in 100 steps for roots: 5
 time elapsed:   75.251653000000033     
  
-------    12------- k=  0.33890000
Warning: Muller did not converge in 100 steps for roots: 5
 time elapsed:   67.394401999999900     
  
-------    13------- k=  0.36880000
Warning: Muller did not converge in 100 steps for roots: 5
 time elapsed:   58.863955000000033     
  
-------    14------- k=  0.39870000
Warning: Muller did not converge in 100 steps for roots: 5
 time elapsed:   58.449452000000065     
  
-------    15------- k=  0.42860000
Warning: Muller did not converge in 100 steps for roots: 5
 time elapsed:   59.101943999999776     
  
-------    16------- k=  0.45850000
Warning: Muller did not converge in 100 steps for roots: 5
 time elapsed:   56.892932999999857     
  
-------    17------- k=  0.48840000
Warning: Muller did not converge in 100 steps for roots: 5
 time elapsed:   44.456323999999995     
  
-------    18------- k=  0.51830000
Warning: Muller did not converge in 100 steps for roots: 5
 time elapsed:   34.578001999999969     
  
-------    19------- k=  0.54820000
Warning: Muller did not converge in 100 steps for roots: 5
 time elapsed:   53.981962000000067     
  
-------    20------- k=  0.57810000
 time elapsed:   18.368410000000040     
  
-------    21------- k=  0.60800000
 time elapsed:   14.120010999999977     
  
-------    22------- k=  0.63790000
 time elapsed:   16.036260000000084     
  
-------    23------- k=  0.66780000
 time elapsed:   26.359731000000011     
  
-------    24------- k=  0.69770000
 time elapsed:   14.923681999999872     
  
-------    25------- k=  0.72760000
 time elapsed:   10.242623999999978     
  
-------    26------- k=  0.75750000
 time elapsed:   15.883946000000151     
  
-------    27------- k=  0.78740000
 time elapsed:   17.325775999999905     
  
-------    28------- k=  0.81730000
 time elapsed:   19.977454000000080     
  
-------    29------- k=  0.84720000
 time elapsed:   17.735127000000148     
  
-------    30------- k=  0.87710000
 time elapsed:   18.910204000000022     
  
-------    31------- k=  0.90700000
 time elapsed:   20.018082999999933     
  
-------    32------- k=  0.93690000
 time elapsed:   20.177612000000181     
  
-------    33------- k=  0.96680000
 time elapsed:   24.295865000000049     
  
-------    34------- k=  0.99670000
 time elapsed:   21.748753999999963     
  
-------    35------- k=  1.02660000
 time elapsed:   20.322906000000103     
  
-------    36------- k=  1.05650000
 time elapsed:   17.314687999999933     
  
-------    37------- k=  1.08640000
 time elapsed:   23.591116999999940     
  
-------    38------- k=  1.11630000
 time elapsed:   16.917678000000024     
  
-------    39------- k=  1.14620000
 time elapsed:   13.613978999999972     
  
-------    40------- k=  1.17610000
 time elapsed:   22.706143000000111     
  
-------    41------- k=  1.20600000
 time elapsed:   36.212277000000086     
  
-------    42------- k=  1.23590000
 time elapsed:   21.649421999999959     
  
-------    43------- k=  1.26580000
 time elapsed:   17.219048999999814     
  
-------    44------- k=  1.29570000
 time elapsed:   22.711653000000069     
  
-------    45------- k=  1.32560000
 time elapsed:   15.527917000000116     
  
-------    46------- k=  1.35550000
 time elapsed:   25.864563000000089     
  
-------    47------- k=  1.38540000
 time elapsed:   41.745325999999977     
  
-------    48------- k=  1.41530000
 time elapsed:   18.906602999999905     
  
-------    49------- k=  1.44520000
 time elapsed:   30.783384000000069     
  
-------    50------- k=  1.47510000
 time elapsed:   25.726900999999998     
  
-------    51------- k=  1.50500000
 time elapsed:   12.142900000000054     
  
-------    52------- k=  1.53490000
 time elapsed:   23.635814000000209     
  
-------    53------- k=  1.56480000
 time elapsed:   24.839543999999933     
  
-------    54------- k=  1.59470000
 time elapsed:   18.319336000000021     
  
-------    55------- k=  1.62460000
 time elapsed:   29.316373999999996     
  
-------    56------- k=  1.65450000
 time elapsed:   34.441969999999856     
  
-------    57------- k=  1.68440000
 time elapsed:   15.405055000000175     
  
-------    58------- k=  1.71430000
 time elapsed:   26.313524000000143     
  
-------    59------- k=  1.74420000
 time elapsed:   29.797021000000314     
  
-------    60------- k=  1.77410000
 time elapsed:   24.756495999999970     
  
-------    61------- k=  1.80400000
 time elapsed:   19.196600999999646     
  
-------    62------- k=  1.83390000
 time elapsed:   45.093796000000111     
  
-------    63------- k=  1.86380000
 time elapsed:   16.017073999999866     
  
-------    64------- k=  1.89370000
 time elapsed:   32.596967999999833     
  
-------    65------- k=  1.92360000
 time elapsed:   31.965384000000086     
  
-------    66------- k=  1.95350000
 time elapsed:   25.883021999999983     
  
-------    67------- k=  1.98340000
 time elapsed:   22.263766999999916     
  
-------    68------- k=  2.01330000
 time elapsed:   46.267546000000038     
  
-------    69------- k=  2.04320000
 time elapsed:   28.388571999999840     
  
-------    70------- k=  2.07310000
 time elapsed:   24.892076000000088     
  
-------    71------- k=  2.10300000
 time elapsed:   34.780078000000231     
  
-------    72------- k=  2.13290000
 time elapsed:   29.480986999999914     
  
-------    73------- k=  2.16280000
 time elapsed:   33.332093999999870     
  
-------    74------- k=  2.19270000
 time elapsed:   37.937742999999955     
  
-------    75------- k=  2.22260000
 time elapsed:   26.444764000000305     
  
-------    76------- k=  2.25250000
 time elapsed:   38.491685999999845     
  
-------    77------- k=  2.28240000
 time elapsed:   41.206041000000369     
  
-------    78------- k=  2.31230000
 time elapsed:   30.166993999999704     
  
-------    79------- k=  2.34220000
 time elapsed:   34.185590999999931     
  
-------    80------- k=  2.37210000
 time elapsed:   27.700597999999900     
  
-------    81------- k=  2.40200000
 time elapsed:   27.949819000000389     
  
-------    82------- k=  2.43190000
 time elapsed:   34.115638000000217     
  
-------    83------- k=  2.46180000
Warning: Muller did not converge in 100 steps for roots: 3
 time elapsed:   73.953418000000056     
  
-------    84------- k=  2.49170000
 time elapsed:   37.073503999999957     
  
-------    85------- k=  2.52160000
 time elapsed:   30.214806000000408     
  
-------    86------- k=  2.55150000
 time elapsed:   40.183602000000064     
  
-------    87------- k=  2.58140000
 time elapsed:   29.653417999999874     
  
-------    88------- k=  2.61130000
 time elapsed:   49.411590000000160     
  
-------    89------- k=  2.64120000
 time elapsed:   35.198296999999911     
  
-------    90------- k=  2.67110000
 time elapsed:   34.217742000000271     
  
-------    91------- k=  2.70100000
 time elapsed:   68.469057000000248     
  
-------    92------- k=  2.73090000
 time elapsed:   51.250529999999799     
  
-------    93------- k=  2.76080000
 time elapsed:   19.382638000000043     
  
-------    94------- k=  2.79070000
 time elapsed:   46.150502999999844     
  
-------    95------- k=  2.82060000
 time elapsed:   54.333783999999923     
  
-------    96------- k=  2.85050000
 time elapsed:   45.942952999999761     
  
-------    97------- k=  2.88040000
 time elapsed:   48.700214999999844     
  
-------    98------- k=  2.91030000
 time elapsed:   48.932931000000281     
  
-------    99------- k=  2.94020000
 time elapsed:   37.010083000000122     
  
-------   100------- k=  2.97010000
 time elapsed:   43.578623999999763     

Total time elapsed(s):3760.5798450000002  (min): 62.676330750000005
