 Read input data
 ...done
 Read velocity distributions from files
           1         255          64
 ...done.
  
-------     1------- k=  0.01000000
 time elapsed:   33.224475000000005     
  
-------     2------- k=  0.03990000
Warning: Muller did not converge in 100 steps for roots: 3
 time elapsed:   94.059646000000001     
  
-------     3------- k=  0.06980000
 time elapsed:   30.215824999999995     
  
-------     4------- k=  0.09970000
 time elapsed:   63.785652999999996     
  
-------     5------- k=  0.12960000
 time elapsed:   18.725075000000004     
  
-------     6------- k=  0.15950000
 time elapsed:   20.403722000000016     
  
-------     7------- k=  0.18940000
 time elapsed:   18.175718999999958     
  
-------     8------- k=  0.21930000
 time elapsed:   7.8037780000000225     
  
-------     9------- k=  0.24920000
 time elapsed:   18.532626999999991     
  
-------    10------- k=  0.27910000
 time elapsed:   17.245163999999988     
  
-------    11------- k=  0.30900000
 time elapsed:   6.7532449999999926     
  
-------    12------- k=  0.33890000
 time elapsed:   19.848172000000034     
  
-------    13------- k=  0.36880000
 time elapsed:   5.3517620000000079     
  
-------    14------- k=  0.39870000
 time elapsed:   16.964347000000032     
  
-------    15------- k=  0.42860000
 time elapsed:   21.361465000000010     
  
-------    16------- k=  0.45850000
 time elapsed:   4.2110250000000065     
  
-------    17------- k=  0.48840000
 time elapsed:   3.7136189999999942     
  
-------    18------- k=  0.51830000
 time elapsed:   6.6986239999999952     
  
-------    19------- k=  0.54820000
 time elapsed:   3.7937550000000329     
  
-------    20------- k=  0.57810000
 time elapsed:   6.9395319999999856     
  
-------    21------- k=  0.60800000
 time elapsed:   6.1904020000000060     
  
-------    22------- k=  0.63790000
 time elapsed:   11.513434000000018     
  
-------    23------- k=  0.66780000
 time elapsed:   9.1534829999999943     
  
-------    24------- k=  0.69770000
 time elapsed:   5.5040459999999598     
  
-------    25------- k=  0.72760000
 time elapsed:   8.9158419999999978     
  
-------    26------- k=  0.75750000
 time elapsed:   8.6802979999999934     
  
-------    27------- k=  0.78740000
 time elapsed:   8.4558169999999677     
  
-------    28------- k=  0.81730000
 time elapsed:   12.264112000000011     
  
-------    29------- k=  0.84720000
 time elapsed:   9.5426539999999704     
  
-------    30------- k=  0.87710000
 time elapsed:   6.5954619999999977     
  
-------    31------- k=  0.90700000
 time elapsed:   8.3367640000000165     
  
-------    32------- k=  0.93690000
 time elapsed:   10.081260999999927     
  
-------    33------- k=  0.96680000
 time elapsed:   2.2805440000000772     
  
-------    34------- k=  0.99670000
 time elapsed:   10.743690000000015     
  
-------    35------- k=  1.02660000
 time elapsed:   14.474541000000045     
  
-------    36------- k=  1.05650000
 time elapsed:   3.5937840000000278     
  
-------    37------- k=  1.08640000
 time elapsed:   11.375343999999927     
  
-------    38------- k=  1.11630000
 time elapsed:   7.2439090000000306     
  
-------    39------- k=  1.14620000
 time elapsed:   6.5038210000000163     
  
-------    40------- k=  1.17610000
 time elapsed:   8.3899669999999560     
  
-------    41------- k=  1.20600000
 time elapsed:   7.9830879999999524     
  
-------    42------- k=  1.23590000
 time elapsed:   2.6942030000000159     
  
-------    43------- k=  1.26580000
 time elapsed:   7.6052120000000514     
  
-------    44------- k=  1.29570000
 time elapsed:   14.967601999999943     
  
-------    45------- k=  1.32560000
 time elapsed:   9.1956979999999930     
  
-------    46------- k=  1.35550000
 time elapsed:   12.208254000000011     
  
-------    47------- k=  1.38540000
 time elapsed:   11.952371999999968     
  
-------    48------- k=  1.41530000
 time elapsed:   11.119932000000063     
  
-------    49------- k=  1.44520000
 time elapsed:   8.1507030000000213     
  
-------    50------- k=  1.47510000
 time elapsed:   12.441406000000029     
  
-------    51------- k=  1.50500000
 time elapsed:   2.5547900000000254     
  
-------    52------- k=  1.53490000
 time elapsed:   12.517706999999973     
  
-------    53------- k=  1.56480000
 time elapsed:   12.151837000000000     
  
-------    54------- k=  1.59470000
 time elapsed:   14.481254000000035     
  
-------    55------- k=  1.62460000
 time elapsed:   6.5416309999999385     
  
-------    56------- k=  1.65450000
 time elapsed:   6.7619430000000875     
  
-------    57------- k=  1.68440000
 time elapsed:   3.1620279999999639     
  
-------    58------- k=  1.71430000
 time elapsed:   6.4291499999999360     
  
-------    59------- k=  1.74420000
 time elapsed:   6.6666510000000017     
  
-------    60------- k=  1.77410000
 time elapsed:   3.3479760000000169     
  
-------    61------- k=  1.80400000
 time elapsed:   6.4604339999999638     
  
-------    62------- k=  1.83390000
 time elapsed:   6.8261039999999866     
  
-------    63------- k=  1.86380000
 time elapsed:   3.5013119999999844     
  
-------    64------- k=  1.89370000
 time elapsed:   6.6906199999999671     
  
-------    65------- k=  1.92360000
 time elapsed:   11.807522000000063     
  
-------    66------- k=  1.95350000
 time elapsed:   6.2509969999999839     
  
-------    67------- k=  1.98340000
 time elapsed:   14.795061999999916     
  
-------    68------- k=  2.01330000
 time elapsed:   12.296678000000043     
  
-------    69------- k=  2.04320000
 time elapsed:   9.2722169999999551     
  
-------    70------- k=  2.07310000
 time elapsed:   12.367527999999993     
  
-------    71------- k=  2.10300000
 time elapsed:   14.159968000000049     
  
-------    72------- k=  2.13290000
 time elapsed:   8.3068419999999605     
  
-------    73------- k=  2.16280000
 time elapsed:   11.263963999999987     
  
-------    74------- k=  2.19270000
 time elapsed:   14.101869000000079     
  
-------    75------- k=  2.22260000
 time elapsed:   15.535525999999891     
  
-------    76------- k=  2.25250000
 time elapsed:   14.457908000000089     
  
-------    77------- k=  2.28240000
 time elapsed:   14.075540999999930     
  
-------    78------- k=  2.31230000
 time elapsed:   8.5602030000000013     
  
-------    79------- k=  2.34220000
 time elapsed:   11.018948000000023     
  
-------    80------- k=  2.37210000
 time elapsed:   15.828179999999975     
  
-------    81------- k=  2.40200000
 time elapsed:   4.7017789999999877     
  
-------    82------- k=  2.43190000
 time elapsed:   9.2664790000000039     
  
-------    83------- k=  2.46180000
 time elapsed:   8.6466000000000349     
  
-------    84------- k=  2.49170000
 time elapsed:   4.0267599999999675     
  
-------    85------- k=  2.52160000
 time elapsed:   8.7708770000000413     
  
-------    86------- k=  2.55150000
 time elapsed:   9.0277699999999186     
  
-------    87------- k=  2.58140000
 time elapsed:   4.0751330000000507     
  
-------    88------- k=  2.61130000
 time elapsed:   8.1776380000001154     
  
-------    89------- k=  2.64120000
 time elapsed:   8.8574900000000980     
  
-------    90------- k=  2.67110000
 time elapsed:   4.2406660000001466     
  
-------    91------- k=  2.70100000
 time elapsed:   8.2688249999998789     
  
-------    92------- k=  2.73090000
 time elapsed:   8.8323559999998906     
  
-------    93------- k=  2.76080000
 time elapsed:   4.4798269999998865     
  
-------    94------- k=  2.79070000
 time elapsed:   8.4599690000000010     
  
-------    95------- k=  2.82060000
 time elapsed:   9.5413929999999709     
  
-------    96------- k=  2.85050000
 time elapsed:   5.0340230000001611     
  
-------    97------- k=  2.88040000
 time elapsed:   9.3546919999998863     
  
-------    98------- k=  2.91030000
 time elapsed:   9.8840229999998428     
  
-------    99------- k=  2.94020000
 time elapsed:   4.7956659999999829     
  
-------   100------- k=  2.97010000
 time elapsed:   9.2258519999998043     

Total time elapsed(s):1125.9467300000001  (min): 18.765778833333336
