 Read input data
 ...done
 Read velocity distributions from files
           1         255          64
 ...done.
  
-------     1------- k=  0.01000000
 time elapsed:   129.50499299999998     
  
-------     2------- k=  0.03990000
 time elapsed:   37.343266000000000     
  
-------     3------- k=  0.06980000
 time elapsed:   38.948339000000004     
  
-------     4------- k=  0.09970000
 time elapsed:   16.866924000000012     
  
-------     5------- k=  0.12960000
 time elapsed:   15.925598000000008     
  
-------     6------- k=  0.15950000
 time elapsed:   16.323778000000004     
  
-------     7------- k=  0.18940000
 time elapsed:   33.451706000000001     
  
-------     8------- k=  0.21930000
 time elapsed:   29.122112000000016     
  
-------     9------- k=  0.24920000
 time elapsed:   24.280306000000053     
  
-------    10------- k=  0.27910000
 time elapsed:   12.322587999999996     
  
-------    11------- k=  0.30900000
 time elapsed:   44.073827999999992     
  
-------    12------- k=  0.33890000
 time elapsed:   13.270736999999997     
  
-------    13------- k=  0.36880000
 time elapsed:   21.089605000000006     
  
-------    14------- k=  0.39870000
 time elapsed:   25.385540999999989     
  
-------    15------- k=  0.42860000
 time elapsed:   8.5535140000000069     
  
-------    16------- k=  0.45850000
Warning: Muller did not converge in 100 steps for roots: 3
 time elapsed:   43.782218999999998     
  
-------    17------- k=  0.48840000
 time elapsed:   12.776747999999998     
  
-------    18------- k=  0.51830000
 time elapsed:   17.238363000000049     
  
-------    19------- k=  0.54820000
 time elapsed:   11.804998000000069     
  
-------    20------- k=  0.57810000
 time elapsed:   13.479064999999991     
  
-------    21------- k=  0.60800000
 time elapsed:   25.856216000000018     
  
-------    22------- k=  0.63790000
 time elapsed:   9.0232080000000678     
  
-------    23------- k=  0.66780000
 time elapsed:   13.897087000000056     
  
-------    24------- k=  0.69770000
 time elapsed:   13.641240000000039     
  
-------    25------- k=  0.72760000
 time elapsed:   11.460541000000035     
  
-------    26------- k=  0.75750000
 time elapsed:   8.9696569999999838     
  
-------    27------- k=  0.78740000
 time elapsed:   12.292209000000071     
  
-------    28------- k=  0.81730000
Warning: Muller did not converge in 100 steps for roots: 3
 time elapsed:   24.751421999999934     
  
-------    29------- k=  0.84720000
 time elapsed:   16.847363999999970     
  
-------    30------- k=  0.87710000
 time elapsed:   22.335309000000052     
  
-------    31------- k=  0.90700000
 time elapsed:   15.966012999999975     
  
-------    32------- k=  0.93690000
 time elapsed:   19.270215000000007     
  
-------    33------- k=  0.96680000
 time elapsed:   12.942165000000045     
  
-------    34------- k=  0.99670000
 time elapsed:   19.040752999999995     
  
-------    35------- k=  1.02660000
 time elapsed:   17.108773000000042     
  
-------    36------- k=  1.05650000
 time elapsed:   29.167379999999980     
  
-------    37------- k=  1.08640000
 time elapsed:   24.910575999999992     
  
-------    38------- k=  1.11630000
 time elapsed:   18.628726000000029     
  
-------    39------- k=  1.14620000
 time elapsed:   16.210196999999994     
  
-------    40------- k=  1.17610000
 time elapsed:   20.927779000000100     
  
-------    41------- k=  1.20600000
 time elapsed:   20.661169999999970     
  
-------    42------- k=  1.23590000
 time elapsed:   15.328101999999944     
  
-------    43------- k=  1.26580000
 time elapsed:   20.701184000000012     
  
-------    44------- k=  1.29570000
 time elapsed:   24.574637000000052     
  
-------    45------- k=  1.32560000
 time elapsed:   17.687242000000083     
  
-------    46------- k=  1.35550000
 time elapsed:   22.934058000000050     
  
-------    47------- k=  1.38540000
 time elapsed:   24.643594000000121     
  
-------    48------- k=  1.41530000
 time elapsed:   14.807127000000037     
  
-------    49------- k=  1.44520000
 time elapsed:   23.012724000000162     
  
-------    50------- k=  1.47510000
 time elapsed:   23.145074000000022     
  
-------    51------- k=  1.50500000
 time elapsed:   21.357391999999891     
  
-------    52------- k=  1.53490000
 time elapsed:   27.164483000000018     
  
-------    53------- k=  1.56480000
 time elapsed:   26.493944999999940     
  
-------    54------- k=  1.59470000
 time elapsed:   9.4999319999999443     
  
-------    55------- k=  1.62460000
 time elapsed:   23.465666000000056     
  
-------    56------- k=  1.65450000
 time elapsed:   27.275341999999910     
  
-------    57------- k=  1.68440000
 time elapsed:   17.209518000000116     
  
-------    58------- k=  1.71430000
 time elapsed:   24.970943000000034     
  
-------    59------- k=  1.74420000
 time elapsed:   27.555898000000070     
  
-------    60------- k=  1.77410000
 time elapsed:   17.691542999999911     
  
-------    61------- k=  1.80400000
 time elapsed:   28.443553999999949     
  
-------    62------- k=  1.83390000
 time elapsed:   29.049972999999909     
  
-------    63------- k=  1.86380000
 time elapsed:   18.448131999999987     
  
-------    64------- k=  1.89370000
 time elapsed:   30.023100999999997     
  
-------    65------- k=  1.92360000
 time elapsed:   28.533758999999918     
  
-------    66------- k=  1.95350000
 time elapsed:   21.579113000000007     
  
-------    67------- k=  1.98340000
 time elapsed:   31.532329000000118     
  
-------    68------- k=  2.01330000
 time elapsed:   29.284213000000136     
  
-------    69------- k=  2.04320000
 time elapsed:   9.9933400000002166     
  
-------    70------- k=  2.07310000
 time elapsed:   22.957567999999810     
  
-------    71------- k=  2.10300000
 time elapsed:   22.058326000000079     
  
-------    72------- k=  2.13290000
 time elapsed:   11.327465000000075     
  
-------    73------- k=  2.16280000
 time elapsed:   23.800631000000067     
  
-------    74------- k=  2.19270000
 time elapsed:   34.458222999999862     
  
-------    75------- k=  2.22260000
 time elapsed:   20.641525000000001     
  
-------    76------- k=  2.25250000
 time elapsed:   37.887273000000050     
  
-------    77------- k=  2.28240000
 time elapsed:   35.454574000000093     
  
-------    78------- k=  2.31230000
 time elapsed:   20.885792999999921     
  
-------    79------- k=  2.34220000
 time elapsed:   32.334567999999990     
  
-------    80------- k=  2.37210000
 time elapsed:   36.651002999999946     
  
-------    81------- k=  2.40200000
 time elapsed:   28.074006000000054     
  
-------    82------- k=  2.43190000
 time elapsed:   37.019232999999986     
  
-------    83------- k=  2.46180000
 time elapsed:   35.228653000000122     
  
-------    84------- k=  2.49170000
 time elapsed:   21.675702000000001     
  
-------    85------- k=  2.52160000
 time elapsed:   26.260596999999962     
  
-------    86------- k=  2.55150000
 time elapsed:   26.864054000000124     
  
-------    87------- k=  2.58140000
 time elapsed:   12.178147000000081     
  
-------    88------- k=  2.61130000
 time elapsed:   27.857180999999855     
  
-------    89------- k=  2.64120000
 time elapsed:   27.035138000000188     
  
-------    90------- k=  2.67110000
 time elapsed:   13.901315999999952     
  
-------    91------- k=  2.70100000
 time elapsed:   27.926668999999947     
  
-------    92------- k=  2.73090000
 time elapsed:   29.843985999999859     
  
-------    93------- k=  2.76080000
 time elapsed:   22.450135999999929     
  
-------    94------- k=  2.79070000
 time elapsed:   44.482525999999780     
  
-------    95------- k=  2.82060000
 time elapsed:   35.443964999999935     
  
-------    96------- k=  2.85050000
 time elapsed:   22.202252000000044     
  
-------    97------- k=  2.88040000
 time elapsed:   40.648959000000104     
  
-------    98------- k=  2.91030000
 time elapsed:   43.143297999999959     
  
-------    99------- k=  2.94020000
 time elapsed:   26.195940000000064     
  
-------   100------- k=  2.97010000
 time elapsed:   38.170111000000361     

Total time elapsed(s):2461.0394600000000  (min): 41.017324333333335
