 Read input data
 ...done
 Read velocity distributions from files
           1         255          64
 ...done.
  
-------     1------- k=  0.01000000
 time elapsed:   92.060914999999994     
  
-------     2------- k=  0.03990000
 time elapsed:   47.000779000000009     
  
-------     3------- k=  0.06980000
 time elapsed:   33.475452000000018     
  
-------     4------- k=  0.09970000
 time elapsed:   20.257115999999996     
  
-------     5------- k=  0.12960000
 time elapsed:   40.967627999999991     
  
-------     6------- k=  0.15950000
 time elapsed:   16.785116000000016     
  
-------     7------- k=  0.18940000
 time elapsed:   30.019555000000025     
  
-------     8------- k=  0.21930000
 time elapsed:   28.349301999999966     
  
-------     9------- k=  0.24920000
 time elapsed:   23.800510999999972     
  
-------    10------- k=  0.27910000
 time elapsed:   22.156307999999967     
  
-------    11------- k=  0.30900000
 time elapsed:   52.389359000000013     
  
-------    12------- k=  0.33890000
 time elapsed:   47.500576999999964     
  
-------    13------- k=  0.36880000
 time elapsed:   17.589042000000006     
  
-------    14------- k=  0.39870000
 time elapsed:   32.307245000000023     
  
-------    15------- k=  0.42860000
 time elapsed:   20.479422999999940     
  
-------    16------- k=  0.45850000
 time elapsed:   13.367943999999966     
  
-------    17------- k=  0.48840000
 time elapsed:   16.584378000000015     
  
-------    18------- k=  0.51830000
 time elapsed:   26.524895000000015     
  
-------    19------- k=  0.54820000
 time elapsed:   16.025227999999970     
  
-------    20------- k=  0.57810000
 time elapsed:   12.914204000000041     
  
-------    21------- k=  0.60800000
 time elapsed:   14.902614999999969     
  
-------    22------- k=  0.63790000
 time elapsed:   9.6900489999999309     
  
-------    23------- k=  0.66780000
 time elapsed:   17.934888999999998     
  
-------    24------- k=  0.69770000
 time elapsed:   13.093053999999938     
  
-------    25------- k=  0.72760000
 time elapsed:   17.647225999999932     
  
-------    26------- k=  0.75750000
 time elapsed:   8.4688249999999243     
  
-------    27------- k=  0.78740000
 time elapsed:   14.791405999999938     
  
-------    28------- k=  0.81730000
 time elapsed:   9.5572559999999385     
  
-------    29------- k=  0.84720000
 time elapsed:   12.356612000000041     
  
-------    30------- k=  0.87710000
 time elapsed:   14.128300000000081     
  
-------    31------- k=  0.90700000
 time elapsed:   7.8441699999999628     
  
-------    32------- k=  0.93690000
 time elapsed:   11.189299000000005     
  
-------    33------- k=  0.96680000
 time elapsed:   10.092972000000032     
  
-------    34------- k=  0.99670000
 time elapsed:   8.4273819999999660     
  
-------    35------- k=  1.02660000
 time elapsed:   14.455388999999968     
  
-------    36------- k=  1.05650000
 time elapsed:   16.507282000000032     
  
-------    37------- k=  1.08640000
 time elapsed:   21.048479000000043     
  
-------    38------- k=  1.11630000
 time elapsed:   17.200288000000000     
  
-------    39------- k=  1.14620000
 time elapsed:   17.361006999999972     
  
-------    40------- k=  1.17610000
 time elapsed:   13.643762000000038     
  
-------    41------- k=  1.20600000
 time elapsed:   14.624049000000014     
  
-------    42------- k=  1.23590000
 time elapsed:   21.629574000000048     
  
-------    43------- k=  1.26580000
 time elapsed:   14.179518000000030     
  
-------    44------- k=  1.29570000
 time elapsed:   18.596936000000028     
  
-------    45------- k=  1.32560000
 time elapsed:   27.019752000000040     
  
-------    46------- k=  1.35550000
 time elapsed:   14.286068999999998     
  
-------    47------- k=  1.38540000
 time elapsed:   18.557351999999923     
  
-------    48------- k=  1.41530000
 time elapsed:   20.830893999999944     
  
-------    49------- k=  1.44520000
 time elapsed:   11.351167000000032     
  
-------    50------- k=  1.47510000
 time elapsed:   21.769566000000168     
  
-------    51------- k=  1.50500000
 time elapsed:   22.887373000000025     
  
-------    52------- k=  1.53490000
 time elapsed:   41.208954000000176     
  
-------    53------- k=  1.56480000
 time elapsed:   14.885688999999957     
  
-------    54------- k=  1.59470000
 time elapsed:   8.2126379999999699     
  
-------    55------- k=  1.62460000
 time elapsed:   14.026328000000149     
  
-------    56------- k=  1.65450000
 time elapsed:   15.044804999999997     
  
-------    57------- k=  1.68440000
 time elapsed:   21.209250000000111     
  
-------    58------- k=  1.71430000
 time elapsed:   9.5617529999999533     
  
-------    59------- k=  1.74420000
 time elapsed:   26.938065999999935     
  
-------    60------- k=  1.77410000
 time elapsed:   17.986296000000038     
  
-------    61------- k=  1.80400000
 time elapsed:   20.640313999999989     
  
-------    62------- k=  1.83390000
 time elapsed:   18.974699999999984     
  
-------    63------- k=  1.86380000
 time elapsed:   18.722932000000128     
  
-------    64------- k=  1.89370000
 time elapsed:   7.1038080000000718     
  
-------    65------- k=  1.92360000
 time elapsed:   28.137559999999894     
  
-------    66------- k=  1.95350000
 time elapsed:   22.239559999999983     
  
-------    67------- k=  1.98340000
 time elapsed:   21.102272000000085     
  
-------    68------- k=  2.01330000
 time elapsed:   26.798425000000179     
  
-------    69------- k=  2.04320000
 time elapsed:   9.1304620000000796     
  
-------    70------- k=  2.07310000
 time elapsed:   8.7489009999999325     
  
-------    71------- k=  2.10300000
 time elapsed:   9.0637340000000677     
  
-------    72------- k=  2.13290000
 time elapsed:   8.0226139999999759     
  
-------    73------- k=  2.16280000
 time elapsed:   8.0459029999999530     
  
-------    74------- k=  2.19270000
 time elapsed:   16.948559000000159     
  
-------    75------- k=  2.22260000
 time elapsed:   17.627377000000024     
  
-------    76------- k=  2.25250000
 time elapsed:   20.961692999999968     
  
-------    77------- k=  2.28240000
 time elapsed:   25.328854999999976     
  
-------    78------- k=  2.31230000
 time elapsed:   20.439284000000043     
  
-------    79------- k=  2.34220000
 time elapsed:   14.673054999999977     
  
-------    80------- k=  2.37210000
 time elapsed:   18.752476999999999     
  
-------    81------- k=  2.40200000
 time elapsed:   24.927413999999999     
  
-------    82------- k=  2.43190000
 time elapsed:   24.934473000000025     
  
-------    83------- k=  2.46180000
 time elapsed:   37.784660000000031     
  
-------    84------- k=  2.49170000
 time elapsed:   31.587106999999833     
  
-------    85------- k=  2.52160000
 time elapsed:   10.913035000000036     
  
-------    86------- k=  2.55150000
 time elapsed:   10.410354000000098     
  
-------    87------- k=  2.58140000
 time elapsed:   10.406322000000046     
  
-------    88------- k=  2.61130000
 time elapsed:   9.4648019999999633     
  
-------    89------- k=  2.64120000
 time elapsed:   9.9137920000000577     
  
-------    90------- k=  2.67110000
 time elapsed:   10.020560000000160     
  
-------    91------- k=  2.70100000
 time elapsed:   8.8903780000000552     
  
-------    92------- k=  2.73090000
 time elapsed:   10.799025999999913     
  
-------    93------- k=  2.76080000
 time elapsed:   21.275804000000107     
  
-------    94------- k=  2.79070000
 time elapsed:   21.035515999999916     
  
-------    95------- k=  2.82060000
 time elapsed:   24.061065000000099     
  
-------    96------- k=  2.85050000
 time elapsed:   21.085068000000092     
  
-------    97------- k=  2.88040000
 time elapsed:   35.689229000000068     
  
-------    98------- k=  2.91030000
 time elapsed:   32.131419000000051     
  
-------    99------- k=  2.94020000
 time elapsed:   35.067610000000059     
  
-------   100------- k=  2.97010000
 time elapsed:   23.346333000000186     

Total time elapsed(s):2010.9718060000000  (min): 33.516196766666667
