 Read input data
 ...done
 Read velocity distributions from files
           1         255          64
 ...done.
  
-------     1------- k=  0.01000000
 time elapsed:   129.10492200000002     
  
-------     2------- k=  0.03990000
 time elapsed:   84.221666999999997     
  
-------     3------- k=  0.06980000
 time elapsed:   47.594796999999971     
  
-------     4------- k=  0.09970000
 time elapsed:   74.864512999999988     
  
-------     5------- k=  0.12960000
 time elapsed:   44.981903999999986     
  
-------     6------- k=  0.15950000
 time elapsed:   70.457302999999968     
  
-------     7------- k=  0.18940000
 time elapsed:   27.184874999999977     
  
-------     8------- k=  0.21930000
 time elapsed:   16.807281999999987     
  
-------     9------- k=  0.24920000
 time elapsed:   14.490600999999970     
  
-------    10------- k=  0.27910000
 time elapsed:   15.342061999999999     
  
-------    11------- k=  0.30900000
 time elapsed:   15.603244000000018     
  
-------    12------- k=  0.33890000
 time elapsed:   20.458201000000031     
  
-------    13------- k=  0.36880000
 time elapsed:   31.815879999999993     
  
-------    14------- k=  0.39870000
 time elapsed:   47.073998999999958     
  
-------    15------- k=  0.42860000
 time elapsed:   76.309866000000056     
  
-------    16------- k=  0.45850000
 time elapsed:   33.274624000000017     
  
-------    17------- k=  0.48840000
 time elapsed:   26.710907999999904     
  
-------    18------- k=  0.51830000
 time elapsed:   13.407797999999957     
  
-------    19------- k=  0.54820000
 time elapsed:   39.414084000000003     
  
-------    20------- k=  0.57810000
 time elapsed:   50.033001000000013     
  
-------    21------- k=  0.60800000
 time elapsed:   40.007249999999999     
  
-------    22------- k=  0.63790000
 time elapsed:   30.716061000000082     
  
-------    23------- k=  0.66780000
 time elapsed:   34.174616000000015     
  
-------    24------- k=  0.69770000
 time elapsed:   24.829867000000036     
  
-------    25------- k=  0.72760000
 time elapsed:   16.558261000000130     
  
-------    26------- k=  0.75750000
 time elapsed:   63.179532999999992     
  
-------    27------- k=  0.78740000
 time elapsed:   39.752883999999995     
  
-------    28------- k=  0.81730000
 time elapsed:   14.649279000000206     
  
-------    29------- k=  0.84720000
 time elapsed:   69.236357999999882     
  
-------    30------- k=  0.87710000
 time elapsed:   61.135758000000124     
  
-------    31------- k=  0.90700000
 time elapsed:   59.988407999999936     
  
-------    32------- k=  0.93690000
 time elapsed:   67.053352999999788     
  
-------    33------- k=  0.96680000
 time elapsed:   58.988262999999961     
  
-------    34------- k=  0.99670000
 time elapsed:   46.158385999999837     
  
-------    35------- k=  1.02660000
 time elapsed:   61.480977000000166     
  
-------    36------- k=  1.05650000
 time elapsed:   37.793046999999888     
  
-------    37------- k=  1.08640000
 time elapsed:   61.786874000000125     
  
-------    38------- k=  1.11630000
 time elapsed:   38.122974999999997     
  
-------    39------- k=  1.14620000
 time elapsed:   51.828761999999870     
  
-------    40------- k=  1.17610000
 time elapsed:   45.230763000000024     
  
-------    41------- k=  1.20600000
 time elapsed:   35.612366999999949     
  
-------    42------- k=  1.23590000
 time elapsed:   51.216650999999956     
  
-------    43------- k=  1.26580000
 time elapsed:   49.446580000000040     
  
-------    44------- k=  1.29570000
 time elapsed:   40.503672999999935     
  
-------    45------- k=  1.32560000
 time elapsed:   44.010909999999967     
  
-------    46------- k=  1.35550000
 time elapsed:   48.389982999999802     
  
-------    47------- k=  1.38540000
 time elapsed:   40.017298000000210     
  
-------    48------- k=  1.41530000
 time elapsed:   37.498545000000377     
  
-------    49------- k=  1.44520000
 time elapsed:   43.692695999999614     
  
-------    50------- k=  1.47510000
 time elapsed:   38.689319999999952     
  
-------    51------- k=  1.50500000
 time elapsed:   51.444566000000123     
  
-------    52------- k=  1.53490000
 time elapsed:   48.467830999999933     
  
-------    53------- k=  1.56480000
 time elapsed:   38.746133000000100     
  
-------    54------- k=  1.59470000
 time elapsed:   41.993147000000135     
  
-------    55------- k=  1.62460000
 time elapsed:   43.463681000000179     
  
-------    56------- k=  1.65450000
 time elapsed:   38.645292000000154     
  
-------    57------- k=  1.68440000
 time elapsed:   42.802995000000010     
  
-------    58------- k=  1.71430000
 time elapsed:   46.076453000000129     
  
-------    59------- k=  1.74420000
 time elapsed:   42.369366999999784     
  
-------    60------- k=  1.77410000
 time elapsed:   43.930719999999837     
  
-------    61------- k=  1.80400000
 time elapsed:   50.157330000000002     
  
-------    62------- k=  1.83390000
 time elapsed:   47.098911999999928     
  
-------    63------- k=  1.86380000
 time elapsed:   39.292512999999872     
  
-------    64------- k=  1.89370000
 time elapsed:   55.409137000000101     
  
-------    65------- k=  1.92360000
 time elapsed:   40.927572000000055     
  
-------    66------- k=  1.95350000
 time elapsed:   47.939866000000166     
  
-------    67------- k=  1.98340000
 time elapsed:   57.893735999999990     
  
-------    68------- k=  2.01330000
 time elapsed:   44.332619000000250     
  
-------    69------- k=  2.04320000
 time elapsed:   51.679391000000123     
  
-------    70------- k=  2.07310000
 time elapsed:   59.696374999999989     
  
-------    71------- k=  2.10300000
 time elapsed:   50.453883000000133     
  
-------    72------- k=  2.13290000
 time elapsed:   51.226843999999801     
  
-------    73------- k=  2.16280000
 time elapsed:   54.208134000000427     
  
-------    74------- k=  2.19270000
 time elapsed:   52.240295999999944     
  
-------    75------- k=  2.22260000
 time elapsed:   94.152736999999888     
  
-------    76------- k=  2.25250000
 time elapsed:   55.977936999999656     
  
-------    77------- k=  2.28240000
 time elapsed:   52.934168000000227     
  
-------    78------- k=  2.31230000
 time elapsed:   55.931073999999626     
  
-------    79------- k=  2.34220000
 time elapsed:   52.108174999999846     
  
-------    80------- k=  2.37210000
 time elapsed:   49.852245000000039     
  
-------    81------- k=  2.40200000
 time elapsed:   76.981847000000016     
  
-------    82------- k=  2.43190000
 time elapsed:   51.968326000000161     
  
-------    83------- k=  2.46180000
 time elapsed:   58.179255000000012     
  
-------    84------- k=  2.49170000
 time elapsed:   59.119980999999825     
  
-------    85------- k=  2.52160000
 time elapsed:   64.127835999999661     
  
-------    86------- k=  2.55150000
 time elapsed:   54.285190000000057     
  
-------    87------- k=  2.58140000
 time elapsed:   63.687710999999581     
  
-------    88------- k=  2.61130000
 time elapsed:   63.755454999999529     
  
-------    89------- k=  2.64120000
 time elapsed:   55.033629999999903     
  
-------    90------- k=  2.67110000
 time elapsed:   70.577988000000005     
  
-------    91------- k=  2.70100000
 time elapsed:   75.763589000000138     
  
-------    92------- k=  2.73090000
 time elapsed:   66.439229999999952     
  
-------    93------- k=  2.76080000
 time elapsed:   72.829545000000508     
  
-------    94------- k=  2.79070000
 time elapsed:   68.264028999999937     
  
-------    95------- k=  2.82060000
 time elapsed:   61.209342000000106     
  
-------    96------- k=  2.85050000
 time elapsed:   67.955620999999155     
  
-------    97------- k=  2.88040000
 time elapsed:   74.964098000000376     
  
-------    98------- k=  2.91030000
 time elapsed:   65.238706999999522     
  
-------    99------- k=  2.94020000
 time elapsed:   67.820065000000795     
  
-------   100------- k=  2.97010000
 time elapsed:   74.780415999999605     

Total time elapsed(s):5045.4591479999999  (min): 84.090985799999999
