 Read input data
 ...done
 Read velocity distributions from files
           1         255          64
 ...done.
  
-------     1------- k=  0.01000000
 time elapsed:   96.220849000000001     
  
-------     2------- k=  0.03990000
 time elapsed:   33.400542999999999     
  
-------     3------- k=  0.06980000
 time elapsed:   19.458772999999979     
  
-------     4------- k=  0.09970000
 time elapsed:   17.333338000000026     
  
-------     5------- k=  0.12960000
 time elapsed:   14.934375999999986     
  
-------     6------- k=  0.15950000
 time elapsed:   12.058490000000006     
  
-------     7------- k=  0.18940000
 time elapsed:   8.6374350000000106     
  
-------     8------- k=  0.21930000
 time elapsed:   8.6343139999999892     
  
-------     9------- k=  0.24920000
 time elapsed:   7.3818599999999890     
  
-------    10------- k=  0.27910000
 time elapsed:   6.7394710000000089     
  
-------    11------- k=  0.30900000
 time elapsed:   6.2332470000000058     
  
-------    12------- k=  0.33890000
 time elapsed:   6.2614390000000242     
  
-------    13------- k=  0.36880000
 time elapsed:   4.8217439999999954     
  
-------    14------- k=  0.39870000
 time elapsed:   4.8540309999999920     
  
-------    15------- k=  0.42860000
 time elapsed:   4.3192730000000097     
  
-------    16------- k=  0.45850000
 time elapsed:   3.2339999999999804     
  
-------    17------- k=  0.48840000
 time elapsed:   3.2387180000000058     
  
-------    18------- k=  0.51830000
 time elapsed:   2.6888689999999542     
  
-------    19------- k=  0.54820000
 time elapsed:   2.3298060000000191     
  
-------    20------- k=  0.57810000
 time elapsed:   1.9798559999999839     
  
-------    21------- k=  0.60800000
 time elapsed:   1.9720639999999889     
  
-------    22------- k=  0.63790000
Warning: Muller did not converge in 100 steps for roots: 1
 time elapsed:   13.113176000000010     
  
-------    23------- k=  0.66780000
 time elapsed:   3.7749319999999784     
  
-------    24------- k=  0.69770000
 time elapsed:   2.9811540000000036     
  
-------    25------- k=  0.72760000
 time elapsed:   3.4364750000000299     
  
-------    26------- k=  0.75750000
 time elapsed:   3.3373670000000288     
  
-------    27------- k=  0.78740000
 time elapsed:   4.3706720000000132     
  
-------    28------- k=  0.81730000
 time elapsed:   5.7631170000000225     
  
-------    29------- k=  0.84720000
 time elapsed:   5.9858560000000125     
  
-------    30------- k=  0.87710000
 time elapsed:   4.7243310000000065     
  
-------    31------- k=  0.90700000
 time elapsed:   6.7316660000000184     
  
-------    32------- k=  0.93690000
 time elapsed:   3.3676720000000273     
  
-------    33------- k=  0.96680000
 time elapsed:   6.5699119999999880     
  
-------    34------- k=  0.99670000
 time elapsed:   8.2479819999999791     
  
-------    35------- k=  1.02660000
 time elapsed:   3.9155640000000176     
  
-------    36------- k=  1.05650000
 time elapsed:   7.4424680000000194     
  
-------    37------- k=  1.08640000
 time elapsed:   6.8960179999999696     
  
-------    38------- k=  1.11630000
 time elapsed:   2.5244149999999763     
  
-------    39------- k=  1.14620000
 time elapsed:   6.7051220000000171     
  
-------    40------- k=  1.17610000
 time elapsed:   6.8084430000000111     
  
-------    41------- k=  1.20600000
 time elapsed:   2.5354450000000384     
  
-------    42------- k=  1.23590000
 time elapsed:   6.8004570000000513     
  
-------    43------- k=  1.26580000
 time elapsed:   6.8305240000000254     
  
-------    44------- k=  1.29570000
 time elapsed:   2.5344690000000014     
  
-------    45------- k=  1.32560000
 time elapsed:   6.8225669999999923     
  
-------    46------- k=  1.35550000
 time elapsed:   6.9273709999999937     
  
-------    47------- k=  1.38540000
 time elapsed:   2.6430290000000127     
  
-------    48------- k=  1.41530000
 time elapsed:   6.6666900000000169     
  
-------    49------- k=  1.44520000
 time elapsed:   6.7896640000000161     
  
-------    50------- k=  1.47510000
 time elapsed:   2.6692589999999541     
  
-------    51------- k=  1.50500000
 time elapsed:   6.8297809999999686     
  
-------    52------- k=  1.53490000
 time elapsed:   6.8156539999999950     
  
-------    53------- k=  1.56480000
 time elapsed:   2.7597220000000107     
  
-------    54------- k=  1.59470000
 time elapsed:   6.9592159999999694     
  
-------    55------- k=  1.62460000
 time elapsed:   6.7823169999999777     
  
-------    56------- k=  1.65450000
 time elapsed:   2.7699839999999654     
  
-------    57------- k=  1.68440000
 time elapsed:   7.0779800000000250     
  
-------    58------- k=  1.71430000
 time elapsed:   6.7309569999999894     
  
-------    59------- k=  1.74420000
 time elapsed:   2.7576029999999605     
  
-------    60------- k=  1.77410000
 time elapsed:   6.9373359999999593     
  
-------    61------- k=  1.80400000
 time elapsed:   6.8267820000000370     
  
-------    62------- k=  1.83390000
 time elapsed:   2.6505450000000224     
  
-------    63------- k=  1.86380000
 time elapsed:   6.9591789999999492     
  
-------    64------- k=  1.89370000
 time elapsed:   6.8600450000000137     
  
-------    65------- k=  1.92360000
 time elapsed:   2.6648440000000164     
  
-------    66------- k=  1.95350000
 time elapsed:   6.8076989999999569     
  
-------    67------- k=  1.98340000
 time elapsed:   6.7771030000000110     
  
-------    68------- k=  2.01330000
 time elapsed:   2.6456439999999475     
  
-------    69------- k=  2.04320000
 time elapsed:   6.8856550000000425     
  
-------    70------- k=  2.07310000
 time elapsed:   6.7806259999999838     
  
-------    71------- k=  2.10300000
 time elapsed:   2.6447319999999763     
  
-------    72------- k=  2.13290000
 time elapsed:   6.8908529999999928     
  
-------    73------- k=  2.16280000
 time elapsed:   6.7522369999999228     
  
-------    74------- k=  2.19270000
 time elapsed:   2.6368710000000419     
  
-------    75------- k=  2.22260000
 time elapsed:   6.9268180000000257     
  
-------    76------- k=  2.25250000
 time elapsed:   6.7836839999999938     
  
-------    77------- k=  2.28240000
 time elapsed:   2.6347110000000384     
  
-------    78------- k=  2.31230000
 time elapsed:   6.8468820000000505     
  
-------    79------- k=  2.34220000
 time elapsed:   6.7441570000000866     
  
-------    80------- k=  2.37210000
 time elapsed:   2.6250870000000077     
  
-------    81------- k=  2.40200000
 time elapsed:   6.8718650000000707     
  
-------    82------- k=  2.43190000
 time elapsed:   6.7546659999999292     
  
-------    83------- k=  2.46180000
 time elapsed:   2.6241939999999886     
  
-------    84------- k=  2.49170000
 time elapsed:   6.8485059999999294     
  
-------    85------- k=  2.52160000
 time elapsed:   6.7536999999999807     
  
-------    86------- k=  2.55150000
 time elapsed:   2.6305210000000443     
  
-------    87------- k=  2.58140000
 time elapsed:   6.7492309999998952     
  
-------    88------- k=  2.61130000
 time elapsed:   6.7186859999999342     
  
-------    89------- k=  2.64120000
 time elapsed:   2.4514750000000731     
  
-------    90------- k=  2.67110000
 time elapsed:   6.2984940000000051     
  
-------    91------- k=  2.70100000
 time elapsed:   6.2742940000000544     
  
-------    92------- k=  2.73090000
 time elapsed:   2.5547279999999546     
  
-------    93------- k=  2.76080000
 time elapsed:   6.3761150000000271     
  
-------    94------- k=  2.79070000
 time elapsed:   6.3751240000000280     
  
-------    95------- k=  2.82060000
 time elapsed:   2.4591739999999618     
  
-------    96------- k=  2.85050000
 time elapsed:   6.2906400000000531     
  
-------    97------- k=  2.88040000
 time elapsed:   6.3463249999999789     
  
-------    98------- k=  2.91030000
 time elapsed:   2.5641080000000329     
  
-------    99------- k=  2.94020000
 time elapsed:   6.4177119999999377     
  
-------   100------- k=  2.97010000
 time elapsed:   6.3873909999999796     

Total time elapsed(s):695.28840100000002  (min): 11.588140016666667
