 Read input data
 ...done
 Read velocity distributions from files
           1         255          64
 ...done.
  
-------     1------- k=  0.01000000
 time elapsed:   123.37863400000001     
  
-------     2------- k=  0.03990000
 time elapsed:   49.943228999999988     
  
-------     3------- k=  0.06980000
 time elapsed:   31.723905000000002     
  
-------     4------- k=  0.09970000
 time elapsed:   24.798530000000000     
  
-------     5------- k=  0.12960000
 time elapsed:   17.939869000000016     
  
-------     6------- k=  0.15950000
 time elapsed:   51.923600000000022     
  
-------     7------- k=  0.18940000
 time elapsed:   26.560157000000004     
  
-------     8------- k=  0.21930000
 time elapsed:   15.192759000000024     
  
-------     9------- k=  0.24920000
 time elapsed:   16.599259000000018     
  
-------    10------- k=  0.27910000
 time elapsed:   15.063575000000014     
  
-------    11------- k=  0.30900000
 time elapsed:   13.554237000000001     
  
-------    12------- k=  0.33890000
 time elapsed:   31.268366000000015     
  
-------    13------- k=  0.36880000
 time elapsed:   12.805981999999972     
  
-------    14------- k=  0.39870000
 time elapsed:   24.056836999999973     
  
-------    15------- k=  0.42860000
 time elapsed:   13.130610999999988     
  
-------    16------- k=  0.45850000
 time elapsed:   9.9683999999999742     
  
-------    17------- k=  0.48840000
 time elapsed:   11.751413000000014     
  
-------    18------- k=  0.51830000
 time elapsed:   25.889251000000002     
  
-------    19------- k=  0.54820000
 time elapsed:   20.859079000000065     
  
-------    20------- k=  0.57810000
 time elapsed:   29.243103000000019     
  
-------    21------- k=  0.60800000
 time elapsed:   26.385119000000032     
  
-------    22------- k=  0.63790000
 time elapsed:   42.630769999999984     
  
-------    23------- k=  0.66780000
 time elapsed:   25.954422000000022     
  
-------    24------- k=  0.69770000
 time elapsed:   10.735796999999934     
  
-------    25------- k=  0.72760000
 time elapsed:   11.053870999999958     
  
-------    26------- k=  0.75750000
 time elapsed:   24.650477000000024     
  
-------    27------- k=  0.78740000
 time elapsed:   26.920290999999906     
  
-------    28------- k=  0.81730000
 time elapsed:   24.486780999999951     
  
-------    29------- k=  0.84720000
 time elapsed:   10.217103000000066     
  
-------    30------- k=  0.87710000
 time elapsed:   19.064994999999954     
  
-------    31------- k=  0.90700000
 time elapsed:   14.019425999999953     
  
-------    32------- k=  0.93690000
 time elapsed:   34.836657999999943     
  
-------    33------- k=  0.96680000
 time elapsed:   10.457428999999934     
  
-------    34------- k=  0.99670000
 time elapsed:   14.002432999999996     
  
-------    35------- k=  1.02660000
 time elapsed:   15.254393999999934     
  
-------    36------- k=  1.05650000
 time elapsed:   22.347702999999910     
  
-------    37------- k=  1.08640000
 time elapsed:   16.163238999999976     
  
-------    38------- k=  1.11630000
 time elapsed:   12.990427000000068     
  
-------    39------- k=  1.14620000
 time elapsed:   9.0442540000000236     
  
-------    40------- k=  1.17610000
 time elapsed:   16.068267999999989     
  
-------    41------- k=  1.20600000
 time elapsed:   22.021626999999967     
  
-------    42------- k=  1.23590000
 time elapsed:   17.531124999999975     
  
-------    43------- k=  1.26580000
Warning: Muller did not converge in 100 steps for roots: 5
 time elapsed:   37.806852999999933     
  
-------    44------- k=  1.29570000
 time elapsed:   8.1124780000000101     
  
-------    45------- k=  1.32560000
 time elapsed:   30.682696999999962     
  
-------    46------- k=  1.35550000
 time elapsed:   13.299653000000035     
  
-------    47------- k=  1.38540000
 time elapsed:   20.163374999999860     
  
-------    48------- k=  1.41530000
 time elapsed:   20.406521999999995     
  
-------    49------- k=  1.44520000
 time elapsed:   17.358556000000135     
  
-------    50------- k=  1.47510000
 time elapsed:   8.6847749999999451     
  
-------    51------- k=  1.50500000
 time elapsed:   15.963838000000123     
  
-------    52------- k=  1.53490000
 time elapsed:   8.3317879999999604     
  
-------    53------- k=  1.56480000
 time elapsed:   16.090298000000075     
  
-------    54------- k=  1.59470000
 time elapsed:   23.754748000000063     
  
-------    55------- k=  1.62460000
 time elapsed:   21.742878999999903     
  
-------    56------- k=  1.65450000
 time elapsed:   13.243109000000004     
  
-------    57------- k=  1.68440000
Warning: Muller did not converge in 100 steps for roots: 5
 time elapsed:   49.835082999999941     
  
-------    58------- k=  1.71430000
 time elapsed:   11.580191000000013     
  
-------    59------- k=  1.74420000
 time elapsed:   21.921235999999908     
  
-------    60------- k=  1.77410000
 time elapsed:   9.2726500000001124     
  
-------    61------- k=  1.80400000
 time elapsed:   25.418204000000060     
  
-------    62------- k=  1.83390000
 time elapsed:   48.071987000000036     
  
-------    63------- k=  1.86380000
 time elapsed:   11.831805999999915     
  
-------    64------- k=  1.89370000
 time elapsed:   24.130911999999853     
  
-------    65------- k=  1.92360000
 time elapsed:   25.461963999999853     
  
-------    66------- k=  1.95350000
 time elapsed:   30.591826999999967     
  
-------    67------- k=  1.98340000
 time elapsed:   38.472364999999854     
  
-------    68------- k=  2.01330000
 time elapsed:   14.162632000000031     
  
-------    69------- k=  2.04320000
 time elapsed:   40.086686000000100     
  
-------    70------- k=  2.07310000
 time elapsed:   32.541563999999880     
  
-------    71------- k=  2.10300000
 time elapsed:   34.195048999999926     
  
-------    72------- k=  2.13290000
 time elapsed:   29.400826000000052     
  
-------    73------- k=  2.16280000
 time elapsed:   15.698840999999902     
  
-------    74------- k=  2.19270000
 time elapsed:   24.881563999999798     
  
-------    75------- k=  2.22260000
 time elapsed:   16.684367999999949     
  
-------    76------- k=  2.25250000
 time elapsed:   25.357126000000108     
  
-------    77------- k=  2.28240000
 time elapsed:   15.659726999999975     
  
-------    78------- k=  2.31230000
 time elapsed:   27.322909999999865     
  
-------    79------- k=  2.34220000
 time elapsed:   51.452918999999838     
  
-------    80------- k=  2.37210000
 time elapsed:   39.565013000000135     
  
-------    81------- k=  2.40200000
 time elapsed:   28.300788000000011     
  
-------    82------- k=  2.43190000
 time elapsed:   47.084077999999863     
  
-------    83------- k=  2.46180000
 time elapsed:   32.019763999999896     
  
-------    84------- k=  2.49170000
 time elapsed:   43.170071000000007     
  
-------    85------- k=  2.52160000
 time elapsed:   19.415417000000161     
  
-------    86------- k=  2.55150000
 time elapsed:   30.507240000000365     
  
-------    87------- k=  2.58140000
 time elapsed:   13.457315999999992     
  
-------    88------- k=  2.61130000
 time elapsed:   21.825592000000142     
  
-------    89------- k=  2.64120000
 time elapsed:   56.499538999999913     
  
-------    90------- k=  2.67110000
 time elapsed:   35.698830999999700     
  
-------    91------- k=  2.70100000
 time elapsed:   20.048797999999806     
  
-------    92------- k=  2.73090000
 time elapsed:   29.397209000000203     
  
-------    93------- k=  2.76080000
 time elapsed:   25.140237000000070     
  
-------    94------- k=  2.79070000
 time elapsed:   66.647465000000011     
  
-------    95------- k=  2.82060000
 time elapsed:   47.328502999999728     
  
-------    96------- k=  2.85050000
 time elapsed:   21.456550000000334     
  
-------    97------- k=  2.88040000
 time elapsed:   43.516272999999728     
  
-------    98------- k=  2.91030000
 time elapsed:   29.043898000000354     
  
-------    99------- k=  2.94020000
 time elapsed:   36.135263000000123     
  
-------   100------- k=  2.97010000
 time elapsed:   19.103928999999880     

Total time elapsed(s):2577.6489090000000  (min): 42.960815150000002
