 Read input data
 ...done
 Read velocity distributions from files
           1         255          64
 ...done.
  
-------     1------- k=  0.01000000
 time elapsed:   151.97950100000000     
  
-------     2------- k=  0.03990000
 time elapsed:   81.286988000000008     
  
-------     3------- k=  0.06980000
 time elapsed:   57.295653000000016     
  
-------     4------- k=  0.09970000
 time elapsed:   83.300031000000047     
  
-------     5------- k=  0.12960000
 time elapsed:   36.442154000000016     
  
-------     6------- k=  0.15950000
 time elapsed:   35.100428000000022     
  
-------     7------- k=  0.18940000
 time elapsed:   34.281489999999962     
  
-------     8------- k=  0.21930000
 time elapsed:   22.257877000000008     
  
-------     9------- k=  0.24920000
 time elapsed:   53.750016000000016     
  
-------    10------- k=  0.27910000
 time elapsed:   29.531802999999968     
  
-------    11------- k=  0.30900000
 time elapsed:   80.129203999999959     
  
-------    12------- k=  0.33890000
 time elapsed:   57.752888999999982     
  
-------    13------- k=  0.36880000
 time elapsed:   39.105257999999935     
  
-------    14------- k=  0.39870000
 time elapsed:   42.380101999999965     
  
-------    15------- k=  0.42860000
 time elapsed:   42.567456999999990     
  
-------    16------- k=  0.45850000
 time elapsed:   47.481985000000009     
  
-------    17------- k=  0.48840000
 time elapsed:   51.267534999999953     
  
-------    18------- k=  0.51830000
 time elapsed:   79.636405999999965     
  
-------    19------- k=  0.54820000
 time elapsed:   58.606911999999966     
  
-------    20------- k=  0.57810000
Warning: Muller did not converge in 100 steps for roots: 3
 time elapsed:   153.27993000000015     
  
-------    21------- k=  0.60800000
 time elapsed:   24.861535000000003     
  
-------    22------- k=  0.63790000
 time elapsed:   85.469063000000006     
  
-------    23------- k=  0.66780000
 time elapsed:   99.084223999999949     
  
-------    24------- k=  0.69770000
 time elapsed:   44.464020000000119     
  
-------    25------- k=  0.72760000
 time elapsed:   112.96833999999990     
  
-------    26------- k=  0.75750000
 time elapsed:   50.640552999999954     
  
-------    27------- k=  0.78740000
 time elapsed:   82.442365999999993     
  
-------    28------- k=  0.81730000
 time elapsed:   70.713272999999845     
  
-------    29------- k=  0.84720000
 time elapsed:   66.495901000000003     
  
-------    30------- k=  0.87710000
 time elapsed:   65.219571000000087     
  
-------    31------- k=  0.90700000
 time elapsed:   78.637625999999955     
  
-------    32------- k=  0.93690000
Warning: Muller did not converge in 100 steps for roots: 5
 time elapsed:   147.70036400000004     
  
-------    33------- k=  0.96680000
Warning: Muller did not converge in 100 steps for roots: 5
 time elapsed:   134.39845500000001     
  
-------    34------- k=  0.99670000
 time elapsed:   127.19021000000021     
  
-------    35------- k=  1.02660000
 time elapsed:   109.80942699999969     
  
-------    36------- k=  1.05650000
 time elapsed:   130.13842199999999     
  
-------    37------- k=  1.08640000
 time elapsed:   202.74568700000009     
  
-------    38------- k=  1.11630000
 time elapsed:   135.87107300000025     
  
-------    39------- k=  1.14620000
 time elapsed:   117.82273499999974     
  
-------    40------- k=  1.17610000
 time elapsed:   128.96263700000009     
  
-------    41------- k=  1.20600000
 time elapsed:   112.95108600000003     
  
-------    42------- k=  1.23590000
 time elapsed:   127.56080099999963     
  
-------    43------- k=  1.26580000
 time elapsed:   106.17406900000015     
  
-------    44------- k=  1.29570000
 time elapsed:   87.921292999999878     
  
-------    45------- k=  1.32560000
Warning: Muller did not converge in 100 steps for roots: 2
 time elapsed:   216.25671100000000     
  
-------    46------- k=  1.35550000
Warning: Muller did not converge in 100 steps for roots: 2
 time elapsed:   175.04128600000013     
  
-------    47------- k=  1.38540000
 time elapsed:   153.83213499999965     
  
-------    48------- k=  1.41530000
 time elapsed:   123.78279000000020     
  
-------    49------- k=  1.44520000
 time elapsed:   138.26767500000005     
  
-------    50------- k=  1.47510000
Warning: Muller did not converge in 100 steps for roots: 5
 time elapsed:   294.77859700000045     
  
-------    51------- k=  1.50500000
 time elapsed:   188.07291199999963     
  
-------    52------- k=  1.53490000
 time elapsed:   181.49723000000085     
  
-------    53------- k=  1.56480000
 time elapsed:   169.86700300000030     
  
-------    54------- k=  1.59470000
Warning: Muller did not converge in 100 steps for roots: 2
 time elapsed:   273.11924600000020     
  
-------    55------- k=  1.62460000
 time elapsed:   175.65522899999996     
  
-------    56------- k=  1.65450000
 time elapsed:   157.03941199999917     
  
-------    57------- k=  1.68440000
 time elapsed:   129.20809699999973     
  
-------    58------- k=  1.71430000
 time elapsed:   238.37934899999982     
  
-------    59------- k=  1.74420000
Warning: Muller did not converge in 100 steps for roots: 2 5
 time elapsed:   381.13462000000072     
  
-------    60------- k=  1.77410000
 time elapsed:   195.50308899999982     
  
-------    61------- k=  1.80400000
 time elapsed:   247.62458100000003     
  
-------    62------- k=  1.83390000
 time elapsed:   173.83543499999996     
  
-------    63------- k=  1.86380000
Warning: Muller did not converge in 100 steps for roots: 2
 time elapsed:   225.78100199999972     
  
-------    64------- k=  1.89370000
 time elapsed:   115.71664600000076     
  
-------    65------- k=  1.92360000
 time elapsed:   129.31624100000045     
  
-------    66------- k=  1.95350000
 time elapsed:   138.08038699999997     
  
-------    67------- k=  1.98340000
 time elapsed:   177.99556599999960     
  
-------    68------- k=  2.01330000
 time elapsed:   151.70665100000042     
  
-------    69------- k=  2.04320000
 time elapsed:   109.35562100000061     
  
-------    70------- k=  2.07310000
 time elapsed:   184.73984399999972     
  
-------    71------- k=  2.10300000
 time elapsed:   183.08906300000126     
  
-------    72------- k=  2.13290000
 time elapsed:   172.33415199999945     
  
-------    73------- k=  2.16280000
 time elapsed:   154.12772700000096     
  
-------    74------- k=  2.19270000
 time elapsed:   124.50324499999988     
  
-------    75------- k=  2.22260000
 time elapsed:   52.807429000000411     
  
-------    76------- k=  2.25250000
 time elapsed:   122.58962400000019     
  
-------    77------- k=  2.28240000
 time elapsed:   242.72466100000020     
  
-------    78------- k=  2.31230000
 time elapsed:   102.28763399999843     
  
-------    79------- k=  2.34220000
 time elapsed:   166.84973400000126     
  
-------    80------- k=  2.37210000
 time elapsed:   191.93167999999969     
  
-------    81------- k=  2.40200000
 time elapsed:   121.00522400000045     
  
-------    82------- k=  2.43190000
 time elapsed:   119.96337900000071     
  
-------    83------- k=  2.46180000
 time elapsed:   171.56167599999935     
  
-------    84------- k=  2.49170000
 time elapsed:   101.82574199999908     
  
-------    85------- k=  2.52160000
 time elapsed:   199.47670800000014     
  
-------    86------- k=  2.55150000
 time elapsed:   237.56252099999983     
  
-------    87------- k=  2.58140000
Warning: Muller did not converge in 100 steps for roots: 3
 time elapsed:   232.87773999999990     
  
-------    88------- k=  2.61130000
 time elapsed:   119.10649899999953     
  
-------    89------- k=  2.64120000
 time elapsed:   226.28248400000120     
  
-------    90------- k=  2.67110000
 time elapsed:   95.230488999999579     
  
-------    91------- k=  2.70100000
 time elapsed:   177.45279599999958     
  
-------    92------- k=  2.73090000
 time elapsed:   409.47592299999997     
  
-------    93------- k=  2.76080000
 time elapsed:   245.09579400000075     
  
-------    94------- k=  2.79070000
 time elapsed:   172.38667600000008     
  
-------    95------- k=  2.82060000
 time elapsed:   251.41493400000036     
  
-------    96------- k=  2.85050000
 time elapsed:   355.80141100000037     
  
-------    97------- k=  2.88040000
 time elapsed:   362.77447500000017     
  
-------    98------- k=  2.91030000
 time elapsed:   263.18284599999970     
  
-------    99------- k=  2.94020000
 time elapsed:   187.04973500000051     
  
-------   100------- k=  2.97010000
 time elapsed:   300.65180200000032     

Total time elapsed(s):14396.812109999999  (min): 239.94686849999999
