 Read input data
 ...done
 Read velocity distributions from files
 ...done.
  
-------     1------- k=  0.01000000
 time elapsed:   1.4720999999999998E-002
  
-------     2------- k=  0.03990000
 time elapsed:   1.1517999999999997E-002
  
-------     3------- k=  0.06980000
 time elapsed:   1.6215000000000000E-002
  
-------     4------- k=  0.09970000
 time elapsed:   1.7280000000000004E-002
  
-------     5------- k=  0.12960000
 time elapsed:   2.4835999999999997E-002
  
-------     6------- k=  0.15950000
 time elapsed:   3.6728999999999998E-002
  
-------     7------- k=  0.18940000
 time elapsed:   5.5637000000000006E-002
  
-------     8------- k=  0.21930000
 time elapsed:  0.11018099999999997     
  
-------     9------- k=  0.24920000
 time elapsed:  0.10509799999999997     
  
-------    10------- k=  0.27910000
 time elapsed:  0.11000500000000002     
  
-------    11------- k=  0.30900000
 time elapsed:   9.7551999999999972E-002
  
-------    12------- k=  0.33890000
 time elapsed:   5.6281000000000025E-002
  
-------    13------- k=  0.36880000
 time elapsed:  0.52915900000000005     
  
-------    14------- k=  0.39870000
 time elapsed:  0.11824699999999999     
  
-------    15------- k=  0.42860000
 time elapsed:  0.30047000000000001     
  
-------    16------- k=  0.45850000
 time elapsed:  0.30340799999999968     
  
-------    17------- k=  0.48840000
 time elapsed:  0.19591200000000031     
  
-------    18------- k=  0.51830000
 time elapsed:  0.25335000000000019     
  
-------    19------- k=  0.54820000
 time elapsed:  0.10606699999999991     
  
-------    20------- k=  0.57810000
 time elapsed:  0.44729799999999997     
  
-------    21------- k=  0.60800000
 time elapsed:  0.57757900000000006     
  
-------    22------- k=  0.63790000
 time elapsed:  0.10760300000000012     
  
-------    23------- k=  0.66780000
 time elapsed:  0.41307200000000055     
  
-------    24------- k=  0.69770000
 time elapsed:  0.12673600000000018     
  
-------    25------- k=  0.72760000
 time elapsed:  0.50455100000000019     
  
-------    26------- k=  0.75750000
 time elapsed:  0.52326400000000017     
  
-------    27------- k=  0.78740000
 time elapsed:  0.36164500000000022     
  
-------    28------- k=  0.81730000
 time elapsed:  0.14019799999999982     
  
-------    29------- k=  0.84720000
 time elapsed:  0.65320399999999967     
  
-------    30------- k=  0.87710000
 time elapsed:  0.81493500000000019     
  
-------    31------- k=  0.90700000
 time elapsed:  0.58122800000000030     
  
-------    32------- k=  0.93690000
 time elapsed:  0.51018999999999970     
  
-------    33------- k=  0.96680000
 time elapsed:  0.87322600000000072     
  
-------    34------- k=  0.99670000
 time elapsed:   1.1771569999999993     
  
-------    35------- k=  1.02660000
 time elapsed:  0.67064700000000066     
  
-------    36------- k=  1.05650000
 time elapsed:  0.95933899999999994     
  
-------    37------- k=  1.08640000
 time elapsed:   1.2183580000000003     
  
-------    38------- k=  1.11630000
 time elapsed:   1.4162179999999989     
  
-------    39------- k=  1.14620000
 time elapsed:  0.67975400000000086     
  
-------    40------- k=  1.17610000
 time elapsed:   1.6870050000000010     
  
-------    41------- k=  1.20600000
 time elapsed:  0.21088699999999960     
  
-------    42------- k=  1.23590000
 time elapsed:  0.50853599999999943     
  
-------    43------- k=  1.26580000
 time elapsed:  0.53799000000000063     
  
-------    44------- k=  1.29570000
 time elapsed:  0.85683600000000126     
  
-------    45------- k=  1.32560000
 time elapsed:   1.5491459999999968     
  
-------    46------- k=  1.35550000
 time elapsed:  0.52898199999999918     
  
-------    47------- k=  1.38540000
 time elapsed:  0.50519500000000050     
  
-------    48------- k=  1.41530000
 time elapsed:  0.88717900000000327     
  
-------    49------- k=  1.44520000
 time elapsed:   1.0772480000000009     
  
-------    50------- k=  1.47510000
 time elapsed:  0.55792100000000033     
  
-------    51------- k=  1.50500000
 time elapsed:  0.95171800000000317     
  
-------    52------- k=  1.53490000
 time elapsed:  0.46944999999999837     
  
-------    53------- k=  1.56480000
 time elapsed:  0.62340000000000018     
  
-------    54------- k=  1.59470000
 time elapsed:   1.2285610000000027     
  
-------    55------- k=  1.62460000
 time elapsed:  0.33131799999999956     
  
-------    56------- k=  1.65450000
 time elapsed:  0.61933099999999897     
  
-------    57------- k=  1.68440000
 time elapsed:  0.97124399999999866     
  
-------    58------- k=  1.71430000
 time elapsed:   1.1567630000000015     
  
-------    59------- k=  1.74420000
 time elapsed:  0.77820400000000234     
  
-------    60------- k=  1.77410000
 time elapsed:  0.42645700000000275     
  
-------    61------- k=  1.80400000
 time elapsed:  0.58026199999999761     
  
-------    62------- k=  1.83390000
 time elapsed:  0.62348300000000023     
  
-------    63------- k=  1.86380000
 time elapsed:  0.38177199999999800     
  
-------    64------- k=  1.89370000
 time elapsed:  0.63550399999999740     
  
-------    65------- k=  1.92360000
 time elapsed:   1.0522580000000019     
  
-------    66------- k=  1.95350000
 time elapsed:  0.45012699999999484     
  
-------    67------- k=  1.98340000
 time elapsed:  0.72925400000000451     
  
-------    68------- k=  2.01330000
 time elapsed:  0.72129999999999939     
  
-------    69------- k=  2.04320000
 time elapsed:  0.45494000000000057     
  
-------    70------- k=  2.07310000
 time elapsed:  0.61720700000000051     
  
-------    71------- k=  2.10300000
 time elapsed:  0.22412099999999668     
  
-------    72------- k=  2.13290000
 time elapsed:  0.69889000000000578     
  
-------    73------- k=  2.16280000
 time elapsed:  0.55588099999999940     
  
-------    74------- k=  2.19270000
 time elapsed:  0.65901299999999452     
  
-------    75------- k=  2.22260000
 time elapsed:  0.37692700000000201     
  
-------    76------- k=  2.25250000
 time elapsed:  0.57074000000000069     
  
-------    77------- k=  2.28240000
 time elapsed:  0.57861299999999716     
  
-------    78------- k=  2.31230000
 time elapsed:  0.24467600000000544     
  
-------    79------- k=  2.34220000
 time elapsed:  0.96965500000000304     
  
-------    80------- k=  2.37210000
 time elapsed:  0.76370100000000463     
  
-------    81------- k=  2.40200000
 time elapsed:  0.65761000000000536     
  
-------    82------- k=  2.43190000
 time elapsed:  0.49990299999999621     
  
-------    83------- k=  2.46180000
 time elapsed:  0.24806199999999734     
  
-------    84------- k=  2.49170000
 time elapsed:  0.69279900000000083     
  
-------    85------- k=  2.52160000
 time elapsed:  0.42473000000000383     
  
-------    86------- k=  2.55150000
 time elapsed:  0.37256700000000365     
  
-------    87------- k=  2.58140000
 time elapsed:  0.76844699999999477     
  
-------    88------- k=  2.61130000
 time elapsed:  0.42336300000000193     
  
-------    89------- k=  2.64120000
 time elapsed:  0.78128199999999737     
  
-------    90------- k=  2.67110000
 time elapsed:  0.44661699999999627     
  
-------    91------- k=  2.70100000
 time elapsed:  0.34389399999999881     
  
-------    92------- k=  2.73090000
 time elapsed:  0.66834000000000060     
  
-------    93------- k=  2.76080000
 time elapsed:  0.25120599999999627     
  
-------    94------- k=  2.79070000
 time elapsed:  0.27941799999999972     
  
-------    95------- k=  2.82060000
 time elapsed:  0.57841700000000174     
  
-------    96------- k=  2.85050000
 time elapsed:  0.59659400000000318     
  
-------    97------- k=  2.88040000
 time elapsed:  0.45570299999999975     
  
-------    98------- k=  2.91030000
 time elapsed:  0.63494599999999934     
  
-------    99------- k=  2.94020000
 time elapsed:  0.44808700000000101     
  
-------   100------- k=  2.97010000
 time elapsed:  0.46256000000000341     

Total time elapsed(s):53.608107000000004  (min): 0.89346845000000008
