 Read input data
 ...done
 Read velocity distributions from files
           1         255          64
 ...done.
  
-------     1------- k=  0.01000000
 time elapsed:   86.453358000000009     
  
-------     2------- k=  0.03990000
 time elapsed:   64.699757999999989     
  
-------     3------- k=  0.06980000
 time elapsed:   32.437948000000006     
  
-------     4------- k=  0.09970000
 time elapsed:   13.284619999999990     
  
-------     5------- k=  0.12960000
 time elapsed:   13.425920000000019     
  
-------     6------- k=  0.15950000
 time elapsed:   45.174704000000020     
  
-------     7------- k=  0.18940000
 time elapsed:   10.276445000000024     
  
-------     8------- k=  0.21930000
 time elapsed:   9.2972599999999943     
  
-------     9------- k=  0.24920000
 time elapsed:   10.812806000000023     
  
-------    10------- k=  0.27910000
 time elapsed:   38.955444000000000     
  
-------    11------- k=  0.30900000
 time elapsed:   31.333672000000035     
  
-------    12------- k=  0.33890000
 time elapsed:   27.442214999999976     
  
-------    13------- k=  0.36880000
 time elapsed:   8.1261410000000183     
  
-------    14------- k=  0.39870000
 time elapsed:   47.139636999999993     
  
-------    15------- k=  0.42860000
 time elapsed:   8.4965699999999629     
  
-------    16------- k=  0.45850000
 time elapsed:   19.656030000000044     
  
-------    17------- k=  0.48840000
 time elapsed:   31.691548000000012     
  
-------    18------- k=  0.51830000
 time elapsed:   27.736852000000056     
  
-------    19------- k=  0.54820000
 time elapsed:   16.186459999999897     
  
-------    20------- k=  0.57810000
 time elapsed:   6.9669220000000678     
  
-------    21------- k=  0.60800000
 time elapsed:   20.591281999999978     
  
-------    22------- k=  0.63790000
 time elapsed:   9.1889740000000302     
  
-------    23------- k=  0.66780000
 time elapsed:   22.511945999999966     
  
-------    24------- k=  0.69770000
 time elapsed:   6.9411589999999705     
  
-------    25------- k=  0.72760000
 time elapsed:   20.798440000000028     
  
-------    26------- k=  0.75750000
 time elapsed:   16.601565000000051     
  
-------    27------- k=  0.78740000
 time elapsed:   17.859711999999945     
  
-------    28------- k=  0.81730000
 time elapsed:   11.325057000000015     
  
-------    29------- k=  0.84720000
 time elapsed:   4.8372769999999718     
  
-------    30------- k=  0.87710000
 time elapsed:   12.792979000000059     
  
-------    31------- k=  0.90700000
 time elapsed:   20.026297999999997     
  
-------    32------- k=  0.93690000
 time elapsed:   18.579107999999906     
  
-------    33------- k=  0.96680000
 time elapsed:   4.6983299999999417     
  
-------    34------- k=  0.99670000
 time elapsed:   9.1746910000000526     
  
-------    35------- k=  1.02660000
 time elapsed:   3.8784569999999121     
  
-------    36------- k=  1.05650000
 time elapsed:   13.791295999999988     
  
-------    37------- k=  1.08640000
 time elapsed:   4.1925880000000006     
  
-------    38------- k=  1.11630000
 time elapsed:   13.679281000000060     
  
-------    39------- k=  1.14620000
 time elapsed:   9.7896680000000060     
  
-------    40------- k=  1.17610000
 time elapsed:   9.7948319999999285     
  
-------    41------- k=  1.20600000
 time elapsed:   9.8539350000000923     
  
-------    42------- k=  1.23590000
 time elapsed:   12.042169999999942     
  
-------    43------- k=  1.26580000
 time elapsed:   10.301739999999995     
  
-------    44------- k=  1.29570000
 time elapsed:   12.271185000000060     
  
-------    45------- k=  1.32560000
 time elapsed:   11.025469000000044     
  
-------    46------- k=  1.35550000
 time elapsed:   5.5795300000000907     
  
-------    47------- k=  1.38540000
 time elapsed:   11.063259000000016     
  
-------    48------- k=  1.41530000
 time elapsed:   5.8990849999999000     
  
-------    49------- k=  1.44520000
 time elapsed:   34.107699999999909     
  
-------    50------- k=  1.47510000
 time elapsed:   18.121563999999921     
  
-------    51------- k=  1.50500000
 time elapsed:   13.312978999999928     
  
-------    52------- k=  1.53490000
 time elapsed:   21.444312000000082     
  
-------    53------- k=  1.56480000
 time elapsed:   16.316072999999960     
  
-------    54------- k=  1.59470000
 time elapsed:   17.272950000000037     
  
-------    55------- k=  1.62460000
 time elapsed:   12.268660999999952     
  
-------    56------- k=  1.65450000
 time elapsed:   14.157999000000018     
  
-------    57------- k=  1.68440000
 time elapsed:   14.652309000000059     
  
-------    58------- k=  1.71430000
 time elapsed:   7.9731809999998404     
  
-------    59------- k=  1.74420000
 time elapsed:   15.217218000000003     
  
-------    60------- k=  1.77410000
 time elapsed:   19.896138000000064     
  
-------    61------- k=  1.80400000
 time elapsed:   6.5743589999999585     
  
-------    62------- k=  1.83390000
 time elapsed:   17.858744000000115     
  
-------    63------- k=  1.86380000
 time elapsed:   30.710472999999865     
  
-------    64------- k=  1.89370000
 time elapsed:   16.937755000000152     
  
-------    65------- k=  1.92360000
 time elapsed:   14.268855000000030     
  
-------    66------- k=  1.95350000
 time elapsed:   7.8223719999998593     
  
-------    67------- k=  1.98340000
 time elapsed:   15.455130999999938     
  
-------    68------- k=  2.01330000
 time elapsed:   34.906019999999899     
  
-------    69------- k=  2.04320000
 time elapsed:   26.231986000000006     
  
-------    70------- k=  2.07310000
 time elapsed:   10.807727999999997     
  
-------    71------- k=  2.10300000
 time elapsed:   20.147854000000052     
  
-------    72------- k=  2.13290000
 time elapsed:   20.048716000000013     
  
-------    73------- k=  2.16280000
 time elapsed:   6.0994809999999688     
  
-------    74------- k=  2.19270000
 time elapsed:   21.755144999999857     
  
-------    75------- k=  2.22260000
 time elapsed:   28.528494000000137     
  
-------    76------- k=  2.25250000
 time elapsed:   36.309531999999990     
  
-------    77------- k=  2.28240000
 time elapsed:   6.8219449999999142     
  
-------    78------- k=  2.31230000
 time elapsed:   35.265763999999990     
  
-------    79------- k=  2.34220000
 time elapsed:   23.655115000000023     
  
-------    80------- k=  2.37210000
 time elapsed:   25.853069000000005     
  
-------    81------- k=  2.40200000
 time elapsed:   28.961399999999912     
  
-------    82------- k=  2.43190000
 time elapsed:   8.9411519999998745     
  
-------    83------- k=  2.46180000
 time elapsed:   33.003098000000136     
  
-------    84------- k=  2.49170000
 time elapsed:   29.251014999999825     
  
-------    85------- k=  2.52160000
 time elapsed:   23.224900999999818     
  
-------    86------- k=  2.55150000
 time elapsed:   14.928164000000152     
  
-------    87------- k=  2.58140000
 time elapsed:   21.096315000000004     
  
-------    88------- k=  2.61130000
 time elapsed:   22.365385999999944     
  
-------    89------- k=  2.64120000
 time elapsed:   43.824887999999874     
  
-------    90------- k=  2.67110000
 time elapsed:   9.9461619999999584     
  
-------    91------- k=  2.70100000
 time elapsed:   8.1048309999998764     
  
-------    92------- k=  2.73090000
 time elapsed:   29.024138999999877     
  
-------    93------- k=  2.76080000
 time elapsed:   20.560692000000017     
  
-------    94------- k=  2.79070000
 time elapsed:   8.6193129999999201     
  
-------    95------- k=  2.82060000
 time elapsed:   26.483001999999942     
  
-------    96------- k=  2.85050000
 time elapsed:   20.441266000000041     
  
-------    97------- k=  2.88040000
 time elapsed:   15.595438999999942     
  
-------    98------- k=  2.91030000
 time elapsed:   22.659376000000066     
  
-------    99------- k=  2.94020000
 time elapsed:   28.160734999999931     
  
-------   100------- k=  2.97010000
 time elapsed:   9.9732200000000830     

Total time elapsed(s):1914.7683609999999  (min): 31.912806016666664
