 Read input data
 ...done
 Read velocity distributions from files
           1         255          64
 ...done.
  
-------     1------- k=  0.01000000
 time elapsed:   159.87039100000001     
  
-------     2------- k=  0.03990000
 time elapsed:   52.323701000000000     
  
-------     3------- k=  0.06980000
 time elapsed:   52.589284000000021     
  
-------     4------- k=  0.09970000
 time elapsed:   25.299293000000034     
  
-------     5------- k=  0.12960000
 time elapsed:   32.407799000000011     
  
-------     6------- k=  0.15950000
 time elapsed:   21.618594999999971     
  
-------     7------- k=  0.18940000
Warning: Muller did not converge in 100 steps for roots: 3
 time elapsed:   118.36212499999999     
  
-------     8------- k=  0.21930000
 time elapsed:   35.489273999999966     
  
-------     9------- k=  0.24920000
 time elapsed:   38.081386999999950     
  
-------    10------- k=  0.27910000
Warning: Muller did not converge in 100 steps for roots: 3
 time elapsed:   126.12269199999992     
  
-------    11------- k=  0.30900000
Warning: Muller did not converge in 100 steps for roots: 3
 time elapsed:   102.86219000000006     
  
-------    12------- k=  0.33890000
Warning: Muller did not converge in 100 steps for roots: 3
 time elapsed:   78.775322999999958     
  
-------    13------- k=  0.36880000
Warning: Muller did not converge in 100 steps for roots: 3
 time elapsed:   106.59706200000005     
  
-------    14------- k=  0.39870000
Warning: Muller did not converge in 100 steps for roots: 3
 time elapsed:   95.061518000000092     
  
-------    15------- k=  0.42860000
Warning: Muller did not converge in 100 steps for roots: 3
 time elapsed:   97.471518999999944     
  
-------    16------- k=  0.45850000
Warning: Muller did not converge in 100 steps for roots: 3
 time elapsed:   129.71811500000013     
  
-------    17------- k=  0.48840000
 time elapsed:   46.801271000000042     
  
-------    18------- k=  0.51830000
Warning: Muller did not converge in 100 steps for roots: 3
 time elapsed:   119.07027300000004     
  
-------    19------- k=  0.54820000
Warning: Muller did not converge in 100 steps for roots: 3
 time elapsed:   98.690690999999788     
  
-------    20------- k=  0.57810000
Warning: Muller did not converge in 100 steps for roots: 3
 time elapsed:   100.06071300000008     
  
-------    21------- k=  0.60800000
Warning: Muller did not converge in 100 steps for roots: 3
 time elapsed:   104.05329499999993     
  
-------    22------- k=  0.63790000
Warning: Muller did not converge in 100 steps for roots: 3
 time elapsed:   135.06322300000011     
  
-------    23------- k=  0.66780000
Warning: Muller did not converge in 100 steps for roots: 3
 time elapsed:   132.66352600000005     
  
-------    24------- k=  0.69770000
Warning: Muller did not converge in 100 steps for roots: 3
 time elapsed:   128.97510099999977     
  
-------    25------- k=  0.72760000
Warning: Muller did not converge in 100 steps for roots: 3
 time elapsed:   122.71803899999986     
  
-------    26------- k=  0.75750000
Warning: Muller did not converge in 100 steps for roots: 3
 time elapsed:   138.37803699999995     
  
-------    27------- k=  0.78740000
Warning: Muller did not converge in 100 steps for roots: 1 3
 time elapsed:   216.72532700000011     
  
-------    28------- k=  0.81730000
Warning: Muller did not converge in 100 steps for roots: 3
 time elapsed:   136.53925900000013     
  
-------    29------- k=  0.84720000
Warning: Muller did not converge in 100 steps for roots: 3
 time elapsed:   126.37829099999999     
  
-------    30------- k=  0.87710000
Warning: Muller did not converge in 100 steps for roots: 3
 time elapsed:   147.07236300000022     
  
-------    31------- k=  0.90700000
Warning: Muller did not converge in 100 steps for roots: 3
 time elapsed:   111.97500399999990     
  
-------    32------- k=  0.93690000
Warning: Muller did not converge in 100 steps for roots: 3
 time elapsed:   130.19539399999985     
  
-------    33------- k=  0.96680000
 time elapsed:   78.819851999999628     
  
-------    34------- k=  0.99670000
Warning: Muller did not converge in 100 steps for roots: 3 5
 time elapsed:   203.76030100000025     
  
-------    35------- k=  1.02660000
 time elapsed:   90.766801999999643     
  
-------    36------- k=  1.05650000
 time elapsed:   89.385516000000280     
  
-------    37------- k=  1.08640000
 time elapsed:   76.883960000000116     
  
-------    38------- k=  1.11630000
 time elapsed:   70.429090000000087     
  
-------    39------- k=  1.14620000
 time elapsed:   56.369221999999809     
  
-------    40------- k=  1.17610000
 time elapsed:   61.913622999999916     
  
-------    41------- k=  1.20600000
 time elapsed:   69.758460999999897     
  
-------    42------- k=  1.23590000
 time elapsed:   100.14782700000023     
  
-------    43------- k=  1.26580000
 time elapsed:   55.888926999999967     
  
-------    44------- k=  1.29570000
 time elapsed:   58.216995000000679     
  
-------    45------- k=  1.32560000
 time elapsed:   123.08766200000082     
  
-------    46------- k=  1.35550000
 time elapsed:   77.569845999999416     
  
-------    47------- k=  1.38540000
 time elapsed:   74.138255000000754     
  
-------    48------- k=  1.41530000
 time elapsed:   68.477759999999762     
  
-------    49------- k=  1.44520000
 time elapsed:   77.593007999999827     
  
-------    50------- k=  1.47510000
 time elapsed:   91.826493000000482     
  
-------    51------- k=  1.50500000
 time elapsed:   96.783998000000793     
  
-------    52------- k=  1.53490000
 time elapsed:   106.17520100000002     
  
-------    53------- k=  1.56480000
 time elapsed:   77.934742999999798     
  
-------    54------- k=  1.59470000
Warning: Muller did not converge in 100 steps for roots: 1
 time elapsed:   188.07412799999929     
  
-------    55------- k=  1.62460000
 time elapsed:   155.33993000000009     
  
-------    56------- k=  1.65450000
 time elapsed:   188.83483500000057     
  
-------    57------- k=  1.68440000
 time elapsed:   184.33432999999968     
  
-------    58------- k=  1.71430000
 time elapsed:   67.992728999999599     
  
-------    59------- k=  1.74420000
 time elapsed:   211.91497199999958     
  
-------    60------- k=  1.77410000
 time elapsed:   137.89225999999962     
  
-------    61------- k=  1.80400000
 time elapsed:   43.379734000000099     
  
-------    62------- k=  1.83390000
 time elapsed:   118.78852900000038     
  
-------    63------- k=  1.86380000
 time elapsed:   136.41625500000009     
  
-------    64------- k=  1.89370000
 time elapsed:   95.632478999999876     
  
-------    65------- k=  1.92360000
 time elapsed:   153.87645400000019     
  
-------    66------- k=  1.95350000
 time elapsed:   137.63452400000006     
  
-------    67------- k=  1.98340000
 time elapsed:   38.635642000000189     
  
-------    68------- k=  2.01330000
 time elapsed:   140.13169199999993     
  
-------    69------- k=  2.04320000
 time elapsed:   149.32601299999988     
  
-------    70------- k=  2.07310000
 time elapsed:   75.396580999999969     
  
-------    71------- k=  2.10300000
 time elapsed:   157.35167100000035     
  
-------    72------- k=  2.13290000
 time elapsed:   122.78238899999997     
  
-------    73------- k=  2.16280000
 time elapsed:   94.035839999999553     
  
-------    74------- k=  2.19270000
 time elapsed:   151.54105400000026     
  
-------    75------- k=  2.22260000
 time elapsed:   164.36658600000010     
  
-------    76------- k=  2.25250000
 time elapsed:   72.946599000000788     
  
-------    77------- k=  2.28240000
 time elapsed:   164.54105400000026     
  
-------    78------- k=  2.31230000
 time elapsed:   129.67953000000125     
  
-------    79------- k=  2.34220000
 time elapsed:   57.737407000000530     
  
-------    80------- k=  2.37210000
 time elapsed:   146.43067500000143     
  
-------    81------- k=  2.40200000
 time elapsed:   183.94420899999932     
  
-------    82------- k=  2.43190000
 time elapsed:   110.85477300000093     
  
-------    83------- k=  2.46180000
 time elapsed:   201.01775899999848     
  
-------    84------- k=  2.49170000
 time elapsed:   200.47554800000034     
  
-------    85------- k=  2.52160000
 time elapsed:   100.34075099999973     
  
-------    86------- k=  2.55150000
 time elapsed:   108.75997899999857     
  
-------    87------- k=  2.58140000
 time elapsed:   155.15834800000084     
  
-------    88------- k=  2.61130000
 time elapsed:   132.56193700000040     
  
-------    89------- k=  2.64120000
 time elapsed:   167.70279599999958     
  
-------    90------- k=  2.67110000
 time elapsed:   184.36803599999985     
  
-------    91------- k=  2.70100000
 time elapsed:   118.65162200000123     
  
-------    92------- k=  2.73090000
 time elapsed:   249.34657999999945     
  
-------    93------- k=  2.76080000
 time elapsed:   301.12108500000068     
  
-------    94------- k=  2.79070000
 time elapsed:   143.37885300000016     
  
-------    95------- k=  2.82060000
 time elapsed:   272.94682500000090     
  
-------    96------- k=  2.85050000
 time elapsed:   333.16542099999970     
  
-------    97------- k=  2.88040000
 time elapsed:   102.41389499999968     
  
-------    98------- k=  2.91030000
 time elapsed:   342.36781400000109     
  
-------    99------- k=  2.94020000
 time elapsed:   446.17096700000002     
  
-------   100------- k=  2.97010000
 time elapsed:   120.43111200000021     

Total time elapsed(s):12534.254004000000  (min): 208.90423340000001
