 Read input data
 ...done
 Read velocity distributions from files
           1         255          64
 ...done.
  
-------     1------- k=  0.01000000
 time elapsed:   82.514782000000011     
  
-------     2------- k=  0.03990000
 time elapsed:   27.739999999999995     
  
-------     3------- k=  0.06980000
 time elapsed:   15.089449999999999     
  
-------     4------- k=  0.09970000
 time elapsed:   11.327305000000010     
  
-------     5------- k=  0.12960000
 time elapsed:   13.123271000000017     
  
-------     6------- k=  0.15950000
 time elapsed:   11.733014999999995     
  
-------     7------- k=  0.18940000
 time elapsed:   11.826236999999992     
  
-------     8------- k=  0.21930000
 time elapsed:   11.910381999999998     
  
-------     9------- k=  0.24920000
 time elapsed:   10.528288000000003     
  
-------    10------- k=  0.27910000
 time elapsed:   10.613825999999989     
  
-------    11------- k=  0.30900000
 time elapsed:   11.390568000000002     
  
-------    12------- k=  0.33890000
 time elapsed:   10.569535999999999     
  
-------    13------- k=  0.36880000
 time elapsed:   10.647546000000006     
  
-------    14------- k=  0.39870000
 time elapsed:   10.549194999999997     
  
-------    15------- k=  0.42860000
 time elapsed:   11.337690000000009     
  
-------    16------- k=  0.45850000
 time elapsed:   7.4864019999999982     
  
-------    17------- k=  0.48840000
 time elapsed:   7.7884970000000067     
  
-------    18------- k=  0.51830000
 time elapsed:   10.633013000000005     
  
-------    19------- k=  0.54820000
 time elapsed:   9.2951590000000124     
  
-------    20------- k=  0.57810000
 time elapsed:   10.979762999999991     
  
-------    21------- k=  0.60800000
 time elapsed:   9.3675319999999829     
  
-------    22------- k=  0.63790000
 time elapsed:   8.0505310000000350     
  
-------    23------- k=  0.66780000
 time elapsed:   12.270927999999969     
  
-------    24------- k=  0.69770000
 time elapsed:   11.995592999999985     
  
-------    25------- k=  0.72760000
 time elapsed:   14.424578999999994     
  
-------    26------- k=  0.75750000
 time elapsed:   20.514079000000038     
  
-------    27------- k=  0.78740000
 time elapsed:   15.962151000000006     
  
-------    28------- k=  0.81730000
 time elapsed:   12.088521000000014     
  
-------    29------- k=  0.84720000
 time elapsed:   17.056203000000039     
  
-------    30------- k=  0.87710000
 time elapsed:   14.025711000000001     
  
-------    31------- k=  0.90700000
 time elapsed:   10.056016000000000     
  
-------    32------- k=  0.93690000
 time elapsed:   18.261188000000004     
  
-------    33------- k=  0.96680000
 time elapsed:   12.654857999999990     
  
-------    34------- k=  0.99670000
 time elapsed:   12.827624999999955     
  
-------    35------- k=  1.02660000
 time elapsed:   16.781095999999991     
  
-------    36------- k=  1.05650000
 time elapsed:   17.806440000000066     
  
-------    37------- k=  1.08640000
 time elapsed:   11.183972999999924     
  
-------    38------- k=  1.11630000
 time elapsed:   17.432305000000042     
  
-------    39------- k=  1.14620000
 time elapsed:   11.740198999999961     
  
-------    40------- k=  1.17610000
 time elapsed:   7.3188860000000204     
  
-------    41------- k=  1.20600000
 time elapsed:   8.8540950000000294     
  
-------    42------- k=  1.23590000
 time elapsed:   14.064194999999927     
  
-------    43------- k=  1.26580000
 time elapsed:   9.7395080000000007     
  
-------    44------- k=  1.29570000
 time elapsed:   9.1896410000000515     
  
-------    45------- k=  1.32560000
 time elapsed:   11.619015999999988     
  
-------    46------- k=  1.35550000
 time elapsed:   11.641766999999959     
  
-------    47------- k=  1.38540000
 time elapsed:   10.569614000000001     
  
-------    48------- k=  1.41530000
 time elapsed:   8.4400399999999536     
  
-------    49------- k=  1.44520000
 time elapsed:   11.520044999999982     
  
-------    50------- k=  1.47510000
 time elapsed:   7.4369460000000345     
