 Read input data
 ...done
 Read velocity distributions from files
           1         255          64
 ...done.
  
-------     1------- k=  0.01000000
 time elapsed:   108.04170599999999     
  
-------     2------- k=  0.03990000
 time elapsed:   51.126338999999987     
  
-------     3------- k=  0.06980000
 time elapsed:   50.574330000000003     
  
-------     4------- k=  0.09970000
 time elapsed:   35.133249000000006     
  
-------     5------- k=  0.12960000
 time elapsed:   30.373737000000006     
  
-------     6------- k=  0.15950000
 time elapsed:   29.751203999999973     
  
-------     7------- k=  0.18940000
Warning: Muller did not converge in 100 steps for roots: 2
 time elapsed:   108.91602599999999     
  
-------     8------- k=  0.21930000
 time elapsed:   40.735903999999948     
  
-------     9------- k=  0.24920000
 time elapsed:   39.731769999999983     
  
-------    10------- k=  0.27910000
 time elapsed:   19.084188000000040     
  
-------    11------- k=  0.30900000
Warning: Muller did not converge in 100 steps for roots: 2
 time elapsed:   97.431886999999961     
  
-------    12------- k=  0.33890000
Warning: Muller did not converge in 100 steps for roots: 2
 time elapsed:   95.617107000000033     
  
-------    13------- k=  0.36880000
Warning: Muller did not converge in 100 steps for roots: 2
 time elapsed:   79.894950999999992     
  
-------    14------- k=  0.39870000
Warning: Muller did not converge in 100 steps for roots: 2
 time elapsed:   87.809957000000054     
  
-------    15------- k=  0.42860000
Warning: Muller did not converge in 100 steps for roots: 2
 time elapsed:   128.58102099999996     
  
-------    16------- k=  0.45850000
Warning: Muller did not converge in 100 steps for roots: 2
 time elapsed:   135.70139400000005     
  
-------    17------- k=  0.48840000
Warning: Muller did not converge in 100 steps for roots: 2
 time elapsed:   103.09936200000016     
  
-------    18------- k=  0.51830000
Warning: Muller did not converge in 100 steps for roots: 2
 time elapsed:   103.64264900000012     
  
-------    19------- k=  0.54820000
Warning: Muller did not converge in 100 steps for roots: 2
 time elapsed:   128.34518100000014     
  
-------    20------- k=  0.57810000
Warning: Muller did not converge in 100 steps for roots: 2
 time elapsed:   111.51366599999983     
  
-------    21------- k=  0.60800000
Warning: Muller did not converge in 100 steps for roots: 2
 time elapsed:   96.471996000000217     
  
-------    22------- k=  0.63790000
Warning: Muller did not converge in 100 steps for roots: 2
 time elapsed:   115.92928000000006     
  
-------    23------- k=  0.66780000
Warning: Muller did not converge in 100 steps for roots: 2
 time elapsed:   146.48566299999993     
  
-------    24------- k=  0.69770000
Warning: Muller did not converge in 100 steps for roots: 2
 time elapsed:   150.30521500000009     
  
-------    25------- k=  0.72760000
Warning: Muller did not converge in 100 steps for roots: 2
 time elapsed:   156.95634599999994     
  
-------    26------- k=  0.75750000
Warning: Muller did not converge in 100 steps for roots: 2 4
 time elapsed:   235.23917299999994     
  
-------    27------- k=  0.78740000
Warning: Muller did not converge in 100 steps for roots: 2
 time elapsed:   105.16665400000011     
  
-------    28------- k=  0.81730000
Warning: Muller did not converge in 100 steps for roots: 2
 time elapsed:   136.37539500000003     
  
-------    29------- k=  0.84720000
Warning: Muller did not converge in 100 steps for roots: 2
 time elapsed:   152.62101100000018     
  
-------    30------- k=  0.87710000
Warning: Muller did not converge in 100 steps for roots: 2
 time elapsed:   180.39529399999992     
  
-------    31------- k=  0.90700000
 time elapsed:   103.18270800000028     
  
-------    32------- k=  0.93690000
Warning: Muller did not converge in 100 steps for roots: 2
 time elapsed:   213.85014100000035     
  
-------    33------- k=  0.96680000
Warning: Muller did not converge in 100 steps for roots: 2 4
 time elapsed:   250.41709499999979     
  
-------    34------- k=  0.99670000
Warning: Muller did not converge in 100 steps for roots: 2
 time elapsed:   183.96619899999996     
  
-------    35------- k=  1.02660000
 time elapsed:   91.328794999999900     
  
-------    36------- k=  1.05650000
 time elapsed:   110.22309300000006     
  
-------    37------- k=  1.08640000
 time elapsed:   104.54087699999991     
  
-------    38------- k=  1.11630000
 time elapsed:   105.86946199999966     
  
-------    39------- k=  1.14620000
 time elapsed:   54.390521000000263     
  
-------    40------- k=  1.17610000
 time elapsed:   46.053621000000021     
  
-------    41------- k=  1.20600000
 time elapsed:   119.97308500000054     
  
-------    42------- k=  1.23590000
 time elapsed:   72.111670999999660     
  
-------    43------- k=  1.26580000
 time elapsed:   82.080192999999781     
  
-------    44------- k=  1.29570000
 time elapsed:   144.58714599999985     
  
-------    45------- k=  1.32560000
 time elapsed:   176.19953400000031     
  
-------    46------- k=  1.35550000
 time elapsed:   95.202578999999787     
  
-------    47------- k=  1.38540000
 time elapsed:   148.09929800000009     
  
-------    48------- k=  1.41530000
 time elapsed:   77.264747999999599     
  
-------    49------- k=  1.44520000
 time elapsed:   88.711596999999529     
  
-------    50------- k=  1.47510000
 time elapsed:   194.20249299999978     
  
-------    51------- k=  1.50500000
 time elapsed:   82.061212999999952     
  
-------    52------- k=  1.53490000
 time elapsed:   116.64154199999939     
  
-------    53------- k=  1.56480000
 time elapsed:   85.912859999999455     
  
-------    54------- k=  1.59470000
 time elapsed:   182.27967600000011     
  
-------    55------- k=  1.62460000
Warning: Muller did not converge in 100 steps for roots: 4
 time elapsed:   204.76314099999945     
  
-------    56------- k=  1.65450000
 time elapsed:   102.99855899999966     
  
-------    57------- k=  1.68440000
 time elapsed:   159.72563100000025     
  
-------    58------- k=  1.71430000
 time elapsed:   104.26239100000021     
  
-------    59------- k=  1.74420000
 time elapsed:   126.53680900000018     
  
-------    60------- k=  1.77410000
 time elapsed:   103.70596600000044     
  
-------    61------- k=  1.80400000
 time elapsed:   152.44518100000005     
  
-------    62------- k=  1.83390000
 time elapsed:   191.45433400000002     
  
-------    63------- k=  1.86380000
 time elapsed:   95.868325000000368     
  
-------    64------- k=  1.89370000
 time elapsed:   147.63119800000004     
  
-------    65------- k=  1.92360000
Warning: Muller did not converge in 100 steps for roots: 4
 time elapsed:   178.10682199999974     
  
-------    66------- k=  1.95350000
Warning: Muller did not converge in 100 steps for roots: 4
 time elapsed:   236.96886099999938     
  
-------    67------- k=  1.98340000
 time elapsed:   195.37201600000026     
  
-------    68------- k=  2.01330000
 time elapsed:   88.194649000000027     
  
-------    69------- k=  2.04320000
 time elapsed:   110.53891300000032     
  
-------    70------- k=  2.07310000
Warning: Muller did not converge in 100 steps for roots: 4
 time elapsed:   207.27041300000019     
  
-------    71------- k=  2.10300000
 time elapsed:   292.84959600000002     
  
-------    72------- k=  2.13290000
Warning: Muller did not converge in 100 steps for roots: 4
 time elapsed:   260.20146699999896     
  
-------    73------- k=  2.16280000
 time elapsed:   151.41055099999903     
  
-------    74------- k=  2.19270000
 time elapsed:   222.40817400000014     
  
-------    75------- k=  2.22260000
 time elapsed:   213.93793800000094     
  
-------    76------- k=  2.25250000
 time elapsed:   216.14945299999999     
  
-------    77------- k=  2.28240000
 time elapsed:   173.30779700000130     
  
-------    78------- k=  2.31230000
 time elapsed:   88.293212999999014     
  
-------    79------- k=  2.34220000
 time elapsed:   101.69595099999970     
  
-------    80------- k=  2.37210000
 time elapsed:   225.99406600000111     
  
-------    81------- k=  2.40200000
 time elapsed:   141.52422000000115     
  
-------    82------- k=  2.43190000
 time elapsed:   288.93901900000128     
  
-------    83------- k=  2.46180000
 time elapsed:   257.46997399999964     
  
-------    84------- k=  2.49170000
 time elapsed:   210.95202499999868     
  
-------    85------- k=  2.52160000
 time elapsed:   236.99219799999992     
  
-------    86------- k=  2.55150000
 time elapsed:   335.74727499999972     
  
-------    87------- k=  2.58140000
 time elapsed:   266.13562099999945     
  
-------    88------- k=  2.61130000
 time elapsed:   154.99019099999896     
  
-------    89------- k=  2.64120000
 time elapsed:   209.69078999999874     
  
-------    90------- k=  2.67110000
 time elapsed:   267.22311499999887     
  
-------    91------- k=  2.70100000
 time elapsed:   284.30270600000040     
  
-------    92------- k=  2.73090000
 time elapsed:   258.95626400000037     
  
-------    93------- k=  2.76080000
 time elapsed:   369.78596999999900     
  
-------    94------- k=  2.79070000
 time elapsed:   349.15972599999986     
  
-------    95------- k=  2.82060000
 time elapsed:   317.81545699999879     
  
-------    96------- k=  2.85050000
 time elapsed:   402.71990499999993     
  
-------    97------- k=  2.88040000
 time elapsed:   439.21320000000014     
  
-------    98------- k=  2.91030000
 time elapsed:   262.53354300000137     
  
-------    99------- k=  2.94020000
 time elapsed:   242.96262999999999     
  
-------   100------- k=  2.97010000
 time elapsed:   431.84242400000039     

Total time elapsed(s):16071.373315999999  (min): 267.85622193333330
