 Read input data
 ...done
 Read velocity distributions from files
           1         255          64
 ...done.
  
-------     1------- k=  0.01000000
 time elapsed:   138.46609200000000     
  
-------     2------- k=  0.03990000
 time elapsed:   70.101365000000015     
  
-------     3------- k=  0.06980000
 time elapsed:   44.265598000000011     
  
-------     4------- k=  0.09970000
 time elapsed:   77.606155999999970     
  
-------     5------- k=  0.12960000
 time elapsed:   29.583671000000038     
  
-------     6------- k=  0.15950000
 time elapsed:   27.307279999999992     
  
-------     7------- k=  0.18940000
 time elapsed:   34.270428999999979     
  
-------     8------- k=  0.21930000
 time elapsed:   42.217737000000000     
  
-------     9------- k=  0.24920000
 time elapsed:   39.755278000000033     
  
-------    10------- k=  0.27910000
 time elapsed:   36.459408000000053     
  
-------    11------- k=  0.30900000
 time elapsed:   53.063761000000000     
  
-------    12------- k=  0.33890000
 time elapsed:   39.071137000000022     
  
-------    13------- k=  0.36880000
 time elapsed:   45.468972000000008     
  
-------    14------- k=  0.39870000
 time elapsed:   37.359582999999930     
  
-------    15------- k=  0.42860000
 time elapsed:   74.259733999999980     
  
-------    16------- k=  0.45850000
 time elapsed:   33.080257999999958     
  
-------    17------- k=  0.48840000
 time elapsed:   47.439486999999986     
  
-------    18------- k=  0.51830000
 time elapsed:   49.437326999999982     
  
-------    19------- k=  0.54820000
 time elapsed:   66.271344999999997     
  
-------    20------- k=  0.57810000
 time elapsed:   42.758287999999880     
  
-------    21------- k=  0.60800000
 time elapsed:   103.53390300000001     
  
-------    22------- k=  0.63790000
Warning: Muller did not converge in 100 steps for roots: 3
 time elapsed:   113.91544699999986     
  
-------    23------- k=  0.66780000
 time elapsed:   103.02332499999989     
  
-------    24------- k=  0.69770000
 time elapsed:   87.750424999999950     
  
-------    25------- k=  0.72760000
 time elapsed:   37.341843000000154     
  
-------    26------- k=  0.75750000
 time elapsed:   48.362589999999955     
  
-------    27------- k=  0.78740000
 time elapsed:   88.336655999999948     
  
-------    28------- k=  0.81730000
 time elapsed:   119.95905899999980     
  
-------    29------- k=  0.84720000
 time elapsed:   164.76585999999998     
  
-------    30------- k=  0.87710000
 time elapsed:   40.033975000000055     
  
-------    31------- k=  0.90700000
 time elapsed:   81.776043999999956     
  
-------    32------- k=  0.93690000
 time elapsed:   86.226209000000154     
  
-------    33------- k=  0.96680000
 time elapsed:   126.34003799999982     
  
-------    34------- k=  0.99670000
 time elapsed:   126.58932400000003     
  
-------    35------- k=  1.02660000
 time elapsed:   224.03826399999980     
  
-------    36------- k=  1.05650000
 time elapsed:   222.02575699999989     
  
-------    37------- k=  1.08640000
 time elapsed:   178.43461400000024     
  
-------    38------- k=  1.11630000
 time elapsed:   156.99076400000013     
  
-------    39------- k=  1.14620000
 time elapsed:   131.46657499999992     
  
-------    40------- k=  1.17610000
 time elapsed:   66.101257999999689     
  
-------    41------- k=  1.20600000
 time elapsed:   281.15555499999982     
  
-------    42------- k=  1.23590000
 time elapsed:   132.65168600000015     
  
-------    43------- k=  1.26580000
 time elapsed:   144.99640500000032     
  
-------    44------- k=  1.29570000
 time elapsed:   198.39483900000005     
  
-------    45------- k=  1.32560000
 time elapsed:   215.26157700000022     
  
-------    46------- k=  1.35550000
Warning: Muller did not converge in 100 steps for roots: 4 5
 time elapsed:   406.07291299999997     
  
-------    47------- k=  1.38540000
 time elapsed:   137.07457299999987     
  
-------    48------- k=  1.41530000
 time elapsed:   145.97557399999914     
  
-------    49------- k=  1.44520000
 time elapsed:   130.37596200000007     
  
-------    50------- k=  1.47510000
 time elapsed:   142.43283100000008     
  
-------    51------- k=  1.50500000
Warning: Muller did not converge in 100 steps for roots: 4
 time elapsed:   219.47609699999975     
  
-------    52------- k=  1.53490000
 time elapsed:   114.61081000000013     
  
-------    53------- k=  1.56480000
 time elapsed:   76.368239000000358     
  
-------    54------- k=  1.59470000
 time elapsed:   193.56602199999998     
  
-------    55------- k=  1.62460000
 time elapsed:   218.85820899999999     
  
-------    56------- k=  1.65450000
 time elapsed:   168.04797099999996     
  
-------    57------- k=  1.68440000
 time elapsed:   425.48492100000021     
  
-------    58------- k=  1.71430000
 time elapsed:   253.76953799999956     
  
-------    59------- k=  1.74420000
 time elapsed:   170.40899100000024     
  
-------    60------- k=  1.77410000
 time elapsed:   299.70600000000013     
  
-------    61------- k=  1.80400000
Warning: Muller did not converge in 100 steps for roots: 2
 time elapsed:   395.44300500000008     
  
-------    62------- k=  1.83390000
 time elapsed:   180.18201999999928     
  
-------    63------- k=  1.86380000
 time elapsed:   235.51604899999984     
  
-------    64------- k=  1.89370000
 time elapsed:   325.38419199999953     
  
-------    65------- k=  1.92360000
 time elapsed:   271.81855500000165     
  
-------    66------- k=  1.95350000
 time elapsed:   359.95097900000110     
  
-------    67------- k=  1.98340000
Warning: Muller did not converge in 100 steps for roots: 1
 time elapsed:   424.74115499999971     
  
-------    68------- k=  2.01330000
Warning: Muller did not converge in 100 steps for roots: 2
 time elapsed:   396.86505899999975     
  
-------    69------- k=  2.04320000
 time elapsed:   195.18796900000052     
  
-------    70------- k=  2.07310000
 time elapsed:   426.94995500000005     
  
-------    71------- k=  2.10300000
Warning: Muller did not converge in 100 steps for roots: 2
 time elapsed:   491.81769699999859     
  
-------    72------- k=  2.13290000
 time elapsed:   268.35652300000038     
  
-------    73------- k=  2.16280000
 time elapsed:   314.29961800000092     
  
-------    74------- k=  2.19270000
 time elapsed:   250.54709499999990     
  
-------    75------- k=  2.22260000
Warning: Muller did not converge in 100 steps for roots: 1
 time elapsed:   387.65751199999977     
  
-------    76------- k=  2.25250000
Warning: Muller did not converge in 100 steps for roots: 2
 time elapsed:   423.65679699999964     
  
-------    77------- k=  2.28240000
 time elapsed:   192.90460399999938     
  
-------    78------- k=  2.31230000
 time elapsed:   527.90939599999911     
  
-------    79------- k=  2.34220000
 time elapsed:   502.10579700000017     
  
-------    80------- k=  2.37210000
 time elapsed:   351.26512999999977     
  
-------    81------- k=  2.40200000
 time elapsed:   227.81336499999998     
  
-------    82------- k=  2.43190000
Warning: Muller did not converge in 100 steps for roots: 1
 time elapsed:   251.45775200000026     
  
-------    83------- k=  2.46180000
 time elapsed:   235.35296599999856     
  
-------    84------- k=  2.49170000
 time elapsed:   200.91269399999874     
  
-------    85------- k=  2.52160000
Warning: Muller did not converge in 100 steps for roots: 2
 time elapsed:   390.27019199999995     
  
-------    86------- k=  2.55150000
Warning: Muller did not converge in 100 steps for roots: 1
 time elapsed:   356.72107400000095     
  
-------    87------- k=  2.58140000
 time elapsed:   290.33901799999876     
  
-------    88------- k=  2.61130000
 time elapsed:   282.79405799999950     
  
-------    89------- k=  2.64120000
 time elapsed:   417.38768400000117     
  
-------    90------- k=  2.67110000
Warning: Muller did not converge in 100 steps for roots: 3
 time elapsed:   410.30491299999994     
  
-------    91------- k=  2.70100000
 time elapsed:   167.96639099999811     
  
-------    92------- k=  2.73090000
 time elapsed:   319.93853999999919     
  
-------    93------- k=  2.76080000
Warning: Muller did not converge in 100 steps for roots: 1
 time elapsed:   675.02075600000171     
  
-------    94------- k=  2.79070000
 time elapsed:   235.09525099999883     
  
-------    95------- k=  2.82060000
 time elapsed:   597.27881799999886     
  
-------    96------- k=  2.85050000
 time elapsed:   685.03050700000313     
  
-------    97------- k=  2.88040000
 time elapsed:   686.72210899999845     
  
-------    98------- k=  2.91030000
 time elapsed:   447.65243200000259     
  
-------    99------- k=  2.94020000
 time elapsed:   464.71338299999843     
  
-------   100------- k=  2.97010000
 time elapsed:   632.88976899999761     

Total time elapsed(s):22308.286303000001  (min): 371.80477171666666
