 Read input data
 ...done
 Read velocity distributions from files
           1         255          64
 ...done.
  
-------     1------- k=  0.01000000
 time elapsed:   122.54237000000001     
  
-------     2------- k=  0.03990000
 time elapsed:   37.284792000000010     
  
-------     3------- k=  0.06980000
 time elapsed:   48.648892000000018     
  
-------     4------- k=  0.09970000
 time elapsed:   17.502314000000013     
  
-------     5------- k=  0.12960000
 time elapsed:   16.395550000000014     
  
-------     6------- k=  0.15950000
 time elapsed:   60.390707999999989     
  
-------     7------- k=  0.18940000
 time elapsed:   14.228668999999968     
  
-------     8------- k=  0.21930000
 time elapsed:   15.560757000000024     
  
-------     9------- k=  0.24920000
 time elapsed:   15.277039000000002     
  
-------    10------- k=  0.27910000
 time elapsed:   29.954204000000004     
  
-------    11------- k=  0.30900000
 time elapsed:   13.411499999999990     
  
-------    12------- k=  0.33890000
 time elapsed:   14.653261999999984     
  
-------    13------- k=  0.36880000
 time elapsed:   25.944936999999982     
  
-------    14------- k=  0.39870000
 time elapsed:   11.051881000000037     
  
-------    15------- k=  0.42860000
 time elapsed:   18.594232000000034     
  
-------    16------- k=  0.45850000
Warning: Muller did not converge in 100 steps for roots: 5
 time elapsed:   46.546274000000039     
  
-------    17------- k=  0.48840000
 time elapsed:   17.082376999999951     
  
-------    18------- k=  0.51830000
 time elapsed:   15.388072999999963     
  
-------    19------- k=  0.54820000
 time elapsed:   22.742221999999970     
  
-------    20------- k=  0.57810000
 time elapsed:   21.349997999999914     
  
-------    21------- k=  0.60800000
 time elapsed:   21.279849000000013     
  
-------    22------- k=  0.63790000
 time elapsed:   15.767400999999950     
  
-------    23------- k=  0.66780000
 time elapsed:   34.068203999999923     
  
-------    24------- k=  0.69770000
 time elapsed:   11.153685999999993     
  
-------    25------- k=  0.72760000
 time elapsed:   14.976220000000012     
  
-------    26------- k=  0.75750000
 time elapsed:   11.311966999999981     
  
-------    27------- k=  0.78740000
 time elapsed:   18.502240999999913     
  
-------    28------- k=  0.81730000
 time elapsed:   13.182250999999951     
  
-------    29------- k=  0.84720000
 time elapsed:   13.279432000000043     
  
-------    30------- k=  0.87710000
 time elapsed:   12.011879000000022     
  
-------    31------- k=  0.90700000
 time elapsed:   14.068111000000044     
  
-------    32------- k=  0.93690000
 time elapsed:   7.2833240000001069     
  
-------    33------- k=  0.96680000
 time elapsed:   20.088899999999967     
  
-------    34------- k=  0.99670000
 time elapsed:   8.6788129999999910     
  
-------    35------- k=  1.02660000
 time elapsed:   5.8124789999999393     
  
-------    36------- k=  1.05650000
 time elapsed:   10.612594999999942     
  
-------    37------- k=  1.08640000
 time elapsed:   16.220702000000074     
  
-------    38------- k=  1.11630000
 time elapsed:   6.4007440000000315     
  
-------    39------- k=  1.14620000
 time elapsed:   11.668043000000011     
  
-------    40------- k=  1.17610000
 time elapsed:   11.880622000000017     
  
-------    41------- k=  1.20600000
 time elapsed:   10.492538000000081     
  
-------    42------- k=  1.23590000
 time elapsed:   12.705431999999973     
  
-------    43------- k=  1.26580000
 time elapsed:   13.910338000000024     
  
-------    44------- k=  1.29570000
 time elapsed:   12.026161999999999     
  
-------    45------- k=  1.32560000
 time elapsed:   8.3556659999999283     
  
-------    46------- k=  1.35550000
 time elapsed:   14.088831999999911     
  
-------    47------- k=  1.38540000
 time elapsed:   15.881946999999968     
  
-------    48------- k=  1.41530000
 time elapsed:   27.412431000000083     
  
-------    49------- k=  1.44520000
 time elapsed:   12.466880999999944     
  
-------    50------- k=  1.47510000
 time elapsed:   33.436525999999958     
  
-------    51------- k=  1.50500000
 time elapsed:   14.304273000000080     
  
-------    52------- k=  1.53490000
 time elapsed:   14.084935000000087     
  
-------    53------- k=  1.56480000
 time elapsed:   9.2976390000001174     
  
-------    54------- k=  1.59470000
 time elapsed:   17.532598000000007     
  
-------    55------- k=  1.62460000
 time elapsed:   19.291807000000063     
  
-------    56------- k=  1.65450000
 time elapsed:   14.083607000000029     
  
-------    57------- k=  1.68440000
 time elapsed:   13.177155999999968     
  
-------    58------- k=  1.71430000
 time elapsed:   18.065540000000055     
  
-------    59------- k=  1.74420000
 time elapsed:   10.761102000000164     
  
-------    60------- k=  1.77410000
 time elapsed:   10.797867999999880     
  
-------    61------- k=  1.80400000
 time elapsed:   14.672677000000022     
  
-------    62------- k=  1.83390000
 time elapsed:   42.037069999999858     
  
-------    63------- k=  1.86380000
 time elapsed:   15.730111999999963     
  
-------    64------- k=  1.89370000
 time elapsed:   17.527544999999918     
  
-------    65------- k=  1.92360000
 time elapsed:   21.006894999999986     
  
-------    66------- k=  1.95350000
 time elapsed:   12.069990000000189     
  
-------    67------- k=  1.98340000
 time elapsed:   17.820741999999882     
  
-------    68------- k=  2.01330000
 time elapsed:   8.2397679999999127     
  
-------    69------- k=  2.04320000
 time elapsed:   19.121057000000064     
  
-------    70------- k=  2.07310000
 time elapsed:   33.761639999999943     
  
-------    71------- k=  2.10300000
 time elapsed:   20.834896000000072     
  
-------    72------- k=  2.13290000
 time elapsed:   17.680633999999827     
  
-------    73------- k=  2.16280000
 time elapsed:   12.168337000000065     
  
-------    74------- k=  2.19270000
 time elapsed:   22.428619000000026     
  
-------    75------- k=  2.22260000
 time elapsed:   20.872274000000061     
  
-------    76------- k=  2.25250000
 time elapsed:   22.378635000000031     
  
-------    77------- k=  2.28240000
 time elapsed:   24.800966000000017     
  
-------    78------- k=  2.31230000
 time elapsed:   23.838751000000002     
  
-------    79------- k=  2.34220000
 time elapsed:   13.236601999999948     
  
-------    80------- k=  2.37210000
 time elapsed:   27.934545000000071     
  
-------    81------- k=  2.40200000
 time elapsed:   31.646809999999959     
  
-------    82------- k=  2.43190000
 time elapsed:   33.116641000000072     
  
-------    83------- k=  2.46180000
 time elapsed:   38.559017000000040     
  
-------    84------- k=  2.49170000
 time elapsed:   24.050516999999900     
  
-------    85------- k=  2.52160000
 time elapsed:   27.573560999999927     
  
-------    86------- k=  2.55150000
 time elapsed:   26.298308000000134     
  
-------    87------- k=  2.58140000
 time elapsed:   30.813247000000047     
  
-------    88------- k=  2.61130000
 time elapsed:   25.767391999999973     
  
-------    89------- k=  2.64120000
 time elapsed:   45.691600999999991     
  
-------    90------- k=  2.67110000
 time elapsed:   25.756345000000010     
  
-------    91------- k=  2.70100000
 time elapsed:   50.046848999999838     
  
-------    92------- k=  2.73090000
 time elapsed:   24.059173999999985     
  
-------    93------- k=  2.76080000
 time elapsed:   31.970017999999982     
  
-------    94------- k=  2.79070000
 time elapsed:   26.312206999999944     
  
-------    95------- k=  2.82060000
 time elapsed:   21.498646000000008     
  
-------    96------- k=  2.85050000
 time elapsed:   31.529561999999714     
  
-------    97------- k=  2.88040000
 time elapsed:   25.600705999999718     
  
-------    98------- k=  2.91030000
 time elapsed:   32.150696000000153     
  
-------    99------- k=  2.94020000
 time elapsed:   39.097769999999855     
  
-------   100------- k=  2.97010000
 time elapsed:   31.411018999999669     

Total time elapsed(s):2196.2060929999998  (min): 36.603434883333328
