 Read input data
 ...done
 Read velocity distributions from files
           1         255          64
 ...done.
  
-------     1------- k=  0.01000000
 time elapsed:   144.78774799999999     
  
-------     2------- k=  0.03990000
 time elapsed:   60.954520000000002     
  
-------     3------- k=  0.06980000
 time elapsed:   53.680587999999972     
  
-------     4------- k=  0.09970000
 time elapsed:   31.649917000000016     
  
-------     5------- k=  0.12960000
 time elapsed:   32.577578000000017     
  
-------     6------- k=  0.15950000
 time elapsed:   61.466851999999960     
  
-------     7------- k=  0.18940000
 time elapsed:   15.493133999999998     
  
-------     8------- k=  0.21930000
 time elapsed:   32.185270000000003     
  
-------     9------- k=  0.24920000
 time elapsed:   16.060068999999999     
  
-------    10------- k=  0.27910000
 time elapsed:   21.948302000000012     
  
-------    11------- k=  0.30900000
 time elapsed:   22.787126000000001     
  
-------    12------- k=  0.33890000
 time elapsed:   21.631406000000027     
  
-------    13------- k=  0.36880000
 time elapsed:   21.014319999999998     
  
-------    14------- k=  0.39870000
 time elapsed:   21.205155999999988     
  
-------    15------- k=  0.42860000
 time elapsed:   23.740889000000038     
  
-------    16------- k=  0.45850000
 time elapsed:   28.188599999999951     
  
-------    17------- k=  0.48840000
 time elapsed:   61.237925000000018     
  
-------    18------- k=  0.51830000
 time elapsed:   26.989773000000014     
  
-------    19------- k=  0.54820000
 time elapsed:   29.731796000000031     
  
-------    20------- k=  0.57810000
 time elapsed:   40.338369000000057     
  
-------    21------- k=  0.60800000
 time elapsed:   42.437126000000035     
  
-------    22------- k=  0.63790000
 time elapsed:   23.172391000000061     
  
-------    23------- k=  0.66780000
 time elapsed:   38.637932999999975     
  
-------    24------- k=  0.69770000
 time elapsed:   65.250430000000051     
  
-------    25------- k=  0.72760000
 time elapsed:   58.423852000000011     
  
-------    26------- k=  0.75750000
 time elapsed:   57.300560000000132     
  
-------    27------- k=  0.78740000
 time elapsed:   74.358015000000023     
  
-------    28------- k=  0.81730000
 time elapsed:   58.032488000000058     
  
-------    29------- k=  0.84720000
 time elapsed:   38.633853000000045     
  
-------    30------- k=  0.87710000
 time elapsed:   37.602973000000020     
  
-------    31------- k=  0.90700000
 time elapsed:   50.472949999999855     
  
-------    32------- k=  0.93690000
 time elapsed:   99.679127000000108     
  
-------    33------- k=  0.96680000
 time elapsed:   92.419609999999921     
  
-------    34------- k=  0.99670000
 time elapsed:   67.613160000000107     
  
-------    35------- k=  1.02660000
 time elapsed:   50.555051000000049     
  
-------    36------- k=  1.05650000
 time elapsed:   66.974462999999787     
  
-------    37------- k=  1.08640000
 time elapsed:   55.900636999999961     
  
-------    38------- k=  1.11630000
 time elapsed:   47.918162000000166     
  
-------    39------- k=  1.14620000
 time elapsed:   61.721071000000165     
  
-------    40------- k=  1.17610000
 time elapsed:   81.100042000000030     
  
-------    41------- k=  1.20600000
 time elapsed:   105.12589600000001     
  
-------    42------- k=  1.23590000
 time elapsed:   61.541479999999865     
  
-------    43------- k=  1.26580000
 time elapsed:   67.209238999999798     
  
-------    44------- k=  1.29570000
 time elapsed:   68.871026000000256     
  
-------    45------- k=  1.32560000
 time elapsed:   54.589590999999928     
  
-------    46------- k=  1.35550000
 time elapsed:   55.206043000000136     
  
-------    47------- k=  1.38540000
 time elapsed:   59.389746000000287     
  
-------    48------- k=  1.41530000
 time elapsed:   137.57976899999994     
  
-------    49------- k=  1.44520000
 time elapsed:   63.772392999999738     
  
-------    50------- k=  1.47510000
 time elapsed:   66.655193000000054     
  
-------    51------- k=  1.50500000
 time elapsed:   66.161458999999923     
  
-------    52------- k=  1.53490000
 time elapsed:   72.041113999999652     
  
-------    53------- k=  1.56480000
 time elapsed:   67.216926000000058     
  
-------    54------- k=  1.59470000
 time elapsed:   54.889336000000185     
  
-------    55------- k=  1.62460000
 time elapsed:   77.128036000000066     
  
-------    56------- k=  1.65450000
 time elapsed:   104.54109800000015     
  
-------    57------- k=  1.68440000
 time elapsed:   82.222364000000198     
  
-------    58------- k=  1.71430000
 time elapsed:   88.024218999999903     
  
-------    59------- k=  1.74420000
 time elapsed:   80.382429000000229     
  
-------    60------- k=  1.77410000
 time elapsed:   78.286853999999948     
  
-------    61------- k=  1.80400000
 time elapsed:   74.425056999999924     
  
-------    62------- k=  1.83390000
 time elapsed:   82.984675000000152     
  
-------    63------- k=  1.86380000
 time elapsed:   131.85326399999985     
  
-------    64------- k=  1.89370000
 time elapsed:   162.58578200000011     
  
-------    65------- k=  1.92360000
 time elapsed:   89.757056999999804     
  
-------    66------- k=  1.95350000
 time elapsed:   68.062025000000176     
  
-------    67------- k=  1.98340000
 time elapsed:   84.589696000000004     
  
-------    68------- k=  2.01330000
 time elapsed:   91.421330000000125     
  
-------    69------- k=  2.04320000
 time elapsed:   90.716515000000072     
  
-------    70------- k=  2.07310000
 time elapsed:   101.08160099999986     
  
-------    71------- k=  2.10300000
 time elapsed:   91.073498000000654     
  
-------    72------- k=  2.13290000
 time elapsed:   97.456110000000081     
  
-------    73------- k=  2.16280000
 time elapsed:   122.83183699999972     
  
-------    74------- k=  2.19270000
 time elapsed:   100.22959700000047     
  
-------    75------- k=  2.22260000
 time elapsed:   72.887241000000358     
  
-------    76------- k=  2.25250000
 time elapsed:   88.898595000000569     
  
-------    77------- k=  2.28240000
 time elapsed:   99.085442999999941     
  
-------    78------- k=  2.31230000
 time elapsed:   95.291216999999961     
  
-------    79------- k=  2.34220000
 time elapsed:   121.79954400000042     
  
-------    80------- k=  2.37210000
 time elapsed:   113.77277700000013     
  
-------    81------- k=  2.40200000
 time elapsed:   122.23066099999960     
  
-------    82------- k=  2.43190000
 time elapsed:   92.374606000000313     
  
-------    83------- k=  2.46180000
 time elapsed:   113.38094799999999     
  
-------    84------- k=  2.49170000
 time elapsed:   119.08135599999969     
  
-------    85------- k=  2.52160000
 time elapsed:   129.14932099999987     
  
-------    86------- k=  2.55150000
 time elapsed:   137.75351800000044     
  
-------    87------- k=  2.58140000
 time elapsed:   151.89206699999977     
  
-------    88------- k=  2.61130000
 time elapsed:   117.43693399999938     
  
-------    89------- k=  2.64120000
 time elapsed:   172.78186000000005     
  
-------    90------- k=  2.67110000
 time elapsed:   117.13006399999995     
  
-------    91------- k=  2.70100000
 time elapsed:   164.21392100000048     
  
-------    92------- k=  2.73090000
 time elapsed:   195.70417799999996     
  
-------    93------- k=  2.76080000
 time elapsed:   264.54058999999961     
  
-------    94------- k=  2.79070000
 time elapsed:   218.37394500000028     
  
-------    95------- k=  2.82060000
 time elapsed:   235.94381500000054     
  
-------    96------- k=  2.85050000
 time elapsed:   295.24252999999953     
  
-------    97------- k=  2.88040000
 time elapsed:   231.28913300000022     
  
-------    98------- k=  2.91030000
 time elapsed:   531.75382300000092     
  
-------    99------- k=  2.94020000
 time elapsed:   871.64653900000121     
  
-------   100------- k=  2.97010000
 time elapsed:   295.82247900000038     

Total time elapsed(s):10005.376824000001  (min): 166.75628040000001
