 Read input data
 ...done
 Read velocity distributions from files
           1         255          64
 ...done.
  
-------     1------- k=  0.01000000
 time elapsed:   84.972495999999992     
  
-------     2------- k=  0.03990000
 time elapsed:   33.692053999999999     
  
-------     3------- k=  0.06980000
 time elapsed:   29.932781000000006     
  
-------     4------- k=  0.09970000
 time elapsed:   11.657968999999980     
  
-------     5------- k=  0.12960000
 time elapsed:   11.747084999999998     
  
-------     6------- k=  0.15950000
 time elapsed:   10.511174000000011     
  
-------     7------- k=  0.18940000
 time elapsed:   11.205972000000003     
  
-------     8------- k=  0.21930000
 time elapsed:   11.328439000000003     
  
-------     9------- k=  0.24920000
 time elapsed:   10.306453000000005     
  
-------    10------- k=  0.27910000
 time elapsed:   25.079043999999982     
  
-------    11------- k=  0.30900000
 time elapsed:   7.4885419999999954     
  
-------    12------- k=  0.33890000
 time elapsed:   8.0995970000000170     
  
-------    13------- k=  0.36880000
 time elapsed:   6.7072339999999713     
  
-------    14------- k=  0.39870000
 time elapsed:   6.3095180000000255     
  
-------    15------- k=  0.42860000
 time elapsed:   6.4564170000000445     
  
-------    16------- k=  0.45850000
 time elapsed:   5.6698879999999576     
  
-------    17------- k=  0.48840000
 time elapsed:   4.7146880000000237     
  
-------    18------- k=  0.51830000
 time elapsed:   5.5424039999999763     
  
-------    19------- k=  0.54820000
 time elapsed:   7.5483440000000428     
  
-------    20------- k=  0.57810000
 time elapsed:   8.9955219999999940     
  
-------    21------- k=  0.60800000
 time elapsed:   7.5696629999999914     
  
-------    22------- k=  0.63790000
 time elapsed:   26.438455999999974     
  
-------    23------- k=  0.66780000
 time elapsed:   4.3124040000000150     
  
-------    24------- k=  0.69770000
 time elapsed:   13.833673999999974     
  
-------    25------- k=  0.72760000
 time elapsed:   19.243936000000019     
  
-------    26------- k=  0.75750000
 time elapsed:   3.3555410000000165     
  
-------    27------- k=  0.78740000
 time elapsed:   15.686348000000010     
  
-------    28------- k=  0.81730000
 time elapsed:   8.9648359999999911     
  
-------    29------- k=  0.84720000
 time elapsed:   13.916359999999997     
  
-------    30------- k=  0.87710000
 time elapsed:   6.3654429999999707     
  
-------    31------- k=  0.90700000
 time elapsed:   13.064383000000021     
  
-------    32------- k=  0.93690000
 time elapsed:   11.972303000000011     
  
-------    33------- k=  0.96680000
 time elapsed:   10.164346999999964     
  
-------    34------- k=  0.99670000
 time elapsed:   11.182879000000014     
  
-------    35------- k=  1.02660000
 time elapsed:   8.6537250000000085     
  
-------    36------- k=  1.05650000
 time elapsed:   13.894171999999969     
  
-------    37------- k=  1.08640000
 time elapsed:   9.6982740000000263     
  
-------    38------- k=  1.11630000
 time elapsed:   11.914945999999986     
  
-------    39------- k=  1.14620000
 time elapsed:   8.1496150000000398     
  
-------    40------- k=  1.17610000
 time elapsed:   6.2851449999999431     
  
-------    41------- k=  1.20600000
 time elapsed:   7.7488670000000184     
  
-------    42------- k=  1.23590000
 time elapsed:   3.4065219999999954     
  
-------    43------- k=  1.26580000
 time elapsed:   8.8108339999999998     
  
-------    44------- k=  1.29570000
 time elapsed:   10.232607000000030     
  
-------    45------- k=  1.32560000
 time elapsed:   12.884314000000018     
  
-------    46------- k=  1.35550000
 time elapsed:   10.825340999999980     
  
-------    47------- k=  1.38540000
 time elapsed:   4.0064099999999598     
  
-------    48------- k=  1.41530000
 time elapsed:   13.556665999999950     
  
-------    49------- k=  1.44520000
 time elapsed:   5.2393600000000333     
  
-------    50------- k=  1.47510000
 time elapsed:   9.3389670000000251     
  
-------    51------- k=  1.50500000
 time elapsed:   11.195715000000064     
  
-------    52------- k=  1.53490000
 time elapsed:   21.360855999999899     
  
-------    53------- k=  1.56480000
 time elapsed:   13.118944999999940     
  
-------    54------- k=  1.59470000
 time elapsed:   8.2623580000000629     
  
-------    55------- k=  1.62460000
 time elapsed:   13.552521999999954     
  
-------    56------- k=  1.65450000
 time elapsed:   16.300342999999998     
  
-------    57------- k=  1.68440000
 time elapsed:   10.578440000000001     
  
-------    58------- k=  1.71430000
 time elapsed:   21.728617999999983     
  
-------    59------- k=  1.74420000
 time elapsed:   12.197906999999987     
  
-------    60------- k=  1.77410000
 time elapsed:   19.250818999999979     
  
-------    61------- k=  1.80400000
 time elapsed:   13.681602999999996     
  
-------    62------- k=  1.83390000
 time elapsed:   26.548280999999974     
  
-------    63------- k=  1.86380000
 time elapsed:   12.407289999999989     
  
-------    64------- k=  1.89370000
 time elapsed:   18.522875999999997     
  
-------    65------- k=  1.92360000
 time elapsed:   10.499525000000062     
  
-------    66------- k=  1.95350000
 time elapsed:   5.6121549999999161     
  
-------    67------- k=  1.98340000
 time elapsed:   6.1476400000000240     
  
-------    68------- k=  2.01330000
 time elapsed:   14.697877999999946     
  
-------    69------- k=  2.04320000
 time elapsed:   15.244271000000026     
  
-------    70------- k=  2.07310000
 time elapsed:   6.9094340000000329     
  
-------    71------- k=  2.10300000
 time elapsed:   12.038696999999956     
  
-------    72------- k=  2.13290000
 time elapsed:   17.494313000000034     
  
-------    73------- k=  2.16280000
 time elapsed:   12.168418999999972     
  
-------    74------- k=  2.19270000
 time elapsed:   23.324111000000016     
  
-------    75------- k=  2.22260000
 time elapsed:   13.821476999999959     
  
-------    76------- k=  2.25250000
 time elapsed:   18.324760999999967     
  
-------    77------- k=  2.28240000
 time elapsed:   15.840087000000040     
  
-------    78------- k=  2.31230000
 time elapsed:   15.144378999999958     
  
-------    79------- k=  2.34220000
 time elapsed:   17.165529000000106     
  
-------    80------- k=  2.37210000
 time elapsed:   12.597225999999864     
  
-------    81------- k=  2.40200000
 time elapsed:   16.458182000000079     
  
-------    82------- k=  2.43190000
 time elapsed:   16.251310999999987     
  
-------    83------- k=  2.46180000
 time elapsed:   36.690659000000096     
  
-------    84------- k=  2.49170000
 time elapsed:   17.997040999999854     
  
-------    85------- k=  2.52160000
 time elapsed:   23.615258000000040     
  
-------    86------- k=  2.55150000
 time elapsed:   6.5652210000000650     
  
-------    87------- k=  2.58140000
 time elapsed:   27.276472000000012     
  
-------    88------- k=  2.61130000
 time elapsed:   41.907606999999871     
  
-------    89------- k=  2.64120000
 time elapsed:   20.542842000000064     
  
-------    90------- k=  2.67110000
 time elapsed:   28.834661999999980     
  
-------    91------- k=  2.70100000
 time elapsed:   23.005531000000019     
  
-------    92------- k=  2.73090000
 time elapsed:   15.608323000000155     
  
-------    93------- k=  2.76080000
 time elapsed:   8.1532010000000810     
  
-------    94------- k=  2.79070000
 time elapsed:   20.667537999999922     
  
-------    95------- k=  2.82060000
 time elapsed:   19.205414000000019     
  
-------    96------- k=  2.85050000
 time elapsed:   8.4758730000000924     
  
-------    97------- k=  2.88040000
 time elapsed:   21.910595000000058     
  
-------    98------- k=  2.91030000
 time elapsed:   31.409372999999960     
  
-------    99------- k=  2.94020000
 time elapsed:   25.219428999999991     
  
-------   100------- k=  2.97010000
 time elapsed:   7.8636050000000068     

Total time elapsed(s):1472.1642980000001  (min): 24.536071633333336
